;  LST file generated by mikroListExporter - v.2.0 
; Date/Time: 6/15/2024 4:00:56 PM
;----------------------------------------------

;Address Opcode 	ASM
0x0000	0x2803      	GOTO       3
_main:
;motor.c,3 :: 		void main() {
;motor.c,4 :: 		trisb = 0x00;
0x0003	0x1683      	BSF        STATUS, 5
0x0004	0x1303      	BCF        STATUS, 6
0x0005	0x0186      	CLRF       TRISB
;motor.c,5 :: 		portb= 0x00;
0x0006	0x1283      	BCF        STATUS, 5
0x0007	0x0186      	CLRF       PORTB
;motor.c,7 :: 		while(1){
L_main0:
;motor.c,8 :: 		portb.f0=1;
0x0008	0x1406      	BSF        PORTB, 0
;motor.c,9 :: 		portb.f1=0;
0x0009	0x1086      	BCF        PORTB, 1
;motor.c,10 :: 		delay_ms(1000);
0x000A	0x300B      	MOVLW      11
0x000B	0x00FB      	MOVWF      R11
0x000C	0x3026      	MOVLW      38
0x000D	0x00FC      	MOVWF      R12
0x000E	0x305D      	MOVLW      93
0x000F	0x00FD      	MOVWF      R13
L_main2:
0x0010	0x0BFD      	DECFSZ     R13, 1
0x0011	0x2810      	GOTO       L_main2
0x0012	0x0BFC      	DECFSZ     R12, 1
0x0013	0x2810      	GOTO       L_main2
0x0014	0x0BFB      	DECFSZ     R11, 1
0x0015	0x2810      	GOTO       L_main2
0x0016	0x0000      	NOP
0x0017	0x0000      	NOP
;motor.c,12 :: 		portb.f0=0;
0x0018	0x1006      	BCF        PORTB, 0
;motor.c,13 :: 		portb.f1=0;
0x0019	0x1086      	BCF        PORTB, 1
;motor.c,14 :: 		delay_ms(500);
0x001A	0x3006      	MOVLW      6
0x001B	0x00FB      	MOVWF      R11
0x001C	0x3013      	MOVLW      19
0x001D	0x00FC      	MOVWF      R12
0x001E	0x30AD      	MOVLW      173
0x001F	0x00FD      	MOVWF      R13
L_main3:
0x0020	0x0BFD      	DECFSZ     R13, 1
0x0021	0x2820      	GOTO       L_main3
0x0022	0x0BFC      	DECFSZ     R12, 1
0x0023	0x2820      	GOTO       L_main3
0x0024	0x0BFB      	DECFSZ     R11, 1
0x0025	0x2820      	GOTO       L_main3
0x0026	0x0000      	NOP
0x0027	0x0000      	NOP
;motor.c,16 :: 		portb.f0=0;
0x0028	0x1006      	BCF        PORTB, 0
;motor.c,17 :: 		portb.f1=1;
0x0029	0x1486      	BSF        PORTB, 1
;motor.c,18 :: 		delay_ms(1000);
0x002A	0x300B      	MOVLW      11
0x002B	0x00FB      	MOVWF      R11
0x002C	0x3026      	MOVLW      38
0x002D	0x00FC      	MOVWF      R12
0x002E	0x305D      	MOVLW      93
0x002F	0x00FD      	MOVWF      R13
L_main4:
0x0030	0x0BFD      	DECFSZ     R13, 1
0x0031	0x2830      	GOTO       L_main4
0x0032	0x0BFC      	DECFSZ     R12, 1
0x0033	0x2830      	GOTO       L_main4
0x0034	0x0BFB      	DECFSZ     R11, 1
0x0035	0x2830      	GOTO       L_main4
0x0036	0x0000      	NOP
0x0037	0x0000      	NOP
;motor.c,20 :: 		portb.f0=0;
0x0038	0x1006      	BCF        PORTB, 0
;motor.c,21 :: 		portb.f1=0;
0x0039	0x1086      	BCF        PORTB, 1
;motor.c,22 :: 		delay_ms(500);
0x003A	0x3006      	MOVLW      6
0x003B	0x00FB      	MOVWF      R11
0x003C	0x3013      	MOVLW      19
0x003D	0x00FC      	MOVWF      R12
0x003E	0x30AD      	MOVLW      173
0x003F	0x00FD      	MOVWF      R13
L_main5:
0x0040	0x0BFD      	DECFSZ     R13, 1
0x0041	0x2840      	GOTO       L_main5
0x0042	0x0BFC      	DECFSZ     R12, 1
0x0043	0x2840      	GOTO       L_main5
0x0044	0x0BFB      	DECFSZ     R11, 1
0x0045	0x2840      	GOTO       L_main5
0x0046	0x0000      	NOP
0x0047	0x0000      	NOP
;motor.c,23 :: 		}
0x0048	0x2808      	GOTO       L_main0
;motor.c,24 :: 		}
L_end_main:
0x0049	0x2849      	GOTO       $+0
; end of _main
Symbol List:
//** Routines locations **
//ADDRESS    SIZE    PROCEDURE
//----------------------------------------------
0x0003      [71]    _main
//** Variables locations ** 
//ADDRESS    SIZE    VARIABLE
//----------------------------------------------
0x0000       [1]    INDF
0x0003       [1]    STATUS
0x0004       [1]    FSR
0x0006       [1]    PORTB
0x000A       [1]    PCLATH
0x0020       [2]    ___DoICPAddr
0x0070       [1]    R0
0x0071       [1]    R1
0x0072       [1]    R2
0x0073       [1]    R3
0x0074       [1]    R4
0x0075       [1]    R5
0x0076       [1]    R6
0x0077       [1]    R7
0x0078       [1]    R8
0x0079       [1]    R9
0x007A       [1]    R10
0x007B       [1]    R11
0x007C       [1]    R12
0x007D       [1]    R13
0x007E       [1]    R14
0x007F       [1]    R15
0x0086       [1]    TRISB
