;  LST file generated by mikroListExporter - v.2.0 
; Date/Time: 5/18/2024 2:48:20 PM
;----------------------------------------------

;Address Opcode 	ASM
0x0000	0x2816      	GOTO       22
_____DoICP:
;__Lib_System.c,6 :: 		
;__Lib_System.c,9 :: 		
0x0003	0x1283      	BCF        STATUS, 5
0x0004	0x1303      	BCF        STATUS, 6
0x0005	0x082B      	MOVF       ___DoICPAddr+1, 0
0x0006	0x008A      	MOVWF      PCLATH
;__Lib_System.c,10 :: 		
0x0007	0x082A      	MOVF       ___DoICPAddr, 0
0x0008	0x0082      	MOVWF      PCL
;__Lib_System.c,12 :: 		
L_end_____DoICP:
0x0009	0x0008      	RETURN
; end of _____DoICP
___CC2DW:
;__Lib_System.c,134 :: 		
;__Lib_System.c,137 :: 		
_CC2D_Loop1:
;__Lib_System.c,139 :: 		
0x000A	0x2003      	CALL       _____DoICP
0x000B	0x118A      	BCF        PCLATH, 3
0x000C	0x120A      	BCF        PCLATH, 4
;__Lib_System.c,141 :: 		
0x000D	0x0080      	MOVWF      INDF
;__Lib_System.c,142 :: 		
0x000E	0x0A84      	INCF       FSR, 1
;__Lib_System.c,143 :: 		
0x000F	0x0AAA      	INCF       ___DoICPAddr, 1
;__Lib_System.c,145 :: 		
0x0010	0x1903      	BTFSC      STATUS, 2
;__Lib_System.c,146 :: 		
0x0011	0x0AAB      	INCF       ___DoICPAddr+1, 1
;__Lib_System.c,147 :: 		
0x0012	0x03F0      	DECF       R0, 1
;__Lib_System.c,149 :: 		
0x0013	0x1D03      	BTFSS      STATUS, 2
;__Lib_System.c,150 :: 		
0x0014	0x280A      	GOTO       _CC2D_Loop1
;__Lib_System.c,152 :: 		
L_end___CC2DW:
0x0015	0x0008      	RETURN
; end of ___CC2DW
_main:
0x0016	0x303F      	MOVLW      63
0x0017	0x1283      	BCF        STATUS, 5
0x0018	0x1303      	BCF        STATUS, 6
0x0019	0x00A0      	MOVWF      _arr
0x001A	0x3006      	MOVLW      6
0x001B	0x00A1      	MOVWF      33
0x001C	0x305B      	MOVLW      91
0x001D	0x00A2      	MOVWF      34
0x001E	0x304F      	MOVLW      79
0x001F	0x00A3      	MOVWF      35
0x0020	0x3066      	MOVLW      102
0x0021	0x00A4      	MOVWF      36
0x0022	0x306D      	MOVLW      109
0x0023	0x00A5      	MOVWF      37
0x0024	0x307D      	MOVLW      125
0x0025	0x00A6      	MOVWF      38
0x0026	0x3007      	MOVLW      7
0x0027	0x00A7      	MOVWF      39
0x0028	0x307F      	MOVLW      127
0x0029	0x00A8      	MOVWF      40
0x002A	0x306F      	MOVLW      111
0x002B	0x00A9      	MOVWF      41
;multiplexer.c,2 :: 		void main() {
;multiplexer.c,3 :: 		char mplx[]={0x0E,0x0D,0x0B,0x07};
;multiplexer.c,4 :: 		trisb=0x00;
0x002C	0x1683      	BSF        STATUS, 5
0x002D	0x0186      	CLRF       TRISB
;multiplexer.c,5 :: 		trisc=0x00;
0x002E	0x0187      	CLRF       TRISC
;multiplexer.c,7 :: 		portb=0x00;
0x002F	0x1283      	BCF        STATUS, 5
0x0030	0x0186      	CLRF       PORTB
;multiplexer.c,8 :: 		portc=0xff;
0x0031	0x30FF      	MOVLW      255
0x0032	0x0087      	MOVWF      PORTC
;multiplexer.c,10 :: 		while(1){
L_main0:
;multiplexer.c,11 :: 		portc.f0=0;
0x0033	0x1007      	BCF        PORTC, 0
;multiplexer.c,12 :: 		portb=arr[1];
0x0034	0x0821      	MOVF       _arr+1, 0
0x0035	0x0086      	MOVWF      PORTB
;multiplexer.c,13 :: 		delay_ms(10);
0x0036	0x301A      	MOVLW      26
0x0037	0x00FC      	MOVWF      R12
0x0038	0x30F8      	MOVLW      248
0x0039	0x00FD      	MOVWF      R13
L_main2:
0x003A	0x0BFD      	DECFSZ     R13, 1
0x003B	0x283A      	GOTO       L_main2
0x003C	0x0BFC      	DECFSZ     R12, 1
0x003D	0x283A      	GOTO       L_main2
0x003E	0x0000      	NOP
;multiplexer.c,14 :: 		portc.f0=1;
0x003F	0x1407      	BSF        PORTC, 0
;multiplexer.c,16 :: 		portc.f1=0;
0x0040	0x1087      	BCF        PORTC, 1
;multiplexer.c,17 :: 		portb=arr[3];
0x0041	0x0823      	MOVF       _arr+3, 0
0x0042	0x0086      	MOVWF      PORTB
;multiplexer.c,18 :: 		delay_ms(10);
0x0043	0x301A      	MOVLW      26
0x0044	0x00FC      	MOVWF      R12
0x0045	0x30F8      	MOVLW      248
0x0046	0x00FD      	MOVWF      R13
L_main3:
0x0047	0x0BFD      	DECFSZ     R13, 1
0x0048	0x2847      	GOTO       L_main3
0x0049	0x0BFC      	DECFSZ     R12, 1
0x004A	0x2847      	GOTO       L_main3
0x004B	0x0000      	NOP
;multiplexer.c,19 :: 		portc.f1=1;
0x004C	0x1487      	BSF        PORTC, 1
;multiplexer.c,21 :: 		portc.f2=0;
0x004D	0x1107      	BCF        PORTC, 2
;multiplexer.c,22 :: 		portb=arr[5];;
0x004E	0x0825      	MOVF       _arr+5, 0
0x004F	0x0086      	MOVWF      PORTB
;multiplexer.c,23 :: 		delay_ms(10);
0x0050	0x301A      	MOVLW      26
0x0051	0x00FC      	MOVWF      R12
0x0052	0x30F8      	MOVLW      248
0x0053	0x00FD      	MOVWF      R13
L_main4:
0x0054	0x0BFD      	DECFSZ     R13, 1
0x0055	0x2854      	GOTO       L_main4
0x0056	0x0BFC      	DECFSZ     R12, 1
0x0057	0x2854      	GOTO       L_main4
0x0058	0x0000      	NOP
;multiplexer.c,24 :: 		portc.f2=1;
0x0059	0x1507      	BSF        PORTC, 2
;multiplexer.c,26 :: 		portc.f3=0;
0x005A	0x1187      	BCF        PORTC, 3
;multiplexer.c,27 :: 		portb=arr[7];
0x005B	0x0827      	MOVF       _arr+7, 0
0x005C	0x0086      	MOVWF      PORTB
;multiplexer.c,28 :: 		delay_ms(10);
0x005D	0x301A      	MOVLW      26
0x005E	0x00FC      	MOVWF      R12
0x005F	0x30F8      	MOVLW      248
0x0060	0x00FD      	MOVWF      R13
L_main5:
0x0061	0x0BFD      	DECFSZ     R13, 1
0x0062	0x2861      	GOTO       L_main5
0x0063	0x0BFC      	DECFSZ     R12, 1
0x0064	0x2861      	GOTO       L_main5
0x0065	0x0000      	NOP
;multiplexer.c,29 :: 		portc.f3=1;
0x0066	0x1587      	BSF        PORTC, 3
;multiplexer.c,30 :: 		portc.f0=0;
0x0067	0x1007      	BCF        PORTC, 0
;multiplexer.c,31 :: 		portb=arr[1];
0x0068	0x0821      	MOVF       _arr+1, 0
0x0069	0x0086      	MOVWF      PORTB
;multiplexer.c,32 :: 		delay_ms(10);
0x006A	0x301A      	MOVLW      26
0x006B	0x00FC      	MOVWF      R12
0x006C	0x30F8      	MOVLW      248
0x006D	0x00FD      	MOVWF      R13
L_main6:
0x006E	0x0BFD      	DECFSZ     R13, 1
0x006F	0x286E      	GOTO       L_main6
0x0070	0x0BFC      	DECFSZ     R12, 1
0x0071	0x286E      	GOTO       L_main6
0x0072	0x0000      	NOP
;multiplexer.c,33 :: 		portc.f0=1;
0x0073	0x1407      	BSF        PORTC, 0
;multiplexer.c,35 :: 		portc.f1=0;
0x0074	0x1087      	BCF        PORTC, 1
;multiplexer.c,36 :: 		portb=arr[3];
0x0075	0x0823      	MOVF       _arr+3, 0
0x0076	0x0086      	MOVWF      PORTB
;multiplexer.c,37 :: 		delay_ms(10);
0x0077	0x301A      	MOVLW      26
0x0078	0x00FC      	MOVWF      R12
0x0079	0x30F8      	MOVLW      248
0x007A	0x00FD      	MOVWF      R13
L_main7:
0x007B	0x0BFD      	DECFSZ     R13, 1
0x007C	0x287B      	GOTO       L_main7
0x007D	0x0BFC      	DECFSZ     R12, 1
0x007E	0x287B      	GOTO       L_main7
0x007F	0x0000      	NOP
;multiplexer.c,38 :: 		portc.f1=1;
0x0080	0x1487      	BSF        PORTC, 1
;multiplexer.c,40 :: 		portc.f2=0;
0x0081	0x1107      	BCF        PORTC, 2
;multiplexer.c,41 :: 		portb=arr[5];;
0x0082	0x0825      	MOVF       _arr+5, 0
0x0083	0x0086      	MOVWF      PORTB
;multiplexer.c,42 :: 		delay_ms(10);
0x0084	0x301A      	MOVLW      26
0x0085	0x00FC      	MOVWF      R12
0x0086	0x30F8      	MOVLW      248
0x0087	0x00FD      	MOVWF      R13
L_main8:
0x0088	0x0BFD      	DECFSZ     R13, 1
0x0089	0x2888      	GOTO       L_main8
0x008A	0x0BFC      	DECFSZ     R12, 1
0x008B	0x2888      	GOTO       L_main8
0x008C	0x0000      	NOP
;multiplexer.c,43 :: 		portc.f2=1;
0x008D	0x1507      	BSF        PORTC, 2
;multiplexer.c,45 :: 		portc.f3=0;
0x008E	0x1187      	BCF        PORTC, 3
;multiplexer.c,46 :: 		portb=arr[7];
0x008F	0x0827      	MOVF       _arr+7, 0
0x0090	0x0086      	MOVWF      PORTB
;multiplexer.c,47 :: 		delay_ms(10);
0x0091	0x301A      	MOVLW      26
0x0092	0x00FC      	MOVWF      R12
0x0093	0x30F8      	MOVLW      248
0x0094	0x00FD      	MOVWF      R13
L_main9:
0x0095	0x0BFD      	DECFSZ     R13, 1
0x0096	0x2895      	GOTO       L_main9
0x0097	0x0BFC      	DECFSZ     R12, 1
0x0098	0x2895      	GOTO       L_main9
0x0099	0x0000      	NOP
;multiplexer.c,48 :: 		portc.f3=1;portc.f0=0;
0x009A	0x1587      	BSF        PORTC, 3
0x009B	0x1007      	BCF        PORTC, 0
;multiplexer.c,49 :: 		portb=arr[1];
0x009C	0x0821      	MOVF       _arr+1, 0
0x009D	0x0086      	MOVWF      PORTB
;multiplexer.c,50 :: 		delay_ms(10);
0x009E	0x301A      	MOVLW      26
0x009F	0x00FC      	MOVWF      R12
0x00A0	0x30F8      	MOVLW      248
0x00A1	0x00FD      	MOVWF      R13
L_main10:
0x00A2	0x0BFD      	DECFSZ     R13, 1
0x00A3	0x28A2      	GOTO       L_main10
0x00A4	0x0BFC      	DECFSZ     R12, 1
0x00A5	0x28A2      	GOTO       L_main10
0x00A6	0x0000      	NOP
;multiplexer.c,51 :: 		portc.f0=1;
0x00A7	0x1407      	BSF        PORTC, 0
;multiplexer.c,53 :: 		portc.f1=0;
0x00A8	0x1087      	BCF        PORTC, 1
;multiplexer.c,54 :: 		portb=arr[3];
0x00A9	0x0823      	MOVF       _arr+3, 0
0x00AA	0x0086      	MOVWF      PORTB
;multiplexer.c,55 :: 		delay_ms(10);
0x00AB	0x301A      	MOVLW      26
0x00AC	0x00FC      	MOVWF      R12
0x00AD	0x30F8      	MOVLW      248
0x00AE	0x00FD      	MOVWF      R13
L_main11:
0x00AF	0x0BFD      	DECFSZ     R13, 1
0x00B0	0x28AF      	GOTO       L_main11
0x00B1	0x0BFC      	DECFSZ     R12, 1
0x00B2	0x28AF      	GOTO       L_main11
0x00B3	0x0000      	NOP
;multiplexer.c,56 :: 		portc.f1=1;
0x00B4	0x1487      	BSF        PORTC, 1
;multiplexer.c,58 :: 		portc.f2=0;
0x00B5	0x1107      	BCF        PORTC, 2
;multiplexer.c,59 :: 		portb=arr[5];;
0x00B6	0x0825      	MOVF       _arr+5, 0
0x00B7	0x0086      	MOVWF      PORTB
;multiplexer.c,60 :: 		delay_ms(10);
0x00B8	0x301A      	MOVLW      26
0x00B9	0x00FC      	MOVWF      R12
0x00BA	0x30F8      	MOVLW      248
0x00BB	0x00FD      	MOVWF      R13
L_main12:
0x00BC	0x0BFD      	DECFSZ     R13, 1
0x00BD	0x28BC      	GOTO       L_main12
0x00BE	0x0BFC      	DECFSZ     R12, 1
0x00BF	0x28BC      	GOTO       L_main12
0x00C0	0x0000      	NOP
;multiplexer.c,61 :: 		portc.f2=1;
0x00C1	0x1507      	BSF        PORTC, 2
;multiplexer.c,63 :: 		portc.f3=0;
0x00C2	0x1187      	BCF        PORTC, 3
;multiplexer.c,64 :: 		portb=arr[7];
0x00C3	0x0827      	MOVF       _arr+7, 0
0x00C4	0x0086      	MOVWF      PORTB
;multiplexer.c,65 :: 		delay_ms(10);
0x00C5	0x301A      	MOVLW      26
0x00C6	0x00FC      	MOVWF      R12
0x00C7	0x30F8      	MOVLW      248
0x00C8	0x00FD      	MOVWF      R13
L_main13:
0x00C9	0x0BFD      	DECFSZ     R13, 1
0x00CA	0x28C9      	GOTO       L_main13
0x00CB	0x0BFC      	DECFSZ     R12, 1
0x00CC	0x28C9      	GOTO       L_main13
0x00CD	0x0000      	NOP
;multiplexer.c,66 :: 		portc.f3=1;portc.f0=0;
0x00CE	0x1587      	BSF        PORTC, 3
0x00CF	0x1007      	BCF        PORTC, 0
;multiplexer.c,67 :: 		portb=arr[1];
0x00D0	0x0821      	MOVF       _arr+1, 0
0x00D1	0x0086      	MOVWF      PORTB
;multiplexer.c,68 :: 		delay_ms(10);
0x00D2	0x301A      	MOVLW      26
0x00D3	0x00FC      	MOVWF      R12
0x00D4	0x30F8      	MOVLW      248
0x00D5	0x00FD      	MOVWF      R13
L_main14:
0x00D6	0x0BFD      	DECFSZ     R13, 1
0x00D7	0x28D6      	GOTO       L_main14
0x00D8	0x0BFC      	DECFSZ     R12, 1
0x00D9	0x28D6      	GOTO       L_main14
0x00DA	0x0000      	NOP
;multiplexer.c,69 :: 		portc.f0=1;
0x00DB	0x1407      	BSF        PORTC, 0
;multiplexer.c,71 :: 		portc.f1=0;
0x00DC	0x1087      	BCF        PORTC, 1
;multiplexer.c,72 :: 		portb=arr[3];
0x00DD	0x0823      	MOVF       _arr+3, 0
0x00DE	0x0086      	MOVWF      PORTB
;multiplexer.c,73 :: 		delay_ms(10);
0x00DF	0x301A      	MOVLW      26
0x00E0	0x00FC      	MOVWF      R12
0x00E1	0x30F8      	MOVLW      248
0x00E2	0x00FD      	MOVWF      R13
L_main15:
0x00E3	0x0BFD      	DECFSZ     R13, 1
0x00E4	0x28E3      	GOTO       L_main15
0x00E5	0x0BFC      	DECFSZ     R12, 1
0x00E6	0x28E3      	GOTO       L_main15
0x00E7	0x0000      	NOP
;multiplexer.c,74 :: 		portc.f1=1;
0x00E8	0x1487      	BSF        PORTC, 1
;multiplexer.c,76 :: 		portc.f2=0;
0x00E9	0x1107      	BCF        PORTC, 2
;multiplexer.c,77 :: 		portb=arr[5];;
0x00EA	0x0825      	MOVF       _arr+5, 0
0x00EB	0x0086      	MOVWF      PORTB
;multiplexer.c,78 :: 		delay_ms(10);
0x00EC	0x301A      	MOVLW      26
0x00ED	0x00FC      	MOVWF      R12
0x00EE	0x30F8      	MOVLW      248
0x00EF	0x00FD      	MOVWF      R13
L_main16:
0x00F0	0x0BFD      	DECFSZ     R13, 1
0x00F1	0x28F0      	GOTO       L_main16
0x00F2	0x0BFC      	DECFSZ     R12, 1
0x00F3	0x28F0      	GOTO       L_main16
0x00F4	0x0000      	NOP
;multiplexer.c,79 :: 		portc.f2=1;
0x00F5	0x1507      	BSF        PORTC, 2
;multiplexer.c,81 :: 		portc.f3=0;
0x00F6	0x1187      	BCF        PORTC, 3
;multiplexer.c,82 :: 		portb=arr[7];
0x00F7	0x0827      	MOVF       _arr+7, 0
0x00F8	0x0086      	MOVWF      PORTB
;multiplexer.c,83 :: 		delay_ms(10);
0x00F9	0x301A      	MOVLW      26
0x00FA	0x00FC      	MOVWF      R12
0x00FB	0x30F8      	MOVLW      248
0x00FC	0x00FD      	MOVWF      R13
L_main17:
0x00FD	0x0BFD      	DECFSZ     R13, 1
0x00FE	0x28FD      	GOTO       L_main17
0x00FF	0x0BFC      	DECFSZ     R12, 1
0x0100	0x28FD      	GOTO       L_main17
0x0101	0x0000      	NOP
;multiplexer.c,84 :: 		portc.f3=1;portc.f0=0;
0x0102	0x1587      	BSF        PORTC, 3
0x0103	0x1007      	BCF        PORTC, 0
;multiplexer.c,85 :: 		portb=arr[1];
0x0104	0x0821      	MOVF       _arr+1, 0
0x0105	0x0086      	MOVWF      PORTB
;multiplexer.c,86 :: 		delay_ms(10);
0x0106	0x301A      	MOVLW      26
0x0107	0x00FC      	MOVWF      R12
0x0108	0x30F8      	MOVLW      248
0x0109	0x00FD      	MOVWF      R13
L_main18:
0x010A	0x0BFD      	DECFSZ     R13, 1
0x010B	0x290A      	GOTO       L_main18
0x010C	0x0BFC      	DECFSZ     R12, 1
0x010D	0x290A      	GOTO       L_main18
0x010E	0x0000      	NOP
;multiplexer.c,87 :: 		portc.f0=1;
0x010F	0x1407      	BSF        PORTC, 0
;multiplexer.c,89 :: 		portc.f1=0;
0x0110	0x1087      	BCF        PORTC, 1
;multiplexer.c,90 :: 		portb=arr[3];
0x0111	0x0823      	MOVF       _arr+3, 0
0x0112	0x0086      	MOVWF      PORTB
;multiplexer.c,91 :: 		delay_ms(10);
0x0113	0x301A      	MOVLW      26
0x0114	0x00FC      	MOVWF      R12
0x0115	0x30F8      	MOVLW      248
0x0116	0x00FD      	MOVWF      R13
L_main19:
0x0117	0x0BFD      	DECFSZ     R13, 1
0x0118	0x2917      	GOTO       L_main19
0x0119	0x0BFC      	DECFSZ     R12, 1
0x011A	0x2917      	GOTO       L_main19
0x011B	0x0000      	NOP
;multiplexer.c,92 :: 		portc.f1=1;
0x011C	0x1487      	BSF        PORTC, 1
;multiplexer.c,94 :: 		portc.f2=0;
0x011D	0x1107      	BCF        PORTC, 2
;multiplexer.c,95 :: 		portb=arr[5];;
0x011E	0x0825      	MOVF       _arr+5, 0
0x011F	0x0086      	MOVWF      PORTB
;multiplexer.c,96 :: 		delay_ms(10);
0x0120	0x301A      	MOVLW      26
0x0121	0x00FC      	MOVWF      R12
0x0122	0x30F8      	MOVLW      248
0x0123	0x00FD      	MOVWF      R13
L_main20:
0x0124	0x0BFD      	DECFSZ     R13, 1
0x0125	0x2924      	GOTO       L_main20
0x0126	0x0BFC      	DECFSZ     R12, 1
0x0127	0x2924      	GOTO       L_main20
0x0128	0x0000      	NOP
;multiplexer.c,97 :: 		portc.f2=1;
0x0129	0x1507      	BSF        PORTC, 2
;multiplexer.c,99 :: 		portc.f3=0;
0x012A	0x1187      	BCF        PORTC, 3
;multiplexer.c,100 :: 		portb=arr[7];
0x012B	0x0827      	MOVF       _arr+7, 0
0x012C	0x0086      	MOVWF      PORTB
;multiplexer.c,101 :: 		delay_ms(10);
0x012D	0x301A      	MOVLW      26
0x012E	0x00FC      	MOVWF      R12
0x012F	0x30F8      	MOVLW      248
0x0130	0x00FD      	MOVWF      R13
L_main21:
0x0131	0x0BFD      	DECFSZ     R13, 1
0x0132	0x2931      	GOTO       L_main21
0x0133	0x0BFC      	DECFSZ     R12, 1
0x0134	0x2931      	GOTO       L_main21
0x0135	0x0000      	NOP
;multiplexer.c,102 :: 		portc.f3=1;portc.f0=0;
0x0136	0x1587      	BSF        PORTC, 3
0x0137	0x1007      	BCF        PORTC, 0
;multiplexer.c,103 :: 		portb=arr[1];
0x0138	0x0821      	MOVF       _arr+1, 0
0x0139	0x0086      	MOVWF      PORTB
;multiplexer.c,104 :: 		delay_ms(10);
0x013A	0x301A      	MOVLW      26
0x013B	0x00FC      	MOVWF      R12
0x013C	0x30F8      	MOVLW      248
0x013D	0x00FD      	MOVWF      R13
L_main22:
0x013E	0x0BFD      	DECFSZ     R13, 1
0x013F	0x293E      	GOTO       L_main22
0x0140	0x0BFC      	DECFSZ     R12, 1
0x0141	0x293E      	GOTO       L_main22
0x0142	0x0000      	NOP
;multiplexer.c,105 :: 		portc.f0=1;
0x0143	0x1407      	BSF        PORTC, 0
;multiplexer.c,107 :: 		portc.f1=0;
0x0144	0x1087      	BCF        PORTC, 1
;multiplexer.c,108 :: 		portb=arr[3];
0x0145	0x0823      	MOVF       _arr+3, 0
0x0146	0x0086      	MOVWF      PORTB
;multiplexer.c,109 :: 		delay_ms(10);
0x0147	0x301A      	MOVLW      26
0x0148	0x00FC      	MOVWF      R12
0x0149	0x30F8      	MOVLW      248
0x014A	0x00FD      	MOVWF      R13
L_main23:
0x014B	0x0BFD      	DECFSZ     R13, 1
0x014C	0x294B      	GOTO       L_main23
0x014D	0x0BFC      	DECFSZ     R12, 1
0x014E	0x294B      	GOTO       L_main23
0x014F	0x0000      	NOP
;multiplexer.c,110 :: 		portc.f1=1;
0x0150	0x1487      	BSF        PORTC, 1
;multiplexer.c,112 :: 		portc.f2=0;
0x0151	0x1107      	BCF        PORTC, 2
;multiplexer.c,113 :: 		portb=arr[5];;
0x0152	0x0825      	MOVF       _arr+5, 0
0x0153	0x0086      	MOVWF      PORTB
;multiplexer.c,114 :: 		delay_ms(10);
0x0154	0x301A      	MOVLW      26
0x0155	0x00FC      	MOVWF      R12
0x0156	0x30F8      	MOVLW      248
0x0157	0x00FD      	MOVWF      R13
L_main24:
0x0158	0x0BFD      	DECFSZ     R13, 1
0x0159	0x2958      	GOTO       L_main24
0x015A	0x0BFC      	DECFSZ     R12, 1
0x015B	0x2958      	GOTO       L_main24
0x015C	0x0000      	NOP
;multiplexer.c,115 :: 		portc.f2=1;
0x015D	0x1507      	BSF        PORTC, 2
;multiplexer.c,117 :: 		portc.f3=0;
0x015E	0x1187      	BCF        PORTC, 3
;multiplexer.c,118 :: 		portb=arr[7];
0x015F	0x0827      	MOVF       _arr+7, 0
0x0160	0x0086      	MOVWF      PORTB
;multiplexer.c,119 :: 		delay_ms(10);
0x0161	0x301A      	MOVLW      26
0x0162	0x00FC      	MOVWF      R12
0x0163	0x30F8      	MOVLW      248
0x0164	0x00FD      	MOVWF      R13
L_main25:
0x0165	0x0BFD      	DECFSZ     R13, 1
0x0166	0x2965      	GOTO       L_main25
0x0167	0x0BFC      	DECFSZ     R12, 1
0x0168	0x2965      	GOTO       L_main25
0x0169	0x0000      	NOP
;multiplexer.c,120 :: 		portc.f3=1;portc.f0=0;
0x016A	0x1587      	BSF        PORTC, 3
0x016B	0x1007      	BCF        PORTC, 0
;multiplexer.c,121 :: 		portb=arr[1];
0x016C	0x0821      	MOVF       _arr+1, 0
0x016D	0x0086      	MOVWF      PORTB
;multiplexer.c,122 :: 		delay_ms(10);
0x016E	0x301A      	MOVLW      26
0x016F	0x00FC      	MOVWF      R12
0x0170	0x30F8      	MOVLW      248
0x0171	0x00FD      	MOVWF      R13
L_main26:
0x0172	0x0BFD      	DECFSZ     R13, 1
0x0173	0x2972      	GOTO       L_main26
0x0174	0x0BFC      	DECFSZ     R12, 1
0x0175	0x2972      	GOTO       L_main26
0x0176	0x0000      	NOP
;multiplexer.c,123 :: 		portc.f0=1;
0x0177	0x1407      	BSF        PORTC, 0
;multiplexer.c,125 :: 		portc.f1=0;
0x0178	0x1087      	BCF        PORTC, 1
;multiplexer.c,126 :: 		portb=arr[3];
0x0179	0x0823      	MOVF       _arr+3, 0
0x017A	0x0086      	MOVWF      PORTB
;multiplexer.c,127 :: 		delay_ms(10);
0x017B	0x301A      	MOVLW      26
0x017C	0x00FC      	MOVWF      R12
0x017D	0x30F8      	MOVLW      248
0x017E	0x00FD      	MOVWF      R13
L_main27:
0x017F	0x0BFD      	DECFSZ     R13, 1
0x0180	0x297F      	GOTO       L_main27
0x0181	0x0BFC      	DECFSZ     R12, 1
0x0182	0x297F      	GOTO       L_main27
0x0183	0x0000      	NOP
;multiplexer.c,128 :: 		portc.f1=1;
0x0184	0x1487      	BSF        PORTC, 1
;multiplexer.c,130 :: 		portc.f2=0;
0x0185	0x1107      	BCF        PORTC, 2
;multiplexer.c,131 :: 		portb=arr[5];;
0x0186	0x0825      	MOVF       _arr+5, 0
0x0187	0x0086      	MOVWF      PORTB
;multiplexer.c,132 :: 		delay_ms(10);
0x0188	0x301A      	MOVLW      26
0x0189	0x00FC      	MOVWF      R12
0x018A	0x30F8      	MOVLW      248
0x018B	0x00FD      	MOVWF      R13
L_main28:
0x018C	0x0BFD      	DECFSZ     R13, 1
0x018D	0x298C      	GOTO       L_main28
0x018E	0x0BFC      	DECFSZ     R12, 1
0x018F	0x298C      	GOTO       L_main28
0x0190	0x0000      	NOP
;multiplexer.c,133 :: 		portc.f2=1;
0x0191	0x1507      	BSF        PORTC, 2
;multiplexer.c,135 :: 		portc.f3=0;
0x0192	0x1187      	BCF        PORTC, 3
;multiplexer.c,136 :: 		portb=arr[7];
0x0193	0x0827      	MOVF       _arr+7, 0
0x0194	0x0086      	MOVWF      PORTB
;multiplexer.c,137 :: 		delay_ms(10);
0x0195	0x301A      	MOVLW      26
0x0196	0x00FC      	MOVWF      R12
0x0197	0x30F8      	MOVLW      248
0x0198	0x00FD      	MOVWF      R13
L_main29:
0x0199	0x0BFD      	DECFSZ     R13, 1
0x019A	0x2999      	GOTO       L_main29
0x019B	0x0BFC      	DECFSZ     R12, 1
0x019C	0x2999      	GOTO       L_main29
0x019D	0x0000      	NOP
;multiplexer.c,138 :: 		portc.f3=1;portc.f0=0;
0x019E	0x1587      	BSF        PORTC, 3
0x019F	0x1007      	BCF        PORTC, 0
;multiplexer.c,139 :: 		portb=arr[1];
0x01A0	0x0821      	MOVF       _arr+1, 0
0x01A1	0x0086      	MOVWF      PORTB
;multiplexer.c,140 :: 		delay_ms(10);
0x01A2	0x301A      	MOVLW      26
0x01A3	0x00FC      	MOVWF      R12
0x01A4	0x30F8      	MOVLW      248
0x01A5	0x00FD      	MOVWF      R13
L_main30:
0x01A6	0x0BFD      	DECFSZ     R13, 1
0x01A7	0x29A6      	GOTO       L_main30
0x01A8	0x0BFC      	DECFSZ     R12, 1
0x01A9	0x29A6      	GOTO       L_main30
0x01AA	0x0000      	NOP
;multiplexer.c,141 :: 		portc.f0=1;
0x01AB	0x1407      	BSF        PORTC, 0
;multiplexer.c,143 :: 		portc.f1=0;
0x01AC	0x1087      	BCF        PORTC, 1
;multiplexer.c,144 :: 		portb=arr[3];
0x01AD	0x0823      	MOVF       _arr+3, 0
0x01AE	0x0086      	MOVWF      PORTB
;multiplexer.c,145 :: 		delay_ms(10);
0x01AF	0x301A      	MOVLW      26
0x01B0	0x00FC      	MOVWF      R12
0x01B1	0x30F8      	MOVLW      248
0x01B2	0x00FD      	MOVWF      R13
L_main31:
0x01B3	0x0BFD      	DECFSZ     R13, 1
0x01B4	0x29B3      	GOTO       L_main31
0x01B5	0x0BFC      	DECFSZ     R12, 1
0x01B6	0x29B3      	GOTO       L_main31
0x01B7	0x0000      	NOP
;multiplexer.c,146 :: 		portc.f1=1;
0x01B8	0x1487      	BSF        PORTC, 1
;multiplexer.c,148 :: 		portc.f2=0;
0x01B9	0x1107      	BCF        PORTC, 2
;multiplexer.c,149 :: 		portb=arr[5];;
0x01BA	0x0825      	MOVF       _arr+5, 0
0x01BB	0x0086      	MOVWF      PORTB
;multiplexer.c,150 :: 		delay_ms(10);
0x01BC	0x301A      	MOVLW      26
0x01BD	0x00FC      	MOVWF      R12
0x01BE	0x30F8      	MOVLW      248
0x01BF	0x00FD      	MOVWF      R13
L_main32:
0x01C0	0x0BFD      	DECFSZ     R13, 1
0x01C1	0x29C0      	GOTO       L_main32
0x01C2	0x0BFC      	DECFSZ     R12, 1
0x01C3	0x29C0      	GOTO       L_main32
0x01C4	0x0000      	NOP
;multiplexer.c,151 :: 		portc.f2=1;
0x01C5	0x1507      	BSF        PORTC, 2
;multiplexer.c,153 :: 		portc.f3=0;
0x01C6	0x1187      	BCF        PORTC, 3
;multiplexer.c,154 :: 		portb=arr[7];
0x01C7	0x0827      	MOVF       _arr+7, 0
0x01C8	0x0086      	MOVWF      PORTB
;multiplexer.c,155 :: 		delay_ms(10);
0x01C9	0x301A      	MOVLW      26
0x01CA	0x00FC      	MOVWF      R12
0x01CB	0x30F8      	MOVLW      248
0x01CC	0x00FD      	MOVWF      R13
L_main33:
0x01CD	0x0BFD      	DECFSZ     R13, 1
0x01CE	0x29CD      	GOTO       L_main33
0x01CF	0x0BFC      	DECFSZ     R12, 1
0x01D0	0x29CD      	GOTO       L_main33
0x01D1	0x0000      	NOP
;multiplexer.c,156 :: 		portc.f3=1;portc.f0=0;
0x01D2	0x1587      	BSF        PORTC, 3
0x01D3	0x1007      	BCF        PORTC, 0
;multiplexer.c,157 :: 		portb=arr[1];
0x01D4	0x0821      	MOVF       _arr+1, 0
0x01D5	0x0086      	MOVWF      PORTB
;multiplexer.c,158 :: 		delay_ms(10);
0x01D6	0x301A      	MOVLW      26
0x01D7	0x00FC      	MOVWF      R12
0x01D8	0x30F8      	MOVLW      248
0x01D9	0x00FD      	MOVWF      R13
L_main34:
0x01DA	0x0BFD      	DECFSZ     R13, 1
0x01DB	0x29DA      	GOTO       L_main34
0x01DC	0x0BFC      	DECFSZ     R12, 1
0x01DD	0x29DA      	GOTO       L_main34
0x01DE	0x0000      	NOP
;multiplexer.c,159 :: 		portc.f0=1;
0x01DF	0x1407      	BSF        PORTC, 0
;multiplexer.c,161 :: 		portc.f1=0;
0x01E0	0x1087      	BCF        PORTC, 1
;multiplexer.c,162 :: 		portb=arr[3];
0x01E1	0x0823      	MOVF       _arr+3, 0
0x01E2	0x0086      	MOVWF      PORTB
;multiplexer.c,163 :: 		delay_ms(10);
0x01E3	0x301A      	MOVLW      26
0x01E4	0x00FC      	MOVWF      R12
0x01E5	0x30F8      	MOVLW      248
0x01E6	0x00FD      	MOVWF      R13
L_main35:
0x01E7	0x0BFD      	DECFSZ     R13, 1
0x01E8	0x29E7      	GOTO       L_main35
0x01E9	0x0BFC      	DECFSZ     R12, 1
0x01EA	0x29E7      	GOTO       L_main35
0x01EB	0x0000      	NOP
;multiplexer.c,164 :: 		portc.f1=1;
0x01EC	0x1487      	BSF        PORTC, 1
;multiplexer.c,166 :: 		portc.f2=0;
0x01ED	0x1107      	BCF        PORTC, 2
;multiplexer.c,167 :: 		portb=arr[5];;
0x01EE	0x0825      	MOVF       _arr+5, 0
0x01EF	0x0086      	MOVWF      PORTB
;multiplexer.c,168 :: 		delay_ms(10);
0x01F0	0x301A      	MOVLW      26
0x01F1	0x00FC      	MOVWF      R12
0x01F2	0x30F8      	MOVLW      248
0x01F3	0x00FD      	MOVWF      R13
L_main36:
0x01F4	0x0BFD      	DECFSZ     R13, 1
0x01F5	0x29F4      	GOTO       L_main36
0x01F6	0x0BFC      	DECFSZ     R12, 1
0x01F7	0x29F4      	GOTO       L_main36
0x01F8	0x0000      	NOP
;multiplexer.c,169 :: 		portc.f2=1;
0x01F9	0x1507      	BSF        PORTC, 2
;multiplexer.c,171 :: 		portc.f3=0;
0x01FA	0x1187      	BCF        PORTC, 3
;multiplexer.c,172 :: 		portb=arr[7];
0x01FB	0x0827      	MOVF       _arr+7, 0
0x01FC	0x0086      	MOVWF      PORTB
;multiplexer.c,173 :: 		delay_ms(10);
0x01FD	0x301A      	MOVLW      26
0x01FE	0x00FC      	MOVWF      R12
0x01FF	0x30F8      	MOVLW      248
0x0200	0x00FD      	MOVWF      R13
L_main37:
0x0201	0x0BFD      	DECFSZ     R13, 1
0x0202	0x2A01      	GOTO       L_main37
0x0203	0x0BFC      	DECFSZ     R12, 1
0x0204	0x2A01      	GOTO       L_main37
0x0205	0x0000      	NOP
;multiplexer.c,174 :: 		portc.f3=1;portc.f0=0;
0x0206	0x1587      	BSF        PORTC, 3
0x0207	0x1007      	BCF        PORTC, 0
;multiplexer.c,175 :: 		portb=arr[1];
0x0208	0x0821      	MOVF       _arr+1, 0
0x0209	0x0086      	MOVWF      PORTB
;multiplexer.c,176 :: 		delay_ms(10);
0x020A	0x301A      	MOVLW      26
0x020B	0x00FC      	MOVWF      R12
0x020C	0x30F8      	MOVLW      248
0x020D	0x00FD      	MOVWF      R13
L_main38:
0x020E	0x0BFD      	DECFSZ     R13, 1
0x020F	0x2A0E      	GOTO       L_main38
0x0210	0x0BFC      	DECFSZ     R12, 1
0x0211	0x2A0E      	GOTO       L_main38
0x0212	0x0000      	NOP
;multiplexer.c,177 :: 		portc.f0=1;
0x0213	0x1407      	BSF        PORTC, 0
;multiplexer.c,179 :: 		portc.f1=0;
0x0214	0x1087      	BCF        PORTC, 1
;multiplexer.c,180 :: 		portb=arr[3];
0x0215	0x0823      	MOVF       _arr+3, 0
0x0216	0x0086      	MOVWF      PORTB
;multiplexer.c,181 :: 		delay_ms(10);
0x0217	0x301A      	MOVLW      26
0x0218	0x00FC      	MOVWF      R12
0x0219	0x30F8      	MOVLW      248
0x021A	0x00FD      	MOVWF      R13
L_main39:
0x021B	0x0BFD      	DECFSZ     R13, 1
0x021C	0x2A1B      	GOTO       L_main39
0x021D	0x0BFC      	DECFSZ     R12, 1
0x021E	0x2A1B      	GOTO       L_main39
0x021F	0x0000      	NOP
;multiplexer.c,182 :: 		portc.f1=1;
0x0220	0x1487      	BSF        PORTC, 1
;multiplexer.c,184 :: 		portc.f2=0;
0x0221	0x1107      	BCF        PORTC, 2
;multiplexer.c,185 :: 		portb=arr[5];;
0x0222	0x0825      	MOVF       _arr+5, 0
0x0223	0x0086      	MOVWF      PORTB
;multiplexer.c,186 :: 		delay_ms(10);
0x0224	0x301A      	MOVLW      26
0x0225	0x00FC      	MOVWF      R12
0x0226	0x30F8      	MOVLW      248
0x0227	0x00FD      	MOVWF      R13
L_main40:
0x0228	0x0BFD      	DECFSZ     R13, 1
0x0229	0x2A28      	GOTO       L_main40
0x022A	0x0BFC      	DECFSZ     R12, 1
0x022B	0x2A28      	GOTO       L_main40
0x022C	0x0000      	NOP
;multiplexer.c,187 :: 		portc.f2=1;
0x022D	0x1507      	BSF        PORTC, 2
;multiplexer.c,189 :: 		portc.f3=0;
0x022E	0x1187      	BCF        PORTC, 3
;multiplexer.c,190 :: 		portb=arr[7];
0x022F	0x0827      	MOVF       _arr+7, 0
0x0230	0x0086      	MOVWF      PORTB
;multiplexer.c,191 :: 		delay_ms(10);
0x0231	0x301A      	MOVLW      26
0x0232	0x00FC      	MOVWF      R12
0x0233	0x30F8      	MOVLW      248
0x0234	0x00FD      	MOVWF      R13
L_main41:
0x0235	0x0BFD      	DECFSZ     R13, 1
0x0236	0x2A35      	GOTO       L_main41
0x0237	0x0BFC      	DECFSZ     R12, 1
0x0238	0x2A35      	GOTO       L_main41
0x0239	0x0000      	NOP
;multiplexer.c,192 :: 		portc.f3=1;portc.f0=0;
0x023A	0x1587      	BSF        PORTC, 3
0x023B	0x1007      	BCF        PORTC, 0
;multiplexer.c,193 :: 		portb=arr[1];
0x023C	0x0821      	MOVF       _arr+1, 0
0x023D	0x0086      	MOVWF      PORTB
;multiplexer.c,194 :: 		delay_ms(10);
0x023E	0x301A      	MOVLW      26
0x023F	0x00FC      	MOVWF      R12
0x0240	0x30F8      	MOVLW      248
0x0241	0x00FD      	MOVWF      R13
L_main42:
0x0242	0x0BFD      	DECFSZ     R13, 1
0x0243	0x2A42      	GOTO       L_main42
0x0244	0x0BFC      	DECFSZ     R12, 1
0x0245	0x2A42      	GOTO       L_main42
0x0246	0x0000      	NOP
;multiplexer.c,195 :: 		portc.f0=1;
0x0247	0x1407      	BSF        PORTC, 0
;multiplexer.c,197 :: 		portc.f1=0;
0x0248	0x1087      	BCF        PORTC, 1
;multiplexer.c,198 :: 		portb=arr[3];
0x0249	0x0823      	MOVF       _arr+3, 0
0x024A	0x0086      	MOVWF      PORTB
;multiplexer.c,199 :: 		delay_ms(10);
0x024B	0x301A      	MOVLW      26
0x024C	0x00FC      	MOVWF      R12
0x024D	0x30F8      	MOVLW      248
0x024E	0x00FD      	MOVWF      R13
L_main43:
0x024F	0x0BFD      	DECFSZ     R13, 1
0x0250	0x2A4F      	GOTO       L_main43
0x0251	0x0BFC      	DECFSZ     R12, 1
0x0252	0x2A4F      	GOTO       L_main43
0x0253	0x0000      	NOP
;multiplexer.c,200 :: 		portc.f1=1;
0x0254	0x1487      	BSF        PORTC, 1
;multiplexer.c,202 :: 		portc.f2=0;
0x0255	0x1107      	BCF        PORTC, 2
;multiplexer.c,203 :: 		portb=arr[5];;
0x0256	0x0825      	MOVF       _arr+5, 0
0x0257	0x0086      	MOVWF      PORTB
;multiplexer.c,204 :: 		delay_ms(10);
0x0258	0x301A      	MOVLW      26
0x0259	0x00FC      	MOVWF      R12
0x025A	0x30F8      	MOVLW      248
0x025B	0x00FD      	MOVWF      R13
L_main44:
0x025C	0x0BFD      	DECFSZ     R13, 1
0x025D	0x2A5C      	GOTO       L_main44
0x025E	0x0BFC      	DECFSZ     R12, 1
0x025F	0x2A5C      	GOTO       L_main44
0x0260	0x0000      	NOP
;multiplexer.c,205 :: 		portc.f2=1;
0x0261	0x1507      	BSF        PORTC, 2
;multiplexer.c,207 :: 		portc.f3=0;
0x0262	0x1187      	BCF        PORTC, 3
;multiplexer.c,208 :: 		portb=arr[7];
0x0263	0x0827      	MOVF       _arr+7, 0
0x0264	0x0086      	MOVWF      PORTB
;multiplexer.c,209 :: 		delay_ms(10);
0x0265	0x301A      	MOVLW      26
0x0266	0x00FC      	MOVWF      R12
0x0267	0x30F8      	MOVLW      248
0x0268	0x00FD      	MOVWF      R13
L_main45:
0x0269	0x0BFD      	DECFSZ     R13, 1
0x026A	0x2A69      	GOTO       L_main45
0x026B	0x0BFC      	DECFSZ     R12, 1
0x026C	0x2A69      	GOTO       L_main45
0x026D	0x0000      	NOP
;multiplexer.c,210 :: 		portc.f3=1;portc.f0=0;
0x026E	0x1587      	BSF        PORTC, 3
0x026F	0x1007      	BCF        PORTC, 0
;multiplexer.c,211 :: 		portb=arr[1];
0x0270	0x0821      	MOVF       _arr+1, 0
0x0271	0x0086      	MOVWF      PORTB
;multiplexer.c,212 :: 		delay_ms(10);
0x0272	0x301A      	MOVLW      26
0x0273	0x00FC      	MOVWF      R12
0x0274	0x30F8      	MOVLW      248
0x0275	0x00FD      	MOVWF      R13
L_main46:
0x0276	0x0BFD      	DECFSZ     R13, 1
0x0277	0x2A76      	GOTO       L_main46
0x0278	0x0BFC      	DECFSZ     R12, 1
0x0279	0x2A76      	GOTO       L_main46
0x027A	0x0000      	NOP
;multiplexer.c,213 :: 		portc.f0=1;
0x027B	0x1407      	BSF        PORTC, 0
;multiplexer.c,215 :: 		portc.f1=0;
0x027C	0x1087      	BCF        PORTC, 1
;multiplexer.c,216 :: 		portb=arr[3];
0x027D	0x0823      	MOVF       _arr+3, 0
0x027E	0x0086      	MOVWF      PORTB
;multiplexer.c,217 :: 		delay_ms(10);
0x027F	0x301A      	MOVLW      26
0x0280	0x00FC      	MOVWF      R12
0x0281	0x30F8      	MOVLW      248
0x0282	0x00FD      	MOVWF      R13
L_main47:
0x0283	0x0BFD      	DECFSZ     R13, 1
0x0284	0x2A83      	GOTO       L_main47
0x0285	0x0BFC      	DECFSZ     R12, 1
0x0286	0x2A83      	GOTO       L_main47
0x0287	0x0000      	NOP
;multiplexer.c,218 :: 		portc.f1=1;
0x0288	0x1487      	BSF        PORTC, 1
;multiplexer.c,220 :: 		portc.f2=0;
0x0289	0x1107      	BCF        PORTC, 2
;multiplexer.c,221 :: 		portb=arr[5];;
0x028A	0x0825      	MOVF       _arr+5, 0
0x028B	0x0086      	MOVWF      PORTB
;multiplexer.c,222 :: 		delay_ms(10);
0x028C	0x301A      	MOVLW      26
0x028D	0x00FC      	MOVWF      R12
0x028E	0x30F8      	MOVLW      248
0x028F	0x00FD      	MOVWF      R13
L_main48:
0x0290	0x0BFD      	DECFSZ     R13, 1
0x0291	0x2A90      	GOTO       L_main48
0x0292	0x0BFC      	DECFSZ     R12, 1
0x0293	0x2A90      	GOTO       L_main48
0x0294	0x0000      	NOP
;multiplexer.c,223 :: 		portc.f2=1;
0x0295	0x1507      	BSF        PORTC, 2
;multiplexer.c,225 :: 		portc.f3=0;
0x0296	0x1187      	BCF        PORTC, 3
;multiplexer.c,226 :: 		portb=arr[7];
0x0297	0x0827      	MOVF       _arr+7, 0
0x0298	0x0086      	MOVWF      PORTB
;multiplexer.c,227 :: 		delay_ms(10);
0x0299	0x301A      	MOVLW      26
0x029A	0x00FC      	MOVWF      R12
0x029B	0x30F8      	MOVLW      248
0x029C	0x00FD      	MOVWF      R13
L_main49:
0x029D	0x0BFD      	DECFSZ     R13, 1
0x029E	0x2A9D      	GOTO       L_main49
0x029F	0x0BFC      	DECFSZ     R12, 1
0x02A0	0x2A9D      	GOTO       L_main49
0x02A1	0x0000      	NOP
;multiplexer.c,228 :: 		portc.f3=1;portc.f0=0;
0x02A2	0x1587      	BSF        PORTC, 3
0x02A3	0x1007      	BCF        PORTC, 0
;multiplexer.c,229 :: 		portb=arr[1];
0x02A4	0x0821      	MOVF       _arr+1, 0
0x02A5	0x0086      	MOVWF      PORTB
;multiplexer.c,230 :: 		delay_ms(10);
0x02A6	0x301A      	MOVLW      26
0x02A7	0x00FC      	MOVWF      R12
0x02A8	0x30F8      	MOVLW      248
0x02A9	0x00FD      	MOVWF      R13
L_main50:
0x02AA	0x0BFD      	DECFSZ     R13, 1
0x02AB	0x2AAA      	GOTO       L_main50
0x02AC	0x0BFC      	DECFSZ     R12, 1
0x02AD	0x2AAA      	GOTO       L_main50
0x02AE	0x0000      	NOP
;multiplexer.c,231 :: 		portc.f0=1;
0x02AF	0x1407      	BSF        PORTC, 0
;multiplexer.c,233 :: 		portc.f1=0;
0x02B0	0x1087      	BCF        PORTC, 1
;multiplexer.c,234 :: 		portb=arr[3];
0x02B1	0x0823      	MOVF       _arr+3, 0
0x02B2	0x0086      	MOVWF      PORTB
;multiplexer.c,235 :: 		delay_ms(10);
0x02B3	0x301A      	MOVLW      26
0x02B4	0x00FC      	MOVWF      R12
0x02B5	0x30F8      	MOVLW      248
0x02B6	0x00FD      	MOVWF      R13
L_main51:
0x02B7	0x0BFD      	DECFSZ     R13, 1
0x02B8	0x2AB7      	GOTO       L_main51
0x02B9	0x0BFC      	DECFSZ     R12, 1
0x02BA	0x2AB7      	GOTO       L_main51
0x02BB	0x0000      	NOP
;multiplexer.c,236 :: 		portc.f1=1;
0x02BC	0x1487      	BSF        PORTC, 1
;multiplexer.c,238 :: 		portc.f2=0;
0x02BD	0x1107      	BCF        PORTC, 2
;multiplexer.c,239 :: 		portb=arr[5];;
0x02BE	0x0825      	MOVF       _arr+5, 0
0x02BF	0x0086      	MOVWF      PORTB
;multiplexer.c,240 :: 		delay_ms(10);
0x02C0	0x301A      	MOVLW      26
0x02C1	0x00FC      	MOVWF      R12
0x02C2	0x30F8      	MOVLW      248
0x02C3	0x00FD      	MOVWF      R13
L_main52:
0x02C4	0x0BFD      	DECFSZ     R13, 1
0x02C5	0x2AC4      	GOTO       L_main52
0x02C6	0x0BFC      	DECFSZ     R12, 1
0x02C7	0x2AC4      	GOTO       L_main52
0x02C8	0x0000      	NOP
;multiplexer.c,241 :: 		portc.f2=1;
0x02C9	0x1507      	BSF        PORTC, 2
;multiplexer.c,243 :: 		portc.f3=0;
0x02CA	0x1187      	BCF        PORTC, 3
;multiplexer.c,244 :: 		portb=arr[7];
0x02CB	0x0827      	MOVF       _arr+7, 0
0x02CC	0x0086      	MOVWF      PORTB
;multiplexer.c,245 :: 		delay_ms(10);
0x02CD	0x301A      	MOVLW      26
0x02CE	0x00FC      	MOVWF      R12
0x02CF	0x30F8      	MOVLW      248
0x02D0	0x00FD      	MOVWF      R13
L_main53:
0x02D1	0x0BFD      	DECFSZ     R13, 1
0x02D2	0x2AD1      	GOTO       L_main53
0x02D3	0x0BFC      	DECFSZ     R12, 1
0x02D4	0x2AD1      	GOTO       L_main53
0x02D5	0x0000      	NOP
;multiplexer.c,246 :: 		portc.f3=1;portc.f0=0;
0x02D6	0x1587      	BSF        PORTC, 3
0x02D7	0x1007      	BCF        PORTC, 0
;multiplexer.c,247 :: 		portb=arr[1];
0x02D8	0x0821      	MOVF       _arr+1, 0
0x02D9	0x0086      	MOVWF      PORTB
;multiplexer.c,248 :: 		delay_ms(10);
0x02DA	0x301A      	MOVLW      26
0x02DB	0x00FC      	MOVWF      R12
0x02DC	0x30F8      	MOVLW      248
0x02DD	0x00FD      	MOVWF      R13
L_main54:
0x02DE	0x0BFD      	DECFSZ     R13, 1
0x02DF	0x2ADE      	GOTO       L_main54
0x02E0	0x0BFC      	DECFSZ     R12, 1
0x02E1	0x2ADE      	GOTO       L_main54
0x02E2	0x0000      	NOP
;multiplexer.c,249 :: 		portc.f0=1;
0x02E3	0x1407      	BSF        PORTC, 0
;multiplexer.c,251 :: 		portc.f1=0;
0x02E4	0x1087      	BCF        PORTC, 1
;multiplexer.c,252 :: 		portb=arr[3];
0x02E5	0x0823      	MOVF       _arr+3, 0
0x02E6	0x0086      	MOVWF      PORTB
;multiplexer.c,253 :: 		delay_ms(10);
0x02E7	0x301A      	MOVLW      26
0x02E8	0x00FC      	MOVWF      R12
0x02E9	0x30F8      	MOVLW      248
0x02EA	0x00FD      	MOVWF      R13
L_main55:
0x02EB	0x0BFD      	DECFSZ     R13, 1
0x02EC	0x2AEB      	GOTO       L_main55
0x02ED	0x0BFC      	DECFSZ     R12, 1
0x02EE	0x2AEB      	GOTO       L_main55
0x02EF	0x0000      	NOP
;multiplexer.c,254 :: 		portc.f1=1;
0x02F0	0x1487      	BSF        PORTC, 1
;multiplexer.c,256 :: 		portc.f2=0;
0x02F1	0x1107      	BCF        PORTC, 2
;multiplexer.c,257 :: 		portb=arr[5];;
0x02F2	0x0825      	MOVF       _arr+5, 0
0x02F3	0x0086      	MOVWF      PORTB
;multiplexer.c,258 :: 		delay_ms(10);
0x02F4	0x301A      	MOVLW      26
0x02F5	0x00FC      	MOVWF      R12
0x02F6	0x30F8      	MOVLW      248
0x02F7	0x00FD      	MOVWF      R13
L_main56:
0x02F8	0x0BFD      	DECFSZ     R13, 1
0x02F9	0x2AF8      	GOTO       L_main56
0x02FA	0x0BFC      	DECFSZ     R12, 1
0x02FB	0x2AF8      	GOTO       L_main56
0x02FC	0x0000      	NOP
;multiplexer.c,259 :: 		portc.f2=1;
0x02FD	0x1507      	BSF        PORTC, 2
;multiplexer.c,261 :: 		portc.f3=0;
0x02FE	0x1187      	BCF        PORTC, 3
;multiplexer.c,262 :: 		portb=arr[7];
0x02FF	0x0827      	MOVF       _arr+7, 0
0x0300	0x0086      	MOVWF      PORTB
;multiplexer.c,263 :: 		delay_ms(10);
0x0301	0x301A      	MOVLW      26
0x0302	0x00FC      	MOVWF      R12
0x0303	0x30F8      	MOVLW      248
0x0304	0x00FD      	MOVWF      R13
L_main57:
0x0305	0x0BFD      	DECFSZ     R13, 1
0x0306	0x2B05      	GOTO       L_main57
0x0307	0x0BFC      	DECFSZ     R12, 1
0x0308	0x2B05      	GOTO       L_main57
0x0309	0x0000      	NOP
;multiplexer.c,264 :: 		portc.f3=1;portc.f0=0;
0x030A	0x1587      	BSF        PORTC, 3
0x030B	0x1007      	BCF        PORTC, 0
;multiplexer.c,265 :: 		portb=arr[1];
0x030C	0x0821      	MOVF       _arr+1, 0
0x030D	0x0086      	MOVWF      PORTB
;multiplexer.c,266 :: 		delay_ms(10);
0x030E	0x301A      	MOVLW      26
0x030F	0x00FC      	MOVWF      R12
0x0310	0x30F8      	MOVLW      248
0x0311	0x00FD      	MOVWF      R13
L_main58:
0x0312	0x0BFD      	DECFSZ     R13, 1
0x0313	0x2B12      	GOTO       L_main58
0x0314	0x0BFC      	DECFSZ     R12, 1
0x0315	0x2B12      	GOTO       L_main58
0x0316	0x0000      	NOP
;multiplexer.c,267 :: 		portc.f0=1;
0x0317	0x1407      	BSF        PORTC, 0
;multiplexer.c,269 :: 		portc.f1=0;
0x0318	0x1087      	BCF        PORTC, 1
;multiplexer.c,270 :: 		portb=arr[3];
0x0319	0x0823      	MOVF       _arr+3, 0
0x031A	0x0086      	MOVWF      PORTB
;multiplexer.c,271 :: 		delay_ms(10);
0x031B	0x301A      	MOVLW      26
0x031C	0x00FC      	MOVWF      R12
0x031D	0x30F8      	MOVLW      248
0x031E	0x00FD      	MOVWF      R13
L_main59:
0x031F	0x0BFD      	DECFSZ     R13, 1
0x0320	0x2B1F      	GOTO       L_main59
0x0321	0x0BFC      	DECFSZ     R12, 1
0x0322	0x2B1F      	GOTO       L_main59
0x0323	0x0000      	NOP
;multiplexer.c,272 :: 		portc.f1=1;
0x0324	0x1487      	BSF        PORTC, 1
;multiplexer.c,274 :: 		portc.f2=0;
0x0325	0x1107      	BCF        PORTC, 2
;multiplexer.c,275 :: 		portb=arr[5];;
0x0326	0x0825      	MOVF       _arr+5, 0
0x0327	0x0086      	MOVWF      PORTB
;multiplexer.c,276 :: 		delay_ms(10);
0x0328	0x301A      	MOVLW      26
0x0329	0x00FC      	MOVWF      R12
0x032A	0x30F8      	MOVLW      248
0x032B	0x00FD      	MOVWF      R13
L_main60:
0x032C	0x0BFD      	DECFSZ     R13, 1
0x032D	0x2B2C      	GOTO       L_main60
0x032E	0x0BFC      	DECFSZ     R12, 1
0x032F	0x2B2C      	GOTO       L_main60
0x0330	0x0000      	NOP
;multiplexer.c,277 :: 		portc.f2=1;
0x0331	0x1507      	BSF        PORTC, 2
;multiplexer.c,279 :: 		portc.f3=0;
0x0332	0x1187      	BCF        PORTC, 3
;multiplexer.c,280 :: 		portb=arr[7];
0x0333	0x0827      	MOVF       _arr+7, 0
0x0334	0x0086      	MOVWF      PORTB
;multiplexer.c,281 :: 		delay_ms(10);
0x0335	0x301A      	MOVLW      26
0x0336	0x00FC      	MOVWF      R12
0x0337	0x30F8      	MOVLW      248
0x0338	0x00FD      	MOVWF      R13
L_main61:
0x0339	0x0BFD      	DECFSZ     R13, 1
0x033A	0x2B39      	GOTO       L_main61
0x033B	0x0BFC      	DECFSZ     R12, 1
0x033C	0x2B39      	GOTO       L_main61
0x033D	0x0000      	NOP
;multiplexer.c,282 :: 		portc.f3=1;portc.f0=0;
0x033E	0x1587      	BSF        PORTC, 3
0x033F	0x1007      	BCF        PORTC, 0
;multiplexer.c,283 :: 		portb=arr[1];
0x0340	0x0821      	MOVF       _arr+1, 0
0x0341	0x0086      	MOVWF      PORTB
;multiplexer.c,284 :: 		delay_ms(10);
0x0342	0x301A      	MOVLW      26
0x0343	0x00FC      	MOVWF      R12
0x0344	0x30F8      	MOVLW      248
0x0345	0x00FD      	MOVWF      R13
L_main62:
0x0346	0x0BFD      	DECFSZ     R13, 1
0x0347	0x2B46      	GOTO       L_main62
0x0348	0x0BFC      	DECFSZ     R12, 1
0x0349	0x2B46      	GOTO       L_main62
0x034A	0x0000      	NOP
;multiplexer.c,285 :: 		portc.f0=1;
0x034B	0x1407      	BSF        PORTC, 0
;multiplexer.c,287 :: 		portc.f1=0;
0x034C	0x1087      	BCF        PORTC, 1
;multiplexer.c,288 :: 		portb=arr[3];
0x034D	0x0823      	MOVF       _arr+3, 0
0x034E	0x0086      	MOVWF      PORTB
;multiplexer.c,289 :: 		delay_ms(10);
0x034F	0x301A      	MOVLW      26
0x0350	0x00FC      	MOVWF      R12
0x0351	0x30F8      	MOVLW      248
0x0352	0x00FD      	MOVWF      R13
L_main63:
0x0353	0x0BFD      	DECFSZ     R13, 1
0x0354	0x2B53      	GOTO       L_main63
0x0355	0x0BFC      	DECFSZ     R12, 1
0x0356	0x2B53      	GOTO       L_main63
0x0357	0x0000      	NOP
;multiplexer.c,290 :: 		portc.f1=1;
0x0358	0x1487      	BSF        PORTC, 1
;multiplexer.c,292 :: 		portc.f2=0;
0x0359	0x1107      	BCF        PORTC, 2
;multiplexer.c,293 :: 		portb=arr[5];;
0x035A	0x0825      	MOVF       _arr+5, 0
0x035B	0x0086      	MOVWF      PORTB
;multiplexer.c,294 :: 		delay_ms(10);
0x035C	0x301A      	MOVLW      26
0x035D	0x00FC      	MOVWF      R12
0x035E	0x30F8      	MOVLW      248
0x035F	0x00FD      	MOVWF      R13
L_main64:
0x0360	0x0BFD      	DECFSZ     R13, 1
0x0361	0x2B60      	GOTO       L_main64
0x0362	0x0BFC      	DECFSZ     R12, 1
0x0363	0x2B60      	GOTO       L_main64
0x0364	0x0000      	NOP
;multiplexer.c,295 :: 		portc.f2=1;
0x0365	0x1507      	BSF        PORTC, 2
;multiplexer.c,297 :: 		portc.f3=0;
0x0366	0x1187      	BCF        PORTC, 3
;multiplexer.c,298 :: 		portb=arr[7];
0x0367	0x0827      	MOVF       _arr+7, 0
0x0368	0x0086      	MOVWF      PORTB
;multiplexer.c,299 :: 		delay_ms(10);
0x0369	0x301A      	MOVLW      26
0x036A	0x00FC      	MOVWF      R12
0x036B	0x30F8      	MOVLW      248
0x036C	0x00FD      	MOVWF      R13
L_main65:
0x036D	0x0BFD      	DECFSZ     R13, 1
0x036E	0x2B6D      	GOTO       L_main65
0x036F	0x0BFC      	DECFSZ     R12, 1
0x0370	0x2B6D      	GOTO       L_main65
0x0371	0x0000      	NOP
;multiplexer.c,300 :: 		portc.f3=1;portc.f0=0;
0x0372	0x1587      	BSF        PORTC, 3
0x0373	0x1007      	BCF        PORTC, 0
;multiplexer.c,301 :: 		portb=arr[1];
0x0374	0x0821      	MOVF       _arr+1, 0
0x0375	0x0086      	MOVWF      PORTB
;multiplexer.c,302 :: 		delay_ms(10);
0x0376	0x301A      	MOVLW      26
0x0377	0x00FC      	MOVWF      R12
0x0378	0x30F8      	MOVLW      248
0x0379	0x00FD      	MOVWF      R13
L_main66:
0x037A	0x0BFD      	DECFSZ     R13, 1
0x037B	0x2B7A      	GOTO       L_main66
0x037C	0x0BFC      	DECFSZ     R12, 1
0x037D	0x2B7A      	GOTO       L_main66
0x037E	0x0000      	NOP
;multiplexer.c,303 :: 		portc.f0=1;
0x037F	0x1407      	BSF        PORTC, 0
;multiplexer.c,305 :: 		portc.f1=0;
0x0380	0x1087      	BCF        PORTC, 1
;multiplexer.c,306 :: 		portb=arr[3];
0x0381	0x0823      	MOVF       _arr+3, 0
0x0382	0x0086      	MOVWF      PORTB
;multiplexer.c,307 :: 		delay_ms(10);
0x0383	0x301A      	MOVLW      26
0x0384	0x00FC      	MOVWF      R12
0x0385	0x30F8      	MOVLW      248
0x0386	0x00FD      	MOVWF      R13
L_main67:
0x0387	0x0BFD      	DECFSZ     R13, 1
0x0388	0x2B87      	GOTO       L_main67
0x0389	0x0BFC      	DECFSZ     R12, 1
0x038A	0x2B87      	GOTO       L_main67
0x038B	0x0000      	NOP
;multiplexer.c,308 :: 		portc.f1=1;
0x038C	0x1487      	BSF        PORTC, 1
;multiplexer.c,310 :: 		portc.f2=0;
0x038D	0x1107      	BCF        PORTC, 2
;multiplexer.c,311 :: 		portb=arr[5];;
0x038E	0x0825      	MOVF       _arr+5, 0
0x038F	0x0086      	MOVWF      PORTB
;multiplexer.c,312 :: 		delay_ms(10);
0x0390	0x301A      	MOVLW      26
0x0391	0x00FC      	MOVWF      R12
0x0392	0x30F8      	MOVLW      248
0x0393	0x00FD      	MOVWF      R13
L_main68:
0x0394	0x0BFD      	DECFSZ     R13, 1
0x0395	0x2B94      	GOTO       L_main68
0x0396	0x0BFC      	DECFSZ     R12, 1
0x0397	0x2B94      	GOTO       L_main68
0x0398	0x0000      	NOP
;multiplexer.c,313 :: 		portc.f2=1;
0x0399	0x1507      	BSF        PORTC, 2
;multiplexer.c,315 :: 		portc.f3=0;
0x039A	0x1187      	BCF        PORTC, 3
;multiplexer.c,316 :: 		portb=arr[7];
0x039B	0x0827      	MOVF       _arr+7, 0
0x039C	0x0086      	MOVWF      PORTB
;multiplexer.c,317 :: 		delay_ms(10);
0x039D	0x301A      	MOVLW      26
0x039E	0x00FC      	MOVWF      R12
0x039F	0x30F8      	MOVLW      248
0x03A0	0x00FD      	MOVWF      R13
L_main69:
0x03A1	0x0BFD      	DECFSZ     R13, 1
0x03A2	0x2BA1      	GOTO       L_main69
0x03A3	0x0BFC      	DECFSZ     R12, 1
0x03A4	0x2BA1      	GOTO       L_main69
0x03A5	0x0000      	NOP
;multiplexer.c,318 :: 		portc.f3=1;portc.f0=0;
0x03A6	0x1587      	BSF        PORTC, 3
0x03A7	0x1007      	BCF        PORTC, 0
;multiplexer.c,319 :: 		portb=arr[1];
0x03A8	0x0821      	MOVF       _arr+1, 0
0x03A9	0x0086      	MOVWF      PORTB
;multiplexer.c,320 :: 		delay_ms(10);
0x03AA	0x301A      	MOVLW      26
0x03AB	0x00FC      	MOVWF      R12
0x03AC	0x30F8      	MOVLW      248
0x03AD	0x00FD      	MOVWF      R13
L_main70:
0x03AE	0x0BFD      	DECFSZ     R13, 1
0x03AF	0x2BAE      	GOTO       L_main70
0x03B0	0x0BFC      	DECFSZ     R12, 1
0x03B1	0x2BAE      	GOTO       L_main70
0x03B2	0x0000      	NOP
;multiplexer.c,321 :: 		portc.f0=1;
0x03B3	0x1407      	BSF        PORTC, 0
;multiplexer.c,323 :: 		portc.f1=0;
0x03B4	0x1087      	BCF        PORTC, 1
;multiplexer.c,324 :: 		portb=arr[3];
0x03B5	0x0823      	MOVF       _arr+3, 0
0x03B6	0x0086      	MOVWF      PORTB
;multiplexer.c,325 :: 		delay_ms(10);
0x03B7	0x301A      	MOVLW      26
0x03B8	0x00FC      	MOVWF      R12
0x03B9	0x30F8      	MOVLW      248
0x03BA	0x00FD      	MOVWF      R13
L_main71:
0x03BB	0x0BFD      	DECFSZ     R13, 1
0x03BC	0x2BBB      	GOTO       L_main71
0x03BD	0x0BFC      	DECFSZ     R12, 1
0x03BE	0x2BBB      	GOTO       L_main71
0x03BF	0x0000      	NOP
;multiplexer.c,326 :: 		portc.f1=1;
0x03C0	0x1487      	BSF        PORTC, 1
;multiplexer.c,328 :: 		portc.f2=0;
0x03C1	0x1107      	BCF        PORTC, 2
;multiplexer.c,329 :: 		portb=arr[5];;
0x03C2	0x0825      	MOVF       _arr+5, 0
0x03C3	0x0086      	MOVWF      PORTB
;multiplexer.c,330 :: 		delay_ms(10);
0x03C4	0x301A      	MOVLW      26
0x03C5	0x00FC      	MOVWF      R12
0x03C6	0x30F8      	MOVLW      248
0x03C7	0x00FD      	MOVWF      R13
L_main72:
0x03C8	0x0BFD      	DECFSZ     R13, 1
0x03C9	0x2BC8      	GOTO       L_main72
0x03CA	0x0BFC      	DECFSZ     R12, 1
0x03CB	0x2BC8      	GOTO       L_main72
0x03CC	0x0000      	NOP
;multiplexer.c,331 :: 		portc.f2=1;
0x03CD	0x1507      	BSF        PORTC, 2
;multiplexer.c,333 :: 		portc.f3=0;
0x03CE	0x1187      	BCF        PORTC, 3
;multiplexer.c,334 :: 		portb=arr[7];
0x03CF	0x0827      	MOVF       _arr+7, 0
0x03D0	0x0086      	MOVWF      PORTB
;multiplexer.c,335 :: 		delay_ms(10);
0x03D1	0x301A      	MOVLW      26
0x03D2	0x00FC      	MOVWF      R12
0x03D3	0x30F8      	MOVLW      248
0x03D4	0x00FD      	MOVWF      R13
L_main73:
0x03D5	0x0BFD      	DECFSZ     R13, 1
0x03D6	0x2BD5      	GOTO       L_main73
0x03D7	0x0BFC      	DECFSZ     R12, 1
0x03D8	0x2BD5      	GOTO       L_main73
0x03D9	0x0000      	NOP
;multiplexer.c,336 :: 		portc.f3=1;portc.f0=0;
0x03DA	0x1587      	BSF        PORTC, 3
0x03DB	0x1007      	BCF        PORTC, 0
;multiplexer.c,337 :: 		portb=arr[1];
0x03DC	0x0821      	MOVF       _arr+1, 0
0x03DD	0x0086      	MOVWF      PORTB
;multiplexer.c,338 :: 		delay_ms(10);
0x03DE	0x301A      	MOVLW      26
0x03DF	0x00FC      	MOVWF      R12
0x03E0	0x30F8      	MOVLW      248
0x03E1	0x00FD      	MOVWF      R13
L_main74:
0x03E2	0x0BFD      	DECFSZ     R13, 1
0x03E3	0x2BE2      	GOTO       L_main74
0x03E4	0x0BFC      	DECFSZ     R12, 1
0x03E5	0x2BE2      	GOTO       L_main74
0x03E6	0x0000      	NOP
;multiplexer.c,339 :: 		portc.f0=1;
0x03E7	0x1407      	BSF        PORTC, 0
;multiplexer.c,341 :: 		portc.f1=0;
0x03E8	0x1087      	BCF        PORTC, 1
;multiplexer.c,342 :: 		portb=arr[3];
0x03E9	0x0823      	MOVF       _arr+3, 0
0x03EA	0x0086      	MOVWF      PORTB
;multiplexer.c,343 :: 		delay_ms(10);
0x03EB	0x301A      	MOVLW      26
0x03EC	0x00FC      	MOVWF      R12
0x03ED	0x30F8      	MOVLW      248
0x03EE	0x00FD      	MOVWF      R13
L_main75:
0x03EF	0x0BFD      	DECFSZ     R13, 1
0x03F0	0x2BEF      	GOTO       L_main75
0x03F1	0x0BFC      	DECFSZ     R12, 1
0x03F2	0x2BEF      	GOTO       L_main75
0x03F3	0x0000      	NOP
;multiplexer.c,344 :: 		portc.f1=1;
0x03F4	0x1487      	BSF        PORTC, 1
;multiplexer.c,346 :: 		portc.f2=0;
0x03F5	0x1107      	BCF        PORTC, 2
;multiplexer.c,347 :: 		portb=arr[5];;
0x03F6	0x0825      	MOVF       _arr+5, 0
0x03F7	0x0086      	MOVWF      PORTB
;multiplexer.c,348 :: 		delay_ms(10);
0x03F8	0x301A      	MOVLW      26
0x03F9	0x00FC      	MOVWF      R12
0x03FA	0x30F8      	MOVLW      248
0x03FB	0x00FD      	MOVWF      R13
L_main76:
0x03FC	0x0BFD      	DECFSZ     R13, 1
0x03FD	0x2BFC      	GOTO       L_main76
0x03FE	0x0BFC      	DECFSZ     R12, 1
0x03FF	0x2BFC      	GOTO       L_main76
0x0400	0x0000      	NOP
;multiplexer.c,349 :: 		portc.f2=1;
0x0401	0x1507      	BSF        PORTC, 2
;multiplexer.c,351 :: 		portc.f3=0;
0x0402	0x1187      	BCF        PORTC, 3
;multiplexer.c,352 :: 		portb=arr[7];
0x0403	0x0827      	MOVF       _arr+7, 0
0x0404	0x0086      	MOVWF      PORTB
;multiplexer.c,353 :: 		delay_ms(10);
0x0405	0x301A      	MOVLW      26
0x0406	0x00FC      	MOVWF      R12
0x0407	0x30F8      	MOVLW      248
0x0408	0x00FD      	MOVWF      R13
L_main77:
0x0409	0x0BFD      	DECFSZ     R13, 1
0x040A	0x2C09      	GOTO       L_main77
0x040B	0x0BFC      	DECFSZ     R12, 1
0x040C	0x2C09      	GOTO       L_main77
0x040D	0x0000      	NOP
;multiplexer.c,354 :: 		portc.f3=1;portc.f0=0;
0x040E	0x1587      	BSF        PORTC, 3
0x040F	0x1007      	BCF        PORTC, 0
;multiplexer.c,355 :: 		portb=arr[1];
0x0410	0x0821      	MOVF       _arr+1, 0
0x0411	0x0086      	MOVWF      PORTB
;multiplexer.c,356 :: 		delay_ms(10);
0x0412	0x301A      	MOVLW      26
0x0413	0x00FC      	MOVWF      R12
0x0414	0x30F8      	MOVLW      248
0x0415	0x00FD      	MOVWF      R13
L_main78:
0x0416	0x0BFD      	DECFSZ     R13, 1
0x0417	0x2C16      	GOTO       L_main78
0x0418	0x0BFC      	DECFSZ     R12, 1
0x0419	0x2C16      	GOTO       L_main78
0x041A	0x0000      	NOP
;multiplexer.c,357 :: 		portc.f0=1;
0x041B	0x1407      	BSF        PORTC, 0
;multiplexer.c,359 :: 		portc.f1=0;
0x041C	0x1087      	BCF        PORTC, 1
;multiplexer.c,360 :: 		portb=arr[3];
0x041D	0x0823      	MOVF       _arr+3, 0
0x041E	0x0086      	MOVWF      PORTB
;multiplexer.c,361 :: 		delay_ms(10);
0x041F	0x301A      	MOVLW      26
0x0420	0x00FC      	MOVWF      R12
0x0421	0x30F8      	MOVLW      248
0x0422	0x00FD      	MOVWF      R13
L_main79:
0x0423	0x0BFD      	DECFSZ     R13, 1
0x0424	0x2C23      	GOTO       L_main79
0x0425	0x0BFC      	DECFSZ     R12, 1
0x0426	0x2C23      	GOTO       L_main79
0x0427	0x0000      	NOP
;multiplexer.c,362 :: 		portc.f1=1;
0x0428	0x1487      	BSF        PORTC, 1
;multiplexer.c,364 :: 		portc.f2=0;
0x0429	0x1107      	BCF        PORTC, 2
;multiplexer.c,365 :: 		portb=arr[5];;
0x042A	0x0825      	MOVF       _arr+5, 0
0x042B	0x0086      	MOVWF      PORTB
;multiplexer.c,366 :: 		delay_ms(10);
0x042C	0x301A      	MOVLW      26
0x042D	0x00FC      	MOVWF      R12
0x042E	0x30F8      	MOVLW      248
0x042F	0x00FD      	MOVWF      R13
L_main80:
0x0430	0x0BFD      	DECFSZ     R13, 1
0x0431	0x2C30      	GOTO       L_main80
0x0432	0x0BFC      	DECFSZ     R12, 1
0x0433	0x2C30      	GOTO       L_main80
0x0434	0x0000      	NOP
;multiplexer.c,367 :: 		portc.f2=1;
0x0435	0x1507      	BSF        PORTC, 2
;multiplexer.c,369 :: 		portc.f3=0;
0x0436	0x1187      	BCF        PORTC, 3
;multiplexer.c,370 :: 		portb=arr[7];
0x0437	0x0827      	MOVF       _arr+7, 0
0x0438	0x0086      	MOVWF      PORTB
;multiplexer.c,371 :: 		delay_ms(10);
0x0439	0x301A      	MOVLW      26
0x043A	0x00FC      	MOVWF      R12
0x043B	0x30F8      	MOVLW      248
0x043C	0x00FD      	MOVWF      R13
L_main81:
0x043D	0x0BFD      	DECFSZ     R13, 1
0x043E	0x2C3D      	GOTO       L_main81
0x043F	0x0BFC      	DECFSZ     R12, 1
0x0440	0x2C3D      	GOTO       L_main81
0x0441	0x0000      	NOP
;multiplexer.c,372 :: 		portc.f3=1;portc.f0=0;
0x0442	0x1587      	BSF        PORTC, 3
0x0443	0x1007      	BCF        PORTC, 0
;multiplexer.c,373 :: 		portb=arr[1];
0x0444	0x0821      	MOVF       _arr+1, 0
0x0445	0x0086      	MOVWF      PORTB
;multiplexer.c,374 :: 		delay_ms(10);
0x0446	0x301A      	MOVLW      26
0x0447	0x00FC      	MOVWF      R12
0x0448	0x30F8      	MOVLW      248
0x0449	0x00FD      	MOVWF      R13
L_main82:
0x044A	0x0BFD      	DECFSZ     R13, 1
0x044B	0x2C4A      	GOTO       L_main82
0x044C	0x0BFC      	DECFSZ     R12, 1
0x044D	0x2C4A      	GOTO       L_main82
0x044E	0x0000      	NOP
;multiplexer.c,375 :: 		portc.f0=1;
0x044F	0x1407      	BSF        PORTC, 0
;multiplexer.c,377 :: 		portc.f1=0;
0x0450	0x1087      	BCF        PORTC, 1
;multiplexer.c,378 :: 		portb=arr[3];
0x0451	0x0823      	MOVF       _arr+3, 0
0x0452	0x0086      	MOVWF      PORTB
;multiplexer.c,379 :: 		delay_ms(10);
0x0453	0x301A      	MOVLW      26
0x0454	0x00FC      	MOVWF      R12
0x0455	0x30F8      	MOVLW      248
0x0456	0x00FD      	MOVWF      R13
L_main83:
0x0457	0x0BFD      	DECFSZ     R13, 1
0x0458	0x2C57      	GOTO       L_main83
0x0459	0x0BFC      	DECFSZ     R12, 1
0x045A	0x2C57      	GOTO       L_main83
0x045B	0x0000      	NOP
;multiplexer.c,380 :: 		portc.f1=1;
0x045C	0x1487      	BSF        PORTC, 1
;multiplexer.c,382 :: 		portc.f2=0;
0x045D	0x1107      	BCF        PORTC, 2
;multiplexer.c,383 :: 		portb=arr[5];;
0x045E	0x0825      	MOVF       _arr+5, 0
0x045F	0x0086      	MOVWF      PORTB
;multiplexer.c,384 :: 		delay_ms(10);
0x0460	0x301A      	MOVLW      26
0x0461	0x00FC      	MOVWF      R12
0x0462	0x30F8      	MOVLW      248
0x0463	0x00FD      	MOVWF      R13
L_main84:
0x0464	0x0BFD      	DECFSZ     R13, 1
0x0465	0x2C64      	GOTO       L_main84
0x0466	0x0BFC      	DECFSZ     R12, 1
0x0467	0x2C64      	GOTO       L_main84
0x0468	0x0000      	NOP
;multiplexer.c,385 :: 		portc.f2=1;
0x0469	0x1507      	BSF        PORTC, 2
;multiplexer.c,387 :: 		portc.f3=0;
0x046A	0x1187      	BCF        PORTC, 3
;multiplexer.c,388 :: 		portb=arr[7];
0x046B	0x0827      	MOVF       _arr+7, 0
0x046C	0x0086      	MOVWF      PORTB
;multiplexer.c,389 :: 		delay_ms(10);
0x046D	0x301A      	MOVLW      26
0x046E	0x00FC      	MOVWF      R12
0x046F	0x30F8      	MOVLW      248
0x0470	0x00FD      	MOVWF      R13
L_main85:
0x0471	0x0BFD      	DECFSZ     R13, 1
0x0472	0x2C71      	GOTO       L_main85
0x0473	0x0BFC      	DECFSZ     R12, 1
0x0474	0x2C71      	GOTO       L_main85
0x0475	0x0000      	NOP
;multiplexer.c,390 :: 		portc.f3=1;portc.f0=0;
0x0476	0x1587      	BSF        PORTC, 3
0x0477	0x1007      	BCF        PORTC, 0
;multiplexer.c,391 :: 		portb=arr[1];
0x0478	0x0821      	MOVF       _arr+1, 0
0x0479	0x0086      	MOVWF      PORTB
;multiplexer.c,392 :: 		delay_ms(10);
0x047A	0x301A      	MOVLW      26
0x047B	0x00FC      	MOVWF      R12
0x047C	0x30F8      	MOVLW      248
0x047D	0x00FD      	MOVWF      R13
L_main86:
0x047E	0x0BFD      	DECFSZ     R13, 1
0x047F	0x2C7E      	GOTO       L_main86
0x0480	0x0BFC      	DECFSZ     R12, 1
0x0481	0x2C7E      	GOTO       L_main86
0x0482	0x0000      	NOP
;multiplexer.c,393 :: 		portc.f0=1;
0x0483	0x1407      	BSF        PORTC, 0
;multiplexer.c,395 :: 		portc.f1=0;
0x0484	0x1087      	BCF        PORTC, 1
;multiplexer.c,396 :: 		portb=arr[3];
0x0485	0x0823      	MOVF       _arr+3, 0
0x0486	0x0086      	MOVWF      PORTB
;multiplexer.c,397 :: 		delay_ms(10);
0x0487	0x301A      	MOVLW      26
0x0488	0x00FC      	MOVWF      R12
0x0489	0x30F8      	MOVLW      248
0x048A	0x00FD      	MOVWF      R13
L_main87:
0x048B	0x0BFD      	DECFSZ     R13, 1
0x048C	0x2C8B      	GOTO       L_main87
0x048D	0x0BFC      	DECFSZ     R12, 1
0x048E	0x2C8B      	GOTO       L_main87
0x048F	0x0000      	NOP
;multiplexer.c,398 :: 		portc.f1=1;
0x0490	0x1487      	BSF        PORTC, 1
;multiplexer.c,400 :: 		portc.f2=0;
0x0491	0x1107      	BCF        PORTC, 2
;multiplexer.c,401 :: 		portb=arr[5];;
0x0492	0x0825      	MOVF       _arr+5, 0
0x0493	0x0086      	MOVWF      PORTB
;multiplexer.c,402 :: 		delay_ms(10);
0x0494	0x301A      	MOVLW      26
0x0495	0x00FC      	MOVWF      R12
0x0496	0x30F8      	MOVLW      248
0x0497	0x00FD      	MOVWF      R13
L_main88:
0x0498	0x0BFD      	DECFSZ     R13, 1
0x0499	0x2C98      	GOTO       L_main88
0x049A	0x0BFC      	DECFSZ     R12, 1
0x049B	0x2C98      	GOTO       L_main88
0x049C	0x0000      	NOP
;multiplexer.c,403 :: 		portc.f2=1;
0x049D	0x1507      	BSF        PORTC, 2
;multiplexer.c,405 :: 		portc.f3=0;
0x049E	0x1187      	BCF        PORTC, 3
;multiplexer.c,406 :: 		portb=arr[7];
0x049F	0x0827      	MOVF       _arr+7, 0
0x04A0	0x0086      	MOVWF      PORTB
;multiplexer.c,407 :: 		delay_ms(10);
0x04A1	0x301A      	MOVLW      26
0x04A2	0x00FC      	MOVWF      R12
0x04A3	0x30F8      	MOVLW      248
0x04A4	0x00FD      	MOVWF      R13
L_main89:
0x04A5	0x0BFD      	DECFSZ     R13, 1
0x04A6	0x2CA5      	GOTO       L_main89
0x04A7	0x0BFC      	DECFSZ     R12, 1
0x04A8	0x2CA5      	GOTO       L_main89
0x04A9	0x0000      	NOP
;multiplexer.c,408 :: 		portc.f3=1;portc.f0=0;
0x04AA	0x1587      	BSF        PORTC, 3
0x04AB	0x1007      	BCF        PORTC, 0
;multiplexer.c,409 :: 		portb=arr[1];
0x04AC	0x0821      	MOVF       _arr+1, 0
0x04AD	0x0086      	MOVWF      PORTB
;multiplexer.c,410 :: 		delay_ms(10);
0x04AE	0x301A      	MOVLW      26
0x04AF	0x00FC      	MOVWF      R12
0x04B0	0x30F8      	MOVLW      248
0x04B1	0x00FD      	MOVWF      R13
L_main90:
0x04B2	0x0BFD      	DECFSZ     R13, 1
0x04B3	0x2CB2      	GOTO       L_main90
0x04B4	0x0BFC      	DECFSZ     R12, 1
0x04B5	0x2CB2      	GOTO       L_main90
0x04B6	0x0000      	NOP
;multiplexer.c,411 :: 		portc.f0=1;
0x04B7	0x1407      	BSF        PORTC, 0
;multiplexer.c,413 :: 		portc.f1=0;
0x04B8	0x1087      	BCF        PORTC, 1
;multiplexer.c,414 :: 		portb=arr[3];
0x04B9	0x0823      	MOVF       _arr+3, 0
0x04BA	0x0086      	MOVWF      PORTB
;multiplexer.c,415 :: 		delay_ms(10);
0x04BB	0x301A      	MOVLW      26
0x04BC	0x00FC      	MOVWF      R12
0x04BD	0x30F8      	MOVLW      248
0x04BE	0x00FD      	MOVWF      R13
L_main91:
0x04BF	0x0BFD      	DECFSZ     R13, 1
0x04C0	0x2CBF      	GOTO       L_main91
0x04C1	0x0BFC      	DECFSZ     R12, 1
0x04C2	0x2CBF      	GOTO       L_main91
0x04C3	0x0000      	NOP
;multiplexer.c,416 :: 		portc.f1=1;
0x04C4	0x1487      	BSF        PORTC, 1
;multiplexer.c,418 :: 		portc.f2=0;
0x04C5	0x1107      	BCF        PORTC, 2
;multiplexer.c,419 :: 		portb=arr[5];;
0x04C6	0x0825      	MOVF       _arr+5, 0
0x04C7	0x0086      	MOVWF      PORTB
;multiplexer.c,420 :: 		delay_ms(10);
0x04C8	0x301A      	MOVLW      26
0x04C9	0x00FC      	MOVWF      R12
0x04CA	0x30F8      	MOVLW      248
0x04CB	0x00FD      	MOVWF      R13
L_main92:
0x04CC	0x0BFD      	DECFSZ     R13, 1
0x04CD	0x2CCC      	GOTO       L_main92
0x04CE	0x0BFC      	DECFSZ     R12, 1
0x04CF	0x2CCC      	GOTO       L_main92
0x04D0	0x0000      	NOP
;multiplexer.c,421 :: 		portc.f2=1;
0x04D1	0x1507      	BSF        PORTC, 2
;multiplexer.c,423 :: 		portc.f3=0;
0x04D2	0x1187      	BCF        PORTC, 3
;multiplexer.c,424 :: 		portb=arr[7];
0x04D3	0x0827      	MOVF       _arr+7, 0
0x04D4	0x0086      	MOVWF      PORTB
;multiplexer.c,425 :: 		delay_ms(10);
0x04D5	0x301A      	MOVLW      26
0x04D6	0x00FC      	MOVWF      R12
0x04D7	0x30F8      	MOVLW      248
0x04D8	0x00FD      	MOVWF      R13
L_main93:
0x04D9	0x0BFD      	DECFSZ     R13, 1
0x04DA	0x2CD9      	GOTO       L_main93
0x04DB	0x0BFC      	DECFSZ     R12, 1
0x04DC	0x2CD9      	GOTO       L_main93
0x04DD	0x0000      	NOP
;multiplexer.c,426 :: 		portc.f3=1;portc.f0=0;
0x04DE	0x1587      	BSF        PORTC, 3
0x04DF	0x1007      	BCF        PORTC, 0
;multiplexer.c,427 :: 		portb=arr[1];
0x04E0	0x0821      	MOVF       _arr+1, 0
0x04E1	0x0086      	MOVWF      PORTB
;multiplexer.c,428 :: 		delay_ms(10);
0x04E2	0x301A      	MOVLW      26
0x04E3	0x00FC      	MOVWF      R12
0x04E4	0x30F8      	MOVLW      248
0x04E5	0x00FD      	MOVWF      R13
L_main94:
0x04E6	0x0BFD      	DECFSZ     R13, 1
0x04E7	0x2CE6      	GOTO       L_main94
0x04E8	0x0BFC      	DECFSZ     R12, 1
0x04E9	0x2CE6      	GOTO       L_main94
0x04EA	0x0000      	NOP
;multiplexer.c,429 :: 		portc.f0=1;
0x04EB	0x1407      	BSF        PORTC, 0
;multiplexer.c,431 :: 		portc.f1=0;
0x04EC	0x1087      	BCF        PORTC, 1
;multiplexer.c,432 :: 		portb=arr[3];
0x04ED	0x0823      	MOVF       _arr+3, 0
0x04EE	0x0086      	MOVWF      PORTB
;multiplexer.c,433 :: 		delay_ms(10);
0x04EF	0x301A      	MOVLW      26
0x04F0	0x00FC      	MOVWF      R12
0x04F1	0x30F8      	MOVLW      248
0x04F2	0x00FD      	MOVWF      R13
L_main95:
0x04F3	0x0BFD      	DECFSZ     R13, 1
0x04F4	0x2CF3      	GOTO       L_main95
0x04F5	0x0BFC      	DECFSZ     R12, 1
0x04F6	0x2CF3      	GOTO       L_main95
0x04F7	0x0000      	NOP
;multiplexer.c,434 :: 		portc.f1=1;
0x04F8	0x1487      	BSF        PORTC, 1
;multiplexer.c,436 :: 		portc.f2=0;
0x04F9	0x1107      	BCF        PORTC, 2
;multiplexer.c,437 :: 		portb=arr[5];;
0x04FA	0x0825      	MOVF       _arr+5, 0
0x04FB	0x0086      	MOVWF      PORTB
;multiplexer.c,438 :: 		delay_ms(10);
0x04FC	0x301A      	MOVLW      26
0x04FD	0x00FC      	MOVWF      R12
0x04FE	0x30F8      	MOVLW      248
0x04FF	0x00FD      	MOVWF      R13
L_main96:
0x0500	0x0BFD      	DECFSZ     R13, 1
0x0501	0x2D00      	GOTO       L_main96
0x0502	0x0BFC      	DECFSZ     R12, 1
0x0503	0x2D00      	GOTO       L_main96
0x0504	0x0000      	NOP
;multiplexer.c,439 :: 		portc.f2=1;
0x0505	0x1507      	BSF        PORTC, 2
;multiplexer.c,441 :: 		portc.f3=0;
0x0506	0x1187      	BCF        PORTC, 3
;multiplexer.c,442 :: 		portb=arr[7];
0x0507	0x0827      	MOVF       _arr+7, 0
0x0508	0x0086      	MOVWF      PORTB
;multiplexer.c,443 :: 		delay_ms(10);
0x0509	0x301A      	MOVLW      26
0x050A	0x00FC      	MOVWF      R12
0x050B	0x30F8      	MOVLW      248
0x050C	0x00FD      	MOVWF      R13
L_main97:
0x050D	0x0BFD      	DECFSZ     R13, 1
0x050E	0x2D0D      	GOTO       L_main97
0x050F	0x0BFC      	DECFSZ     R12, 1
0x0510	0x2D0D      	GOTO       L_main97
0x0511	0x0000      	NOP
;multiplexer.c,444 :: 		portc.f3=1;portc.f0=0;
0x0512	0x1587      	BSF        PORTC, 3
0x0513	0x1007      	BCF        PORTC, 0
;multiplexer.c,445 :: 		portb=arr[1];
0x0514	0x0821      	MOVF       _arr+1, 0
0x0515	0x0086      	MOVWF      PORTB
;multiplexer.c,446 :: 		delay_ms(10);
0x0516	0x301A      	MOVLW      26
0x0517	0x00FC      	MOVWF      R12
0x0518	0x30F8      	MOVLW      248
0x0519	0x00FD      	MOVWF      R13
L_main98:
0x051A	0x0BFD      	DECFSZ     R13, 1
0x051B	0x2D1A      	GOTO       L_main98
0x051C	0x0BFC      	DECFSZ     R12, 1
0x051D	0x2D1A      	GOTO       L_main98
0x051E	0x0000      	NOP
;multiplexer.c,447 :: 		portc.f0=1;
0x051F	0x1407      	BSF        PORTC, 0
;multiplexer.c,449 :: 		portc.f1=0;
0x0520	0x1087      	BCF        PORTC, 1
;multiplexer.c,450 :: 		portb=arr[3];
0x0521	0x0823      	MOVF       _arr+3, 0
0x0522	0x0086      	MOVWF      PORTB
;multiplexer.c,451 :: 		delay_ms(10);
0x0523	0x301A      	MOVLW      26
0x0524	0x00FC      	MOVWF      R12
0x0525	0x30F8      	MOVLW      248
0x0526	0x00FD      	MOVWF      R13
L_main99:
0x0527	0x0BFD      	DECFSZ     R13, 1
0x0528	0x2D27      	GOTO       L_main99
0x0529	0x0BFC      	DECFSZ     R12, 1
0x052A	0x2D27      	GOTO       L_main99
0x052B	0x0000      	NOP
;multiplexer.c,452 :: 		portc.f1=1;
0x052C	0x1487      	BSF        PORTC, 1
;multiplexer.c,454 :: 		portc.f2=0;
0x052D	0x1107      	BCF        PORTC, 2
;multiplexer.c,455 :: 		portb=arr[5];;
0x052E	0x0825      	MOVF       _arr+5, 0
0x052F	0x0086      	MOVWF      PORTB
;multiplexer.c,456 :: 		delay_ms(10);
0x0530	0x301A      	MOVLW      26
0x0531	0x00FC      	MOVWF      R12
0x0532	0x30F8      	MOVLW      248
0x0533	0x00FD      	MOVWF      R13
L_main100:
0x0534	0x0BFD      	DECFSZ     R13, 1
0x0535	0x2D34      	GOTO       L_main100
0x0536	0x0BFC      	DECFSZ     R12, 1
0x0537	0x2D34      	GOTO       L_main100
0x0538	0x0000      	NOP
;multiplexer.c,457 :: 		portc.f2=1;
0x0539	0x1507      	BSF        PORTC, 2
;multiplexer.c,459 :: 		portc.f3=0;
0x053A	0x1187      	BCF        PORTC, 3
;multiplexer.c,460 :: 		portb=arr[7];
0x053B	0x0827      	MOVF       _arr+7, 0
0x053C	0x0086      	MOVWF      PORTB
;multiplexer.c,461 :: 		delay_ms(10);
0x053D	0x301A      	MOVLW      26
0x053E	0x00FC      	MOVWF      R12
0x053F	0x30F8      	MOVLW      248
0x0540	0x00FD      	MOVWF      R13
L_main101:
0x0541	0x0BFD      	DECFSZ     R13, 1
0x0542	0x2D41      	GOTO       L_main101
0x0543	0x0BFC      	DECFSZ     R12, 1
0x0544	0x2D41      	GOTO       L_main101
0x0545	0x0000      	NOP
;multiplexer.c,462 :: 		portc.f3=1;portc.f0=0;
0x0546	0x1587      	BSF        PORTC, 3
0x0547	0x1007      	BCF        PORTC, 0
;multiplexer.c,463 :: 		portb=arr[1];
0x0548	0x0821      	MOVF       _arr+1, 0
0x0549	0x0086      	MOVWF      PORTB
;multiplexer.c,464 :: 		delay_ms(10);
0x054A	0x301A      	MOVLW      26
0x054B	0x00FC      	MOVWF      R12
0x054C	0x30F8      	MOVLW      248
0x054D	0x00FD      	MOVWF      R13
L_main102:
0x054E	0x0BFD      	DECFSZ     R13, 1
0x054F	0x2D4E      	GOTO       L_main102
0x0550	0x0BFC      	DECFSZ     R12, 1
0x0551	0x2D4E      	GOTO       L_main102
0x0552	0x0000      	NOP
;multiplexer.c,465 :: 		portc.f0=1;
0x0553	0x1407      	BSF        PORTC, 0
;multiplexer.c,467 :: 		portc.f1=0;
0x0554	0x1087      	BCF        PORTC, 1
;multiplexer.c,468 :: 		portb=arr[3];
0x0555	0x0823      	MOVF       _arr+3, 0
0x0556	0x0086      	MOVWF      PORTB
;multiplexer.c,469 :: 		delay_ms(10);
0x0557	0x301A      	MOVLW      26
0x0558	0x00FC      	MOVWF      R12
0x0559	0x30F8      	MOVLW      248
0x055A	0x00FD      	MOVWF      R13
L_main103:
0x055B	0x0BFD      	DECFSZ     R13, 1
0x055C	0x2D5B      	GOTO       L_main103
0x055D	0x0BFC      	DECFSZ     R12, 1
0x055E	0x2D5B      	GOTO       L_main103
0x055F	0x0000      	NOP
;multiplexer.c,470 :: 		portc.f1=1;
0x0560	0x1487      	BSF        PORTC, 1
;multiplexer.c,472 :: 		portc.f2=0;
0x0561	0x1107      	BCF        PORTC, 2
;multiplexer.c,473 :: 		portb=arr[5];;
0x0562	0x0825      	MOVF       _arr+5, 0
0x0563	0x0086      	MOVWF      PORTB
;multiplexer.c,474 :: 		delay_ms(10);
0x0564	0x301A      	MOVLW      26
0x0565	0x00FC      	MOVWF      R12
0x0566	0x30F8      	MOVLW      248
0x0567	0x00FD      	MOVWF      R13
L_main104:
0x0568	0x0BFD      	DECFSZ     R13, 1
0x0569	0x2D68      	GOTO       L_main104
0x056A	0x0BFC      	DECFSZ     R12, 1
0x056B	0x2D68      	GOTO       L_main104
0x056C	0x0000      	NOP
;multiplexer.c,475 :: 		portc.f2=1;
0x056D	0x1507      	BSF        PORTC, 2
;multiplexer.c,477 :: 		portc.f3=0;
0x056E	0x1187      	BCF        PORTC, 3
;multiplexer.c,478 :: 		portb=arr[7];
0x056F	0x0827      	MOVF       _arr+7, 0
0x0570	0x0086      	MOVWF      PORTB
;multiplexer.c,479 :: 		delay_ms(10);
0x0571	0x301A      	MOVLW      26
0x0572	0x00FC      	MOVWF      R12
0x0573	0x30F8      	MOVLW      248
0x0574	0x00FD      	MOVWF      R13
L_main105:
0x0575	0x0BFD      	DECFSZ     R13, 1
0x0576	0x2D75      	GOTO       L_main105
0x0577	0x0BFC      	DECFSZ     R12, 1
0x0578	0x2D75      	GOTO       L_main105
0x0579	0x0000      	NOP
;multiplexer.c,480 :: 		portc.f3=1;portc.f0=0;
0x057A	0x1587      	BSF        PORTC, 3
0x057B	0x1007      	BCF        PORTC, 0
;multiplexer.c,481 :: 		portb=arr[1];
0x057C	0x0821      	MOVF       _arr+1, 0
0x057D	0x0086      	MOVWF      PORTB
;multiplexer.c,482 :: 		delay_ms(10);
0x057E	0x301A      	MOVLW      26
0x057F	0x00FC      	MOVWF      R12
0x0580	0x30F8      	MOVLW      248
0x0581	0x00FD      	MOVWF      R13
L_main106:
0x0582	0x0BFD      	DECFSZ     R13, 1
0x0583	0x2D82      	GOTO       L_main106
0x0584	0x0BFC      	DECFSZ     R12, 1
0x0585	0x2D82      	GOTO       L_main106
0x0586	0x0000      	NOP
;multiplexer.c,483 :: 		portc.f0=1;
0x0587	0x1407      	BSF        PORTC, 0
;multiplexer.c,485 :: 		portc.f1=0;
0x0588	0x1087      	BCF        PORTC, 1
;multiplexer.c,486 :: 		portb=arr[3];
0x0589	0x0823      	MOVF       _arr+3, 0
0x058A	0x0086      	MOVWF      PORTB
;multiplexer.c,487 :: 		delay_ms(10);
0x058B	0x301A      	MOVLW      26
0x058C	0x00FC      	MOVWF      R12
0x058D	0x30F8      	MOVLW      248
0x058E	0x00FD      	MOVWF      R13
L_main107:
0x058F	0x0BFD      	DECFSZ     R13, 1
0x0590	0x2D8F      	GOTO       L_main107
0x0591	0x0BFC      	DECFSZ     R12, 1
0x0592	0x2D8F      	GOTO       L_main107
0x0593	0x0000      	NOP
;multiplexer.c,488 :: 		portc.f1=1;
0x0594	0x1487      	BSF        PORTC, 1
;multiplexer.c,490 :: 		portc.f2=0;
0x0595	0x1107      	BCF        PORTC, 2
;multiplexer.c,491 :: 		portb=arr[5];;
0x0596	0x0825      	MOVF       _arr+5, 0
0x0597	0x0086      	MOVWF      PORTB
;multiplexer.c,492 :: 		delay_ms(10);
0x0598	0x301A      	MOVLW      26
0x0599	0x00FC      	MOVWF      R12
0x059A	0x30F8      	MOVLW      248
0x059B	0x00FD      	MOVWF      R13
L_main108:
0x059C	0x0BFD      	DECFSZ     R13, 1
0x059D	0x2D9C      	GOTO       L_main108
0x059E	0x0BFC      	DECFSZ     R12, 1
0x059F	0x2D9C      	GOTO       L_main108
0x05A0	0x0000      	NOP
;multiplexer.c,493 :: 		portc.f2=1;
0x05A1	0x1507      	BSF        PORTC, 2
;multiplexer.c,495 :: 		portc.f3=0;
0x05A2	0x1187      	BCF        PORTC, 3
;multiplexer.c,496 :: 		portb=arr[7];
0x05A3	0x0827      	MOVF       _arr+7, 0
0x05A4	0x0086      	MOVWF      PORTB
;multiplexer.c,497 :: 		delay_ms(10);
0x05A5	0x301A      	MOVLW      26
0x05A6	0x00FC      	MOVWF      R12
0x05A7	0x30F8      	MOVLW      248
0x05A8	0x00FD      	MOVWF      R13
L_main109:
0x05A9	0x0BFD      	DECFSZ     R13, 1
0x05AA	0x2DA9      	GOTO       L_main109
0x05AB	0x0BFC      	DECFSZ     R12, 1
0x05AC	0x2DA9      	GOTO       L_main109
0x05AD	0x0000      	NOP
;multiplexer.c,498 :: 		portc.f3=1;
0x05AE	0x1587      	BSF        PORTC, 3
;multiplexer.c,499 :: 		}
0x05AF	0x2833      	GOTO       L_main0
;multiplexer.c,500 :: 		}
L_end_main:
0x05B0	0x2DB0      	GOTO       $+0
; end of _main
Symbol List:
//** Routines locations **
//ADDRESS    SIZE    PROCEDURE
//----------------------------------------------
0x0003       [7]    _____DoICP
0x000A      [12]    ___CC2DW
0x0016    [1435]    _main
//** Variables locations ** 
//ADDRESS    SIZE    VARIABLE
//----------------------------------------------
0x0000       [1]    INDF
0x0002       [1]    PCL
0x0003       [1]    STATUS
0x0004       [1]    FSR
0x0006       [1]    PORTB
0x0007       [1]    PORTC
0x000A       [1]    PCLATH
0x0020      [10]    _arr
0x002A       [2]    ___DoICPAddr
0x0070       [1]    R0
0x0071       [1]    R1
0x0072       [1]    R2
0x0073       [1]    R3
0x0074       [1]    R4
0x0075       [1]    R5
0x0076       [1]    R6
0x0077       [1]    R7
0x0078       [1]    R8
0x0079       [1]    R9
0x007A       [1]    R10
0x007B       [1]    R11
0x007C       [1]    R12
0x007D       [1]    R13
0x007E       [1]    R14
0x007F       [1]    R15
0x0086       [1]    TRISB
0x0087       [1]    TRISC
