;  LST file generated by mikroListExporter - v.2.0 
; Date/Time: 10/18/2024 6:16:07 PM
;----------------------------------------------

;Address Opcode 	ASM
0x0000	0x2B0E      	GOTO       782
_Div_16x16_S_L:
;__Lib_Math.c,421 :: 		
;__Lib_Math.c,427 :: 		
0x0003	0x0D71      	RLF        R1, 0
;__Lib_Math.c,428 :: 		
0x0004	0x0DF8      	RLF        R8, 1
;__Lib_Math.c,429 :: 		
0x0005	0x0DF9      	RLF        R9, 1
;__Lib_Math.c,430 :: 		
0x0006	0x0874      	MOVF       R4, 0
;__Lib_Math.c,431 :: 		
0x0007	0x02F8      	SUBWF      R8, 1
;__Lib_Math.c,432 :: 		
0x0008	0x0875      	MOVF       R5, 0
;__Lib_Math.c,433 :: 		
0x0009	0x1C03      	BTFSS      STATUS, 0
;__Lib_Math.c,434 :: 		
0x000A	0x0F75      	INCFSZ     R5, 0
;__Lib_Math.c,435 :: 		
0x000B	0x02F9      	SUBWF      R9, 1
;__Lib_Math.c,436 :: 		
0x000C	0x0DF0      	RLF        R0, 1
;__Lib_Math.c,437 :: 		
0x000D	0x0DF1      	RLF        R1, 1
;__Lib_Math.c,439 :: 		
0x000E	0x300F      	MOVLW      15
;__Lib_Math.c,440 :: 		
0x000F	0x00FC      	MOVWF      R12
;__Lib_Math.c,442 :: 		
0x0010	0x0D71      	RLF        R1, 0
;__Lib_Math.c,443 :: 		
0x0011	0x0DF8      	RLF        R8, 1
;__Lib_Math.c,444 :: 		
0x0012	0x0DF9      	RLF        R9, 1
;__Lib_Math.c,445 :: 		
0x0013	0x0874      	MOVF       R4, 0
;__Lib_Math.c,447 :: 		
0x0014	0x1C70      	BTFSS      R0, 0
;__Lib_Math.c,448 :: 		
0x0015	0x281C      	GOTO       $+7
;__Lib_Math.c,449 :: 		
0x0016	0x02F8      	SUBWF      R8, 1
;__Lib_Math.c,450 :: 		
0x0017	0x0875      	MOVF       R5, 0
;__Lib_Math.c,451 :: 		
0x0018	0x1C03      	BTFSS      STATUS, 0
;__Lib_Math.c,452 :: 		
0x0019	0x0F75      	INCFSZ     R5, 0
;__Lib_Math.c,453 :: 		
0x001A	0x02F9      	SUBWF      R9, 1
;__Lib_Math.c,454 :: 		
0x001B	0x2821      	GOTO       $+6
;__Lib_Math.c,456 :: 		
0x001C	0x07F8      	ADDWF      R8, 1
;__Lib_Math.c,457 :: 		
0x001D	0x0875      	MOVF       R5, 0
;__Lib_Math.c,458 :: 		
0x001E	0x1803      	BTFSC      STATUS, 0
;__Lib_Math.c,459 :: 		
0x001F	0x0F75      	INCFSZ     R5, 0
;__Lib_Math.c,460 :: 		
0x0020	0x07F9      	ADDWF      R9, 1
;__Lib_Math.c,462 :: 		
0x0021	0x0DF0      	RLF        R0, 1
;__Lib_Math.c,463 :: 		
0x0022	0x0DF1      	RLF        R1, 1
;__Lib_Math.c,465 :: 		
0x0023	0x0BFC      	DECFSZ     R12, 1
;__Lib_Math.c,466 :: 		
0x0024	0x2810      	GOTO       $-20
;__Lib_Math.c,468 :: 		
0x0025	0x1870      	BTFSC      R0, 0
;__Lib_Math.c,469 :: 		
0x0026	0x282D      	GOTO       $+7
;__Lib_Math.c,470 :: 		
0x0027	0x0874      	MOVF       R4, 0
;__Lib_Math.c,471 :: 		
0x0028	0x07F8      	ADDWF      R8, 1
;__Lib_Math.c,472 :: 		
0x0029	0x0875      	MOVF       R5, 0
;__Lib_Math.c,473 :: 		
0x002A	0x1803      	BTFSC      STATUS, 0
;__Lib_Math.c,474 :: 		
0x002B	0x0F75      	INCFSZ     R5, 0
;__Lib_Math.c,475 :: 		
0x002C	0x07F9      	ADDWF      R9, 1
;__Lib_Math.c,476 :: 		
0x002D	0x0000      	NOP
;__Lib_Math.c,478 :: 		
L_end_Div_16x16_S_L:
0x002E	0x0008      	RETURN
; end of _Div_16x16_S_L
_EEPROM_Write:
;__Lib_EEPROM.c,16 :: 		
;__Lib_EEPROM.c,20 :: 		
L_EEPROM_Write0:
0x002F	0x1683      	BSF        STATUS, 5
0x0030	0x1703      	BSF        STATUS, 6
0x0031	0x1C8C      	BTFSS      EECON1, 1
0x0032	0x2835      	GOTO       L_EEPROM_Write1
0x0033	0x0000      	NOP
0x0034	0x282F      	GOTO       L_EEPROM_Write0
L_EEPROM_Write1:
;__Lib_EEPROM.c,21 :: 		
0x0035	0x1283      	BCF        STATUS, 5
0x0036	0x1303      	BCF        STATUS, 6
0x0037	0x084E      	MOVF       FARG_EEPROM_Write_Address, 0
0x0038	0x1703      	BSF        STATUS, 6
0x0039	0x008D      	MOVWF      EEADR
;__Lib_EEPROM.c,22 :: 		
0x003A	0x1303      	BCF        STATUS, 6
0x003B	0x084F      	MOVF       FARG_EEPROM_Write_data_, 0
0x003C	0x1703      	BSF        STATUS, 6
0x003D	0x008C      	MOVWF      EEDATA
;__Lib_EEPROM.c,23 :: 		
0x003E	0x1683      	BSF        STATUS, 5
0x003F	0x138C      	BCF        EECON1, 7
;__Lib_EEPROM.c,24 :: 		
0x0040	0x150C      	BSF        EECON1, 2
;__Lib_EEPROM.c,26 :: 		
0x0041	0x080B      	MOVF       INTCON, 0
0x0042	0x00F0      	MOVWF      R0
;__Lib_EEPROM.c,29 :: 		
0x0043	0x138B      	BCF        INTCON, 7
;__Lib_EEPROM.c,30 :: 		
0x0044	0x3055      	MOVLW      85
0x0045	0x008D      	MOVWF      EECON2
;__Lib_EEPROM.c,31 :: 		
0x0046	0x30AA      	MOVLW      170
0x0047	0x008D      	MOVWF      EECON2
;__Lib_EEPROM.c,32 :: 		
0x0048	0x148C      	BSF        EECON1, 1
;__Lib_EEPROM.c,36 :: 		
0x0049	0x1BF0      	BTFSC      R0, 7
0x004A	0x284D      	GOTO       L__EEPROM_Write4
0x004B	0x138B      	BCF        INTCON, 7
0x004C	0x284E      	GOTO       L__EEPROM_Write5
L__EEPROM_Write4:
0x004D	0x178B      	BSF        INTCON, 7
L__EEPROM_Write5:
;__Lib_EEPROM.c,37 :: 		
0x004E	0x110C      	BCF        EECON1, 2
;__Lib_EEPROM.c,38 :: 		
L_end_EEPROM_Write:
0x004F	0x0008      	RETURN
; end of _EEPROM_Write
_write_int:
;project.c,23 :: 		void write_int(unsigned int add, unsigned int val){
;project.c,24 :: 		EEPROM_Write(add, (val & 0xff));
0x0050	0x1283      	BCF        STATUS, 5
0x0051	0x1303      	BCF        STATUS, 6
0x0052	0x084A      	MOVF       FARG_write_int_add, 0
0x0053	0x00CE      	MOVWF      FARG_EEPROM_Write_Address
0x0054	0x30FF      	MOVLW      255
0x0055	0x054C      	ANDWF      FARG_write_int_val, 0
0x0056	0x00CF      	MOVWF      FARG_EEPROM_Write_data_
0x0057	0x202F      	CALL       _EEPROM_Write
;project.c,25 :: 		EEPROM_Write(add+1, ((val >> 8) & 0xff));
0x0058	0x1283      	BCF        STATUS, 5
0x0059	0x1303      	BCF        STATUS, 6
0x005A	0x0A4A      	INCF       FARG_write_int_add, 0
0x005B	0x00CE      	MOVWF      FARG_EEPROM_Write_Address
0x005C	0x084D      	MOVF       FARG_write_int_val+1, 0
0x005D	0x00F0      	MOVWF      R0
0x005E	0x01F1      	CLRF       R0+1
0x005F	0x30FF      	MOVLW      255
0x0060	0x0570      	ANDWF      R0, 0
0x0061	0x00CF      	MOVWF      FARG_EEPROM_Write_data_
0x0062	0x202F      	CALL       _EEPROM_Write
;project.c,26 :: 		}
L_end_write_int:
0x0063	0x0008      	RETURN
; end of _write_int
_EEPROM_Read:
;__Lib_EEPROM.c,4 :: 		
;__Lib_EEPROM.c,5 :: 		
0x0064	0x1283      	BCF        STATUS, 5
0x0065	0x1303      	BCF        STATUS, 6
0x0066	0x084A      	MOVF       FARG_EEPROM_Read_Address, 0
0x0067	0x1703      	BSF        STATUS, 6
0x0068	0x008D      	MOVWF      EEADR
;__Lib_EEPROM.c,6 :: 		
0x0069	0x1683      	BSF        STATUS, 5
0x006A	0x138C      	BCF        EECON1, 7
;__Lib_EEPROM.c,12 :: 		
0x006B	0x140C      	BSF        EECON1, 0
;__Lib_EEPROM.c,13 :: 		
0x006C	0x1283      	BCF        STATUS, 5
0x006D	0x080C      	MOVF       EEDATA, 0
0x006E	0x00F0      	MOVWF      R0
;__Lib_EEPROM.c,14 :: 		
L_end_EEPROM_Read:
0x006F	0x0008      	RETURN
; end of _EEPROM_Read
_Div_16x16_S:
;__Lib_Math.c,480 :: 		
;__Lib_Math.c,488 :: 		
0x0070	0x1283      	BCF        STATUS, 5
0x0071	0x1303      	BCF        STATUS, 6
0x0072	0x0874      	MOVF       R4, 0
0x0073	0x3A00      	XORLW      0
0x0074	0x1D03      	BTFSS      STATUS, 2
0x0075	0x287F      	GOTO       L_Div_16x16_S0
;__Lib_Math.c,489 :: 		
0x0076	0x0875      	MOVF       R5, 0
0x0077	0x3A00      	XORLW      0
0x0078	0x1D03      	BTFSS      STATUS, 2
0x0079	0x287F      	GOTO       L_Div_16x16_S1
;__Lib_Math.c,490 :: 		
0x007A	0x30FF      	MOVLW      255
0x007B	0x00F0      	MOVWF      R0
;__Lib_Math.c,491 :: 		
0x007C	0x307F      	MOVLW      127
0x007D	0x00F1      	MOVWF      R1
;__Lib_Math.c,492 :: 		
0x007E	0x28D8      	GOTO       L_end_Div_16x16_S
;__Lib_Math.c,493 :: 		
L_Div_16x16_S1:
L_Div_16x16_S0:
;__Lib_Math.c,496 :: 		
0x007F	0x1283      	BCF        STATUS, 5
;__Lib_Math.c,497 :: 		
0x0080	0x1303      	BCF        STATUS, 6
;__Lib_Math.c,498 :: 		
0x0081	0x01FD      	CLRF       R13
;__Lib_Math.c,499 :: 		
0x0082	0x01F9      	CLRF       R9
;__Lib_Math.c,500 :: 		
0x0083	0x01F8      	CLRF       R8
;__Lib_Math.c,501 :: 		
0x0084	0x0871      	MOVF       R1, 0
;__Lib_Math.c,502 :: 		
0x0085	0x0470      	IORWF      R0, 0
;__Lib_Math.c,503 :: 		
0x0086	0x1903      	BTFSC      STATUS, 2
;__Lib_Math.c,504 :: 		
0x0087	0x3400      	RETLW      0
;__Lib_Math.c,506 :: 		
0x0088	0x0871      	MOVF       R1, 0
;__Lib_Math.c,507 :: 		
0x0089	0x0675      	XORWF      R5, 0
;__Lib_Math.c,508 :: 		
0x008A	0x00FA      	MOVWF      R10
;__Lib_Math.c,509 :: 		
0x008B	0x1BFA      	BTFSC      R10, 7
;__Lib_Math.c,510 :: 		
0x008C	0x09FD      	COMF       R13, 1
;__Lib_Math.c,512 :: 		
0x008D	0x01FB      	CLRF       R11
;__Lib_Math.c,514 :: 		
0x008E	0x1FF5      	BTFSS      R5, 7
;__Lib_Math.c,515 :: 		
0x008F	0x2895      	GOTO       $+6
;__Lib_Math.c,517 :: 		
0x0090	0x09F4      	COMF       R4, 1
;__Lib_Math.c,518 :: 		
0x0091	0x09F5      	COMF       R5, 1
;__Lib_Math.c,519 :: 		
0x0092	0x0AF4      	INCF       R4, 1
;__Lib_Math.c,520 :: 		
0x0093	0x1903      	BTFSC      STATUS, 2
;__Lib_Math.c,521 :: 		
0x0094	0x0AF5      	INCF       R5, 1
;__Lib_Math.c,523 :: 		
0x0095	0x1FF1      	BTFSS      R1, 7
;__Lib_Math.c,524 :: 		
0x0096	0x289C      	GOTO       $+6
;__Lib_Math.c,526 :: 		
0x0097	0x09F0      	COMF       R0, 1
;__Lib_Math.c,527 :: 		
0x0098	0x09F1      	COMF       R1, 1
;__Lib_Math.c,528 :: 		
0x0099	0x0AF0      	INCF       R0, 1
;__Lib_Math.c,529 :: 		
0x009A	0x1903      	BTFSC      STATUS, 2
;__Lib_Math.c,530 :: 		
0x009B	0x0AF1      	INCF       R1, 1
;__Lib_Math.c,532 :: 		
0x009C	0x0871      	MOVF       R1, 0
;__Lib_Math.c,533 :: 		
0x009D	0x0475      	IORWF      R5, 0
;__Lib_Math.c,534 :: 		
0x009E	0x00FA      	MOVWF      R10
;__Lib_Math.c,535 :: 		
0x009F	0x1BFA      	BTFSC      R10, 7
;__Lib_Math.c,536 :: 		
0x00A0	0x28B1      	GOTO       $+17
;__Lib_Math.c,538 :: 		
0x00A1	0x2003      	CALL       _Div_16x16_S_L
;__Lib_Math.c,540 :: 		
0x00A2	0x187B      	BTFSC      R11, 0
;__Lib_Math.c,541 :: 		
0x00A3	0x28C4      	GOTO       $+33
;__Lib_Math.c,543 :: 		
0x00A4	0x1FFD      	BTFSS      R13, 7
;__Lib_Math.c,544 :: 		
0x00A5	0x3400      	RETLW      0
;__Lib_Math.c,546 :: 		
0x00A6	0x09F0      	COMF       R0, 1
;__Lib_Math.c,547 :: 		
0x00A7	0x09F1      	COMF       R1, 1
;__Lib_Math.c,548 :: 		
0x00A8	0x0AF0      	INCF       R0, 1
;__Lib_Math.c,549 :: 		
0x00A9	0x1903      	BTFSC      STATUS, 2
;__Lib_Math.c,550 :: 		
0x00AA	0x0AF1      	INCF       R1, 1
;__Lib_Math.c,552 :: 		
0x00AB	0x09F8      	COMF       R8, 1
;__Lib_Math.c,553 :: 		
0x00AC	0x09F9      	COMF       R9, 1
;__Lib_Math.c,554 :: 		
0x00AD	0x0AF8      	INCF       R8, 1
;__Lib_Math.c,555 :: 		
0x00AE	0x1903      	BTFSC      STATUS, 2
;__Lib_Math.c,556 :: 		
0x00AF	0x0AF9      	INCF       R9, 1
;__Lib_Math.c,558 :: 		
0x00B0	0x3400      	RETLW      0
;__Lib_Math.c,560 :: 		
0x00B1	0x1FF5      	BTFSS      R5, 7
;__Lib_Math.c,561 :: 		
0x00B2	0x28C0      	GOTO       $+14
;__Lib_Math.c,562 :: 		
0x00B3	0x1BF1      	BTFSC      R1, 7
;__Lib_Math.c,563 :: 		
0x00B4	0x28BC      	GOTO       $+8
;__Lib_Math.c,564 :: 		
0x00B5	0x0871      	MOVF       R1, 0
;__Lib_Math.c,565 :: 		
0x00B6	0x00F9      	MOVWF      R9
;__Lib_Math.c,566 :: 		
0x00B7	0x0870      	MOVF       R0, 0
;__Lib_Math.c,567 :: 		
0x00B8	0x00F8      	MOVWF      R8
;__Lib_Math.c,568 :: 		
0x00B9	0x01F1      	CLRF       R1
;__Lib_Math.c,569 :: 		
0x00BA	0x01F0      	CLRF       R0
;__Lib_Math.c,570 :: 		
0x00BB	0x28A4      	GOTO       $-23
;__Lib_Math.c,571 :: 		
0x00BC	0x01F1      	CLRF       R1
;__Lib_Math.c,572 :: 		
0x00BD	0x01F0      	CLRF       R0
;__Lib_Math.c,573 :: 		
0x00BE	0x0AF0      	INCF       R0, 1
;__Lib_Math.c,574 :: 		
0x00BF	0x3400      	RETLW      0
;__Lib_Math.c,576 :: 		
0x00C0	0x09F1      	COMF       R1, 1
;__Lib_Math.c,577 :: 		
0x00C1	0x09F0      	COMF       R0, 1
;__Lib_Math.c,578 :: 		
0x00C2	0x0AFB      	INCF       R11, 1
;__Lib_Math.c,579 :: 		
0x00C3	0x28A1      	GOTO       $-34
;__Lib_Math.c,581 :: 		
0x00C4	0x0AF8      	INCF       R8, 1
;__Lib_Math.c,582 :: 		
0x00C5	0x1903      	BTFSC      STATUS, 2
;__Lib_Math.c,583 :: 		
0x00C6	0x0AF9      	INCF       R9, 1
;__Lib_Math.c,584 :: 		
0x00C7	0x0874      	MOVF       R4, 0
;__Lib_Math.c,585 :: 		
0x00C8	0x0278      	SUBWF      R8, 0
;__Lib_Math.c,586 :: 		
0x00C9	0x1D03      	BTFSS      STATUS, 2
;__Lib_Math.c,587 :: 		
0x00CA	0x28A4      	GOTO       $-38
;__Lib_Math.c,588 :: 		
0x00CB	0x0875      	MOVF       R5, 0
;__Lib_Math.c,589 :: 		
0x00CC	0x0279      	SUBWF      R9, 0
;__Lib_Math.c,590 :: 		
0x00CD	0x1D03      	BTFSS      STATUS, 2
;__Lib_Math.c,591 :: 		
0x00CE	0x28A4      	GOTO       $-42
;__Lib_Math.c,592 :: 		
0x00CF	0x01F9      	CLRF       R9
;__Lib_Math.c,593 :: 		
0x00D0	0x01F8      	CLRF       R8
;__Lib_Math.c,594 :: 		
0x00D1	0x0AF0      	INCF       R0, 1
;__Lib_Math.c,595 :: 		
0x00D2	0x1903      	BTFSC      STATUS, 2
;__Lib_Math.c,596 :: 		
0x00D3	0x0AF1      	INCF       R1, 1
;__Lib_Math.c,597 :: 		
0x00D4	0x1FF1      	BTFSS      R1, 7
;__Lib_Math.c,598 :: 		
0x00D5	0x28A4      	GOTO       $-49
;__Lib_Math.c,599 :: 		
0x00D6	0x0000      	NOP
;__Lib_Math.c,600 :: 		
0x00D7	0x34FF      	RETLW      255
;__Lib_Math.c,602 :: 		
L_end_Div_16x16_S:
0x00D8	0x0008      	RETURN
; end of _Div_16x16_S
_write_rom:
;project.c,41 :: 		void write_rom(){
;project.c,42 :: 		write_int(0x00, on_time);
0x00D9	0x1283      	BCF        STATUS, 5
0x00DA	0x1303      	BCF        STATUS, 6
0x00DB	0x01CA      	CLRF       FARG_write_int_add
0x00DC	0x01CB      	CLRF       FARG_write_int_add+1
0x00DD	0x0820      	MOVF       _on_time, 0
0x00DE	0x00CC      	MOVWF      FARG_write_int_val
0x00DF	0x0821      	MOVF       _on_time+1, 0
0x00E0	0x00CD      	MOVWF      FARG_write_int_val+1
0x00E1	0x2050      	CALL       _write_int
;project.c,43 :: 		write_int(0x02, off_time);
0x00E2	0x3002      	MOVLW      2
0x00E3	0x1283      	BCF        STATUS, 5
0x00E4	0x1303      	BCF        STATUS, 6
0x00E5	0x00CA      	MOVWF      FARG_write_int_add
0x00E6	0x3000      	MOVLW      0
0x00E7	0x00CB      	MOVWF      FARG_write_int_add+1
0x00E8	0x083A      	MOVF       _off_time, 0
0x00E9	0x00CC      	MOVWF      FARG_write_int_val
0x00EA	0x083B      	MOVF       _off_time+1, 0
0x00EB	0x00CD      	MOVWF      FARG_write_int_val+1
0x00EC	0x2050      	CALL       _write_int
;project.c,44 :: 		write_int(0x04, channels);
0x00ED	0x3004      	MOVLW      4
0x00EE	0x1283      	BCF        STATUS, 5
0x00EF	0x1303      	BCF        STATUS, 6
0x00F0	0x00CA      	MOVWF      FARG_write_int_add
0x00F1	0x3000      	MOVLW      0
0x00F2	0x00CB      	MOVWF      FARG_write_int_add+1
0x00F3	0x083C      	MOVF       _channels, 0
0x00F4	0x00CC      	MOVWF      FARG_write_int_val
0x00F5	0x083D      	MOVF       _channels+1, 0
0x00F6	0x00CD      	MOVWF      FARG_write_int_val+1
0x00F7	0x2050      	CALL       _write_int
;project.c,45 :: 		}
L_end_write_rom:
0x00F8	0x0008      	RETURN
; end of _write_rom
_____DoICP:
;__Lib_System.c,6 :: 		
;__Lib_System.c,9 :: 		
0x00F9	0x1283      	BCF        STATUS, 5
0x00FA	0x1303      	BCF        STATUS, 6
0x00FB	0x0841      	MOVF       ___DoICPAddr+1, 0
0x00FC	0x008A      	MOVWF      PCLATH
;__Lib_System.c,10 :: 		
0x00FD	0x0840      	MOVF       ___DoICPAddr, 0
0x00FE	0x0082      	MOVWF      PCL
;__Lib_System.c,12 :: 		
L_end_____DoICP:
0x00FF	0x0008      	RETURN
; end of _____DoICP
_read_int:
;project.c,20 :: 		unsigned int read_int(unsigned int add){
;project.c,21 :: 		return EEPROM_Read(add) | (EEPROM_Read(add+1) << 8);
0x0100	0x1283      	BCF        STATUS, 5
0x0101	0x1303      	BCF        STATUS, 6
0x0102	0x0847      	MOVF       FARG_read_int_add, 0
0x0103	0x00CA      	MOVWF      FARG_EEPROM_Read_Address
0x0104	0x2064      	CALL       _EEPROM_Read
0x0105	0x0870      	MOVF       R0, 0
0x0106	0x1303      	BCF        STATUS, 6
0x0107	0x00C9      	MOVWF      FLOC__read_int
0x0108	0x0A47      	INCF       FARG_read_int_add, 0
0x0109	0x00CA      	MOVWF      FARG_EEPROM_Read_Address
0x010A	0x2064      	CALL       _EEPROM_Read
0x010B	0x0870      	MOVF       R0, 0
0x010C	0x00F3      	MOVWF      R2+1
0x010D	0x01F2      	CLRF       R2
0x010E	0x0872      	MOVF       R2, 0
0x010F	0x1303      	BCF        STATUS, 6
0x0110	0x0449      	IORWF      FLOC__read_int, 0
0x0111	0x00F0      	MOVWF      R0
0x0112	0x3000      	MOVLW      0
0x0113	0x0473      	IORWF      R2+1, 0
0x0114	0x00F1      	MOVWF      R0+1
;project.c,22 :: 		}
L_end_read_int:
0x0115	0x0008      	RETURN
; end of _read_int
_show_led:
;project.c,46 :: 		void show_led(int value){
;project.c,47 :: 		digit1 = value%10;
0x0116	0x300A      	MOVLW      10
0x0117	0x1283      	BCF        STATUS, 5
0x0118	0x1303      	BCF        STATUS, 6
0x0119	0x00F4      	MOVWF      R4
0x011A	0x3000      	MOVLW      0
0x011B	0x00F5      	MOVWF      R4+1
0x011C	0x0847      	MOVF       FARG_show_led_value, 0
0x011D	0x00F0      	MOVWF      R0
0x011E	0x0848      	MOVF       FARG_show_led_value+1, 0
0x011F	0x00F1      	MOVWF      R0+1
0x0120	0x2070      	CALL       _Div_16x16_S
0x0121	0x0878      	MOVF       R8, 0
0x0122	0x00F0      	MOVWF      R0
0x0123	0x0879      	MOVF       R8+1, 0
0x0124	0x00F1      	MOVWF      R0+1
0x0125	0x0870      	MOVF       R0, 0
0x0126	0x00BE      	MOVWF      _digit1
0x0127	0x0871      	MOVF       R0+1, 0
0x0128	0x00BF      	MOVWF      _digit1+1
;project.c,48 :: 		digit0 = value/10;
0x0129	0x300A      	MOVLW      10
0x012A	0x00F4      	MOVWF      R4
0x012B	0x3000      	MOVLW      0
0x012C	0x00F5      	MOVWF      R4+1
0x012D	0x0847      	MOVF       FARG_show_led_value, 0
0x012E	0x00F0      	MOVWF      R0
0x012F	0x0848      	MOVF       FARG_show_led_value+1, 0
0x0130	0x00F1      	MOVWF      R0+1
0x0131	0x2070      	CALL       _Div_16x16_S
0x0132	0x0870      	MOVF       R0, 0
0x0133	0x00A2      	MOVWF      _digit0
0x0134	0x0871      	MOVF       R0+1, 0
0x0135	0x00A3      	MOVWF      _digit0+1
;project.c,50 :: 		portc.f1 = 1;
0x0136	0x1487      	BSF        PORTC, 1
;project.c,51 :: 		portb = arr[digit0];
0x0137	0x0870      	MOVF       R0, 0
0x0138	0x00F2      	MOVWF      R2
0x0139	0x0DF2      	RLF        R2, 1
0x013A	0x1072      	BCF        R2, 0
0x013B	0x0872      	MOVF       R2, 0
0x013C	0x3E24      	ADDLW      _arr
0x013D	0x0084      	MOVWF      FSR
0x013E	0x0800      	MOVF       INDF, 0
0x013F	0x0086      	MOVWF      PORTB
;project.c,52 :: 		portc.f0 = 0;
0x0140	0x1007      	BCF        PORTC, 0
;project.c,54 :: 		delay_ms(5);
0x0141	0x300D      	MOVLW      13
0x0142	0x00FC      	MOVWF      R12
0x0143	0x30FB      	MOVLW      251
0x0144	0x00FD      	MOVWF      R13
L_show_led3:
0x0145	0x0BFD      	DECFSZ     R13, 1
0x0146	0x2945      	GOTO       L_show_led3
0x0147	0x0BFC      	DECFSZ     R12, 1
0x0148	0x2945      	GOTO       L_show_led3
0x0149	0x0000      	NOP
0x014A	0x0000      	NOP
;project.c,56 :: 		portc.f0 = 1;
0x014B	0x1407      	BSF        PORTC, 0
;project.c,57 :: 		portb = arr[digit1];
0x014C	0x083E      	MOVF       _digit1, 0
0x014D	0x00F0      	MOVWF      R0
0x014E	0x0DF0      	RLF        R0, 1
0x014F	0x1070      	BCF        R0, 0
0x0150	0x0870      	MOVF       R0, 0
0x0151	0x3E24      	ADDLW      _arr
0x0152	0x0084      	MOVWF      FSR
0x0153	0x0800      	MOVF       INDF, 0
0x0154	0x0086      	MOVWF      PORTB
;project.c,58 :: 		portc.f1 = 0;
0x0155	0x1087      	BCF        PORTC, 1
;project.c,60 :: 		delay_ms(5);
0x0156	0x300D      	MOVLW      13
0x0157	0x00FC      	MOVWF      R12
0x0158	0x30FB      	MOVLW      251
0x0159	0x00FD      	MOVWF      R13
L_show_led4:
0x015A	0x0BFD      	DECFSZ     R13, 1
0x015B	0x295A      	GOTO       L_show_led4
0x015C	0x0BFC      	DECFSZ     R12, 1
0x015D	0x295A      	GOTO       L_show_led4
0x015E	0x0000      	NOP
0x015F	0x0000      	NOP
;project.c,61 :: 		}
L_end_show_led:
0x0160	0x0008      	RETURN
; end of _show_led
_program_mode:
;project.c,63 :: 		void program_mode(){
;project.c,64 :: 		on_time = 0;
0x0161	0x1283      	BCF        STATUS, 5
0x0162	0x1303      	BCF        STATUS, 6
0x0163	0x01A0      	CLRF       _on_time
0x0164	0x01A1      	CLRF       _on_time+1
;project.c,65 :: 		off_time = 0;
0x0165	0x01BA      	CLRF       _off_time
0x0166	0x01BB      	CLRF       _off_time+1
;project.c,66 :: 		channels = 0;
0x0167	0x01BC      	CLRF       _channels
0x0168	0x01BD      	CLRF       _channels+1
;project.c,68 :: 		while (1){
L_program_mode5:
;project.c,70 :: 		if (portd.f1){
0x0169	0x1C88      	BTFSS      PORTD, 1
0x016A	0x2979      	GOTO       L_program_mode7
;project.c,71 :: 		while (portd.f1) delay_ms(5);
L_program_mode8:
0x016B	0x1C88      	BTFSS      PORTD, 1
0x016C	0x2978      	GOTO       L_program_mode9
0x016D	0x300D      	MOVLW      13
0x016E	0x00FC      	MOVWF      R12
0x016F	0x30FB      	MOVLW      251
0x0170	0x00FD      	MOVWF      R13
L_program_mode10:
0x0171	0x0BFD      	DECFSZ     R13, 1
0x0172	0x2971      	GOTO       L_program_mode10
0x0173	0x0BFC      	DECFSZ     R12, 1
0x0174	0x2971      	GOTO       L_program_mode10
0x0175	0x0000      	NOP
0x0176	0x0000      	NOP
0x0177	0x296B      	GOTO       L_program_mode8
L_program_mode9:
;project.c,72 :: 		break;
0x0178	0x29C5      	GOTO       L_program_mode6
;project.c,73 :: 		}
L_program_mode7:
;project.c,74 :: 		if (portd.f2){
0x0179	0x1D08      	BTFSS      PORTD, 2
0x017A	0x299C      	GOTO       L_program_mode11
;project.c,75 :: 		while (portd.f2) delay_ms(5);
L_program_mode12:
0x017B	0x1D08      	BTFSS      PORTD, 2
0x017C	0x2988      	GOTO       L_program_mode13
0x017D	0x300D      	MOVLW      13
0x017E	0x00FC      	MOVWF      R12
0x017F	0x30FB      	MOVLW      251
0x0180	0x00FD      	MOVWF      R13
L_program_mode14:
0x0181	0x0BFD      	DECFSZ     R13, 1
0x0182	0x2981      	GOTO       L_program_mode14
0x0183	0x0BFC      	DECFSZ     R12, 1
0x0184	0x2981      	GOTO       L_program_mode14
0x0185	0x0000      	NOP
0x0186	0x0000      	NOP
0x0187	0x297B      	GOTO       L_program_mode12
L_program_mode13:
;project.c,76 :: 		on_time += on_time<99 ? 1 : 0;
0x0188	0x3000      	MOVLW      0
0x0189	0x0221      	SUBWF      _on_time+1, 0
0x018A	0x1D03      	BTFSS      STATUS, 2
0x018B	0x298E      	GOTO       L__program_mode79
0x018C	0x3063      	MOVLW      99
0x018D	0x0220      	SUBWF      _on_time, 0
L__program_mode79:
0x018E	0x1803      	BTFSC      STATUS, 0
0x018F	0x2993      	GOTO       L_program_mode15
0x0190	0x3001      	MOVLW      1
0x0191	0x00C2      	MOVWF      ?FLOC___program_modeT31
0x0192	0x2994      	GOTO       L_program_mode16
L_program_mode15:
0x0193	0x01C2      	CLRF       ?FLOC___program_modeT31
L_program_mode16:
0x0194	0x0842      	MOVF       ?FLOC___program_modeT31, 0
0x0195	0x07A0      	ADDWF      _on_time, 1
0x0196	0x1803      	BTFSC      STATUS, 0
0x0197	0x0AA1      	INCF       _on_time+1, 1
0x0198	0x3000      	MOVLW      0
0x0199	0x1BC2      	BTFSC      ?FLOC___program_modeT31, 7
0x019A	0x30FF      	MOVLW      255
0x019B	0x07A1      	ADDWF      _on_time+1, 1
;project.c,77 :: 		}
L_program_mode11:
;project.c,78 :: 		if (portd.f3){
0x019C	0x1D88      	BTFSS      PORTD, 3
0x019D	0x29BF      	GOTO       L_program_mode17
;project.c,79 :: 		while (portd.f3) delay_ms(5);
L_program_mode18:
0x019E	0x1D88      	BTFSS      PORTD, 3
0x019F	0x29AB      	GOTO       L_program_mode19
0x01A0	0x300D      	MOVLW      13
0x01A1	0x00FC      	MOVWF      R12
0x01A2	0x30FB      	MOVLW      251
0x01A3	0x00FD      	MOVWF      R13
L_program_mode20:
0x01A4	0x0BFD      	DECFSZ     R13, 1
0x01A5	0x29A4      	GOTO       L_program_mode20
0x01A6	0x0BFC      	DECFSZ     R12, 1
0x01A7	0x29A4      	GOTO       L_program_mode20
0x01A8	0x0000      	NOP
0x01A9	0x0000      	NOP
0x01AA	0x299E      	GOTO       L_program_mode18
L_program_mode19:
;project.c,80 :: 		on_time -= on_time>0 ? 1 : 0;
0x01AB	0x0821      	MOVF       _on_time+1, 0
0x01AC	0x3C00      	SUBLW      0
0x01AD	0x1D03      	BTFSS      STATUS, 2
0x01AE	0x29B1      	GOTO       L__program_mode80
0x01AF	0x0820      	MOVF       _on_time, 0
0x01B0	0x3C00      	SUBLW      0
L__program_mode80:
0x01B1	0x1803      	BTFSC      STATUS, 0
0x01B2	0x29B6      	GOTO       L_program_mode21
0x01B3	0x3001      	MOVLW      1
0x01B4	0x00C3      	MOVWF      ?FLOC___program_modeT36
0x01B5	0x29B7      	GOTO       L_program_mode22
L_program_mode21:
0x01B6	0x01C3      	CLRF       ?FLOC___program_modeT36
L_program_mode22:
0x01B7	0x0843      	MOVF       ?FLOC___program_modeT36, 0
0x01B8	0x02A0      	SUBWF      _on_time, 1
0x01B9	0x3000      	MOVLW      0
0x01BA	0x1BC3      	BTFSC      ?FLOC___program_modeT36, 7
0x01BB	0x30FF      	MOVLW      255
0x01BC	0x1C03      	BTFSS      STATUS, 0
0x01BD	0x3E01      	ADDLW      1
0x01BE	0x02A1      	SUBWF      _on_time+1, 1
;project.c,81 :: 		}
L_program_mode17:
;project.c,82 :: 		show_led(on_time);
0x01BF	0x0820      	MOVF       _on_time, 0
0x01C0	0x00C7      	MOVWF      FARG_show_led_value
0x01C1	0x0821      	MOVF       _on_time+1, 0
0x01C2	0x00C8      	MOVWF      FARG_show_led_value+1
0x01C3	0x2116      	CALL       _show_led
;project.c,83 :: 		}
0x01C4	0x2969      	GOTO       L_program_mode5
L_program_mode6:
;project.c,85 :: 		while (1){
L_program_mode23:
;project.c,87 :: 		if (portd.f1){
0x01C5	0x1C88      	BTFSS      PORTD, 1
0x01C6	0x29D5      	GOTO       L_program_mode25
;project.c,88 :: 		while (portd.f1) delay_ms(5);
L_program_mode26:
0x01C7	0x1C88      	BTFSS      PORTD, 1
0x01C8	0x29D4      	GOTO       L_program_mode27
0x01C9	0x300D      	MOVLW      13
0x01CA	0x00FC      	MOVWF      R12
0x01CB	0x30FB      	MOVLW      251
0x01CC	0x00FD      	MOVWF      R13
L_program_mode28:
0x01CD	0x0BFD      	DECFSZ     R13, 1
0x01CE	0x29CD      	GOTO       L_program_mode28
0x01CF	0x0BFC      	DECFSZ     R12, 1
0x01D0	0x29CD      	GOTO       L_program_mode28
0x01D1	0x0000      	NOP
0x01D2	0x0000      	NOP
0x01D3	0x29C7      	GOTO       L_program_mode26
L_program_mode27:
;project.c,89 :: 		break;
0x01D4	0x2A10      	GOTO       L_program_mode24
;project.c,90 :: 		}
L_program_mode25:
;project.c,91 :: 		if (portd.f2){
0x01D5	0x1D08      	BTFSS      PORTD, 2
0x01D6	0x29E7      	GOTO       L_program_mode29
;project.c,92 :: 		while (portd.f2) delay_ms(5);
L_program_mode30:
0x01D7	0x1D08      	BTFSS      PORTD, 2
0x01D8	0x29E4      	GOTO       L_program_mode31
0x01D9	0x300D      	MOVLW      13
0x01DA	0x00FC      	MOVWF      R12
0x01DB	0x30FB      	MOVLW      251
0x01DC	0x00FD      	MOVWF      R13
L_program_mode32:
0x01DD	0x0BFD      	DECFSZ     R13, 1
0x01DE	0x29DD      	GOTO       L_program_mode32
0x01DF	0x0BFC      	DECFSZ     R12, 1
0x01E0	0x29DD      	GOTO       L_program_mode32
0x01E1	0x0000      	NOP
0x01E2	0x0000      	NOP
0x01E3	0x29D7      	GOTO       L_program_mode30
L_program_mode31:
;project.c,93 :: 		off_time += 1;
0x01E4	0x0ABA      	INCF       _off_time, 1
0x01E5	0x1903      	BTFSC      STATUS, 2
0x01E6	0x0ABB      	INCF       _off_time+1, 1
;project.c,94 :: 		}
L_program_mode29:
;project.c,95 :: 		if (portd.f3){
0x01E7	0x1D88      	BTFSS      PORTD, 3
0x01E8	0x2A0A      	GOTO       L_program_mode33
;project.c,96 :: 		while (portd.f3) delay_ms(5);
L_program_mode34:
0x01E9	0x1D88      	BTFSS      PORTD, 3
0x01EA	0x29F6      	GOTO       L_program_mode35
0x01EB	0x300D      	MOVLW      13
0x01EC	0x00FC      	MOVWF      R12
0x01ED	0x30FB      	MOVLW      251
0x01EE	0x00FD      	MOVWF      R13
L_program_mode36:
0x01EF	0x0BFD      	DECFSZ     R13, 1
0x01F0	0x29EF      	GOTO       L_program_mode36
0x01F1	0x0BFC      	DECFSZ     R12, 1
0x01F2	0x29EF      	GOTO       L_program_mode36
0x01F3	0x0000      	NOP
0x01F4	0x0000      	NOP
0x01F5	0x29E9      	GOTO       L_program_mode34
L_program_mode35:
;project.c,97 :: 		off_time -= off_time>0 ? 1 : 0;
0x01F6	0x083B      	MOVF       _off_time+1, 0
0x01F7	0x3C00      	SUBLW      0
0x01F8	0x1D03      	BTFSS      STATUS, 2
0x01F9	0x29FC      	GOTO       L__program_mode81
0x01FA	0x083A      	MOVF       _off_time, 0
0x01FB	0x3C00      	SUBLW      0
L__program_mode81:
0x01FC	0x1803      	BTFSC      STATUS, 0
0x01FD	0x2A01      	GOTO       L_program_mode37
0x01FE	0x3001      	MOVLW      1
0x01FF	0x00C4      	MOVWF      ?FLOC___program_modeT46
0x0200	0x2A02      	GOTO       L_program_mode38
L_program_mode37:
0x0201	0x01C4      	CLRF       ?FLOC___program_modeT46
L_program_mode38:
0x0202	0x0844      	MOVF       ?FLOC___program_modeT46, 0
0x0203	0x02BA      	SUBWF      _off_time, 1
0x0204	0x3000      	MOVLW      0
0x0205	0x1BC4      	BTFSC      ?FLOC___program_modeT46, 7
0x0206	0x30FF      	MOVLW      255
0x0207	0x1C03      	BTFSS      STATUS, 0
0x0208	0x3E01      	ADDLW      1
0x0209	0x02BB      	SUBWF      _off_time+1, 1
;project.c,98 :: 		}
L_program_mode33:
;project.c,99 :: 		show_led(off_time);
0x020A	0x083A      	MOVF       _off_time, 0
0x020B	0x00C7      	MOVWF      FARG_show_led_value
0x020C	0x083B      	MOVF       _off_time+1, 0
0x020D	0x00C8      	MOVWF      FARG_show_led_value+1
0x020E	0x2116      	CALL       _show_led
;project.c,100 :: 		}
0x020F	0x29C5      	GOTO       L_program_mode23
L_program_mode24:
;project.c,102 :: 		while (1){
L_program_mode39:
;project.c,104 :: 		if (portd.f1){
0x0210	0x1C88      	BTFSS      PORTD, 1
0x0211	0x2A20      	GOTO       L_program_mode41
;project.c,105 :: 		while (portd.f1) delay_ms(5);
L_program_mode42:
0x0212	0x1C88      	BTFSS      PORTD, 1
0x0213	0x2A1F      	GOTO       L_program_mode43
0x0214	0x300D      	MOVLW      13
0x0215	0x00FC      	MOVWF      R12
0x0216	0x30FB      	MOVLW      251
0x0217	0x00FD      	MOVWF      R13
L_program_mode44:
0x0218	0x0BFD      	DECFSZ     R13, 1
0x0219	0x2A18      	GOTO       L_program_mode44
0x021A	0x0BFC      	DECFSZ     R12, 1
0x021B	0x2A18      	GOTO       L_program_mode44
0x021C	0x0000      	NOP
0x021D	0x0000      	NOP
0x021E	0x2A12      	GOTO       L_program_mode42
L_program_mode43:
;project.c,106 :: 		break;
0x021F	0x2A6C      	GOTO       L_program_mode40
;project.c,107 :: 		}
L_program_mode41:
;project.c,108 :: 		if (portd.f2){
0x0220	0x1D08      	BTFSS      PORTD, 2
0x0221	0x2A43      	GOTO       L_program_mode45
;project.c,109 :: 		while (portd.f2) delay_ms(5);
L_program_mode46:
0x0222	0x1D08      	BTFSS      PORTD, 2
0x0223	0x2A2F      	GOTO       L_program_mode47
0x0224	0x300D      	MOVLW      13
0x0225	0x00FC      	MOVWF      R12
0x0226	0x30FB      	MOVLW      251
0x0227	0x00FD      	MOVWF      R13
L_program_mode48:
0x0228	0x0BFD      	DECFSZ     R13, 1
0x0229	0x2A28      	GOTO       L_program_mode48
0x022A	0x0BFC      	DECFSZ     R12, 1
0x022B	0x2A28      	GOTO       L_program_mode48
0x022C	0x0000      	NOP
0x022D	0x0000      	NOP
0x022E	0x2A22      	GOTO       L_program_mode46
L_program_mode47:
;project.c,110 :: 		channels += channels<16 ? 1 : 0;
0x022F	0x3000      	MOVLW      0
0x0230	0x023D      	SUBWF      _channels+1, 0
0x0231	0x1D03      	BTFSS      STATUS, 2
0x0232	0x2A35      	GOTO       L__program_mode82
0x0233	0x3010      	MOVLW      16
0x0234	0x023C      	SUBWF      _channels, 0
L__program_mode82:
0x0235	0x1803      	BTFSC      STATUS, 0
0x0236	0x2A3A      	GOTO       L_program_mode49
0x0237	0x3001      	MOVLW      1
0x0238	0x00C5      	MOVWF      ?FLOC___program_modeT53
0x0239	0x2A3B      	GOTO       L_program_mode50
L_program_mode49:
0x023A	0x01C5      	CLRF       ?FLOC___program_modeT53
L_program_mode50:
0x023B	0x0845      	MOVF       ?FLOC___program_modeT53, 0
0x023C	0x07BC      	ADDWF      _channels, 1
0x023D	0x1803      	BTFSC      STATUS, 0
0x023E	0x0ABD      	INCF       _channels+1, 1
0x023F	0x3000      	MOVLW      0
0x0240	0x1BC5      	BTFSC      ?FLOC___program_modeT53, 7
0x0241	0x30FF      	MOVLW      255
0x0242	0x07BD      	ADDWF      _channels+1, 1
;project.c,111 :: 		}
L_program_mode45:
;project.c,112 :: 		if (portd.f3){
0x0243	0x1D88      	BTFSS      PORTD, 3
0x0244	0x2A66      	GOTO       L_program_mode51
;project.c,113 :: 		while (portd.f3) delay_ms(5);
L_program_mode52:
0x0245	0x1D88      	BTFSS      PORTD, 3
0x0246	0x2A52      	GOTO       L_program_mode53
0x0247	0x300D      	MOVLW      13
0x0248	0x00FC      	MOVWF      R12
0x0249	0x30FB      	MOVLW      251
0x024A	0x00FD      	MOVWF      R13
L_program_mode54:
0x024B	0x0BFD      	DECFSZ     R13, 1
0x024C	0x2A4B      	GOTO       L_program_mode54
0x024D	0x0BFC      	DECFSZ     R12, 1
0x024E	0x2A4B      	GOTO       L_program_mode54
0x024F	0x0000      	NOP
0x0250	0x0000      	NOP
0x0251	0x2A45      	GOTO       L_program_mode52
L_program_mode53:
;project.c,114 :: 		channels -= channels>0 ? 1 : 0;
0x0252	0x083D      	MOVF       _channels+1, 0
0x0253	0x3C00      	SUBLW      0
0x0254	0x1D03      	BTFSS      STATUS, 2
0x0255	0x2A58      	GOTO       L__program_mode83
0x0256	0x083C      	MOVF       _channels, 0
0x0257	0x3C00      	SUBLW      0
L__program_mode83:
0x0258	0x1803      	BTFSC      STATUS, 0
0x0259	0x2A5D      	GOTO       L_program_mode55
0x025A	0x3001      	MOVLW      1
0x025B	0x00C6      	MOVWF      ?FLOC___program_modeT58
0x025C	0x2A5E      	GOTO       L_program_mode56
L_program_mode55:
0x025D	0x01C6      	CLRF       ?FLOC___program_modeT58
L_program_mode56:
0x025E	0x0846      	MOVF       ?FLOC___program_modeT58, 0
0x025F	0x02BC      	SUBWF      _channels, 1
0x0260	0x3000      	MOVLW      0
0x0261	0x1BC6      	BTFSC      ?FLOC___program_modeT58, 7
0x0262	0x30FF      	MOVLW      255
0x0263	0x1C03      	BTFSS      STATUS, 0
0x0264	0x3E01      	ADDLW      1
0x0265	0x02BD      	SUBWF      _channels+1, 1
;project.c,115 :: 		}
L_program_mode51:
;project.c,116 :: 		show_led(channels);
0x0266	0x083C      	MOVF       _channels, 0
0x0267	0x00C7      	MOVWF      FARG_show_led_value
0x0268	0x083D      	MOVF       _channels+1, 0
0x0269	0x00C8      	MOVWF      FARG_show_led_value+1
0x026A	0x2116      	CALL       _show_led
;project.c,117 :: 		}
0x026B	0x2A10      	GOTO       L_program_mode39
L_program_mode40:
;project.c,118 :: 		write_rom();
0x026C	0x20D9      	CALL       _write_rom
;project.c,119 :: 		}
L_end_program_mode:
0x026D	0x0008      	RETURN
; end of _program_mode
_run_mode:
;project.c,121 :: 		void run_mode(){
;project.c,122 :: 		unsigned int i = 0;
0x026E	0x1283      	BCF        STATUS, 5
0x026F	0x1303      	BCF        STATUS, 6
0x0270	0x01C2      	CLRF       run_mode_i_L0
0x0271	0x01C3      	CLRF       run_mode_i_L0+1
0x0272	0x01C4      	CLRF       run_mode_j_L0
0x0273	0x01C5      	CLRF       run_mode_j_L0+1
;project.c,124 :: 		portc.f2 = 1;
0x0274	0x1507      	BSF        PORTC, 2
;project.c,126 :: 		while (1){
L_run_mode57:
;project.c,127 :: 		for (i = 0; i<channels; i++){
0x0275	0x01C2      	CLRF       run_mode_i_L0
0x0276	0x01C3      	CLRF       run_mode_i_L0+1
L_run_mode59:
0x0277	0x083D      	MOVF       _channels+1, 0
0x0278	0x0243      	SUBWF      run_mode_i_L0+1, 0
0x0279	0x1D03      	BTFSS      STATUS, 2
0x027A	0x2A7D      	GOTO       L__run_mode85
0x027B	0x083C      	MOVF       _channels, 0
0x027C	0x0242      	SUBWF      run_mode_i_L0, 0
L__run_mode85:
0x027D	0x1803      	BTFSC      STATUS, 0
0x027E	0x2ABE      	GOTO       L_run_mode60
;project.c,128 :: 		portc.f2 = 1;
0x027F	0x1507      	BSF        PORTC, 2
;project.c,129 :: 		porta = i;
0x0280	0x0842      	MOVF       run_mode_i_L0, 0
0x0281	0x0085      	MOVWF      PORTA
;project.c,130 :: 		for (j = 0; j<on_time; j++){
0x0282	0x01C4      	CLRF       run_mode_j_L0
0x0283	0x01C5      	CLRF       run_mode_j_L0+1
L_run_mode62:
0x0284	0x0821      	MOVF       _on_time+1, 0
0x0285	0x0245      	SUBWF      run_mode_j_L0+1, 0
0x0286	0x1D03      	BTFSS      STATUS, 2
0x0287	0x2A8A      	GOTO       L__run_mode86
0x0288	0x0820      	MOVF       _on_time, 0
0x0289	0x0244      	SUBWF      run_mode_j_L0, 0
L__run_mode86:
0x028A	0x1803      	BTFSC      STATUS, 0
0x028B	0x2A9D      	GOTO       L_run_mode63
;project.c,131 :: 		delay_ms(100);
0x028C	0x3002      	MOVLW      2
0x028D	0x00FB      	MOVWF      R11
0x028E	0x3004      	MOVLW      4
0x028F	0x00FC      	MOVWF      R12
0x0290	0x30BA      	MOVLW      186
0x0291	0x00FD      	MOVWF      R13
L_run_mode65:
0x0292	0x0BFD      	DECFSZ     R13, 1
0x0293	0x2A92      	GOTO       L_run_mode65
0x0294	0x0BFC      	DECFSZ     R12, 1
0x0295	0x2A92      	GOTO       L_run_mode65
0x0296	0x0BFB      	DECFSZ     R11, 1
0x0297	0x2A92      	GOTO       L_run_mode65
0x0298	0x0000      	NOP
;project.c,130 :: 		for (j = 0; j<on_time; j++){
0x0299	0x0AC4      	INCF       run_mode_j_L0, 1
0x029A	0x1903      	BTFSC      STATUS, 2
0x029B	0x0AC5      	INCF       run_mode_j_L0+1, 1
;project.c,132 :: 		}
0x029C	0x2A84      	GOTO       L_run_mode62
L_run_mode63:
;project.c,133 :: 		portc.f2 = 0;
0x029D	0x1107      	BCF        PORTC, 2
;project.c,134 :: 		for (j = 0; j<off_time; j++){
0x029E	0x01C4      	CLRF       run_mode_j_L0
0x029F	0x01C5      	CLRF       run_mode_j_L0+1
L_run_mode66:
0x02A0	0x083B      	MOVF       _off_time+1, 0
0x02A1	0x0245      	SUBWF      run_mode_j_L0+1, 0
0x02A2	0x1D03      	BTFSS      STATUS, 2
0x02A3	0x2AA6      	GOTO       L__run_mode87
0x02A4	0x083A      	MOVF       _off_time, 0
0x02A5	0x0244      	SUBWF      run_mode_j_L0, 0
L__run_mode87:
0x02A6	0x1803      	BTFSC      STATUS, 0
0x02A7	0x2ABA      	GOTO       L_run_mode67
;project.c,135 :: 		delay_ms(1000);
0x02A8	0x300B      	MOVLW      11
0x02A9	0x00FB      	MOVWF      R11
0x02AA	0x3026      	MOVLW      38
0x02AB	0x00FC      	MOVWF      R12
0x02AC	0x305D      	MOVLW      93
0x02AD	0x00FD      	MOVWF      R13
L_run_mode69:
0x02AE	0x0BFD      	DECFSZ     R13, 1
0x02AF	0x2AAE      	GOTO       L_run_mode69
0x02B0	0x0BFC      	DECFSZ     R12, 1
0x02B1	0x2AAE      	GOTO       L_run_mode69
0x02B2	0x0BFB      	DECFSZ     R11, 1
0x02B3	0x2AAE      	GOTO       L_run_mode69
0x02B4	0x0000      	NOP
0x02B5	0x0000      	NOP
;project.c,134 :: 		for (j = 0; j<off_time; j++){
0x02B6	0x0AC4      	INCF       run_mode_j_L0, 1
0x02B7	0x1903      	BTFSC      STATUS, 2
0x02B8	0x0AC5      	INCF       run_mode_j_L0+1, 1
;project.c,136 :: 		}
0x02B9	0x2AA0      	GOTO       L_run_mode66
L_run_mode67:
;project.c,127 :: 		for (i = 0; i<channels; i++){
0x02BA	0x0AC2      	INCF       run_mode_i_L0, 1
0x02BB	0x1903      	BTFSC      STATUS, 2
0x02BC	0x0AC3      	INCF       run_mode_i_L0+1, 1
;project.c,137 :: 		}
0x02BD	0x2A77      	GOTO       L_run_mode59
L_run_mode60:
;project.c,138 :: 		}
0x02BE	0x2A75      	GOTO       L_run_mode57
;project.c,139 :: 		}
L_end_run_mode:
0x02BF	0x0008      	RETURN
; end of _run_mode
_read_rom:
;project.c,36 :: 		void read_rom(){
;project.c,37 :: 		on_time = read_int(0x00);
0x02C0	0x1283      	BCF        STATUS, 5
0x02C1	0x1303      	BCF        STATUS, 6
0x02C2	0x01C7      	CLRF       FARG_read_int_add
0x02C3	0x01C8      	CLRF       FARG_read_int_add+1
0x02C4	0x2100      	CALL       _read_int
0x02C5	0x0870      	MOVF       R0, 0
0x02C6	0x00A0      	MOVWF      _on_time
0x02C7	0x0871      	MOVF       R0+1, 0
0x02C8	0x00A1      	MOVWF      _on_time+1
;project.c,38 :: 		off_time = read_int(0x02);
0x02C9	0x3002      	MOVLW      2
0x02CA	0x00C7      	MOVWF      FARG_read_int_add
0x02CB	0x3000      	MOVLW      0
0x02CC	0x00C8      	MOVWF      FARG_read_int_add+1
0x02CD	0x2100      	CALL       _read_int
0x02CE	0x0870      	MOVF       R0, 0
0x02CF	0x00BA      	MOVWF      _off_time
0x02D0	0x0871      	MOVF       R0+1, 0
0x02D1	0x00BB      	MOVWF      _off_time+1
;project.c,39 :: 		channels = read_int(0x04);
0x02D2	0x3004      	MOVLW      4
0x02D3	0x00C7      	MOVWF      FARG_read_int_add
0x02D4	0x3000      	MOVLW      0
0x02D5	0x00C8      	MOVWF      FARG_read_int_add+1
0x02D6	0x2100      	CALL       _read_int
0x02D7	0x0870      	MOVF       R0, 0
0x02D8	0x00BC      	MOVWF      _channels
0x02D9	0x0871      	MOVF       R0+1, 0
0x02DA	0x00BD      	MOVWF      _channels+1
;project.c,40 :: 		}
L_end_read_rom:
0x02DB	0x0008      	RETURN
; end of _read_rom
_init:
;project.c,1 :: 		void init(){
;project.c,2 :: 		trisb = 0x00;
0x02DC	0x1683      	BSF        STATUS, 5
0x02DD	0x1303      	BCF        STATUS, 6
0x02DE	0x0186      	CLRF       TRISB
;project.c,3 :: 		trisc = 0x00;
0x02DF	0x0187      	CLRF       TRISC
;project.c,4 :: 		trisd = 0xff;
0x02E0	0x30FF      	MOVLW      255
0x02E1	0x0088      	MOVWF      TRISD
;project.c,5 :: 		trisa = 0x00;
0x02E2	0x0185      	CLRF       TRISA
;project.c,6 :: 		portb = 0x00;
0x02E3	0x1283      	BCF        STATUS, 5
0x02E4	0x0186      	CLRF       PORTB
;project.c,7 :: 		portc = 0x00;
0x02E5	0x0187      	CLRF       PORTC
;project.c,8 :: 		portd = 0x00;
0x02E6	0x0188      	CLRF       PORTD
;project.c,9 :: 		porta = 0x00;
0x02E7	0x0185      	CLRF       PORTA
;project.c,10 :: 		}
L_end_init:
0x02E8	0x0008      	RETURN
; end of _init
___CC2DW:
;__Lib_System.c,134 :: 		
;__Lib_System.c,137 :: 		
_CC2D_Loop1:
;__Lib_System.c,139 :: 		
0x02E9	0x20F9      	CALL       _____DoICP
0x02EA	0x118A      	BCF        PCLATH, 3
0x02EB	0x120A      	BCF        PCLATH, 4
;__Lib_System.c,141 :: 		
0x02EC	0x0080      	MOVWF      INDF
;__Lib_System.c,142 :: 		
0x02ED	0x0A84      	INCF       FSR, 1
;__Lib_System.c,143 :: 		
0x02EE	0x0AC0      	INCF       ___DoICPAddr, 1
;__Lib_System.c,145 :: 		
0x02EF	0x1903      	BTFSC      STATUS, 2
;__Lib_System.c,146 :: 		
0x02F0	0x0AC1      	INCF       ___DoICPAddr+1, 1
;__Lib_System.c,147 :: 		
0x02F1	0x03F0      	DECF       R0, 1
;__Lib_System.c,149 :: 		
0x02F2	0x1D03      	BTFSS      STATUS, 2
;__Lib_System.c,150 :: 		
0x02F3	0x2AE9      	GOTO       _CC2D_Loop1
;__Lib_System.c,152 :: 		
L_end___CC2DW:
0x02F4	0x0008      	RETURN
; end of ___CC2DW
_get_mode:
;project.c,28 :: 		void get_mode(){
;project.c,29 :: 		delay_ms(100);
0x02F5	0x3002      	MOVLW      2
0x02F6	0x1283      	BCF        STATUS, 5
0x02F7	0x1303      	BCF        STATUS, 6
0x02F8	0x00FB      	MOVWF      R11
0x02F9	0x3004      	MOVLW      4
0x02FA	0x00FC      	MOVWF      R12
0x02FB	0x30BA      	MOVLW      186
0x02FC	0x00FD      	MOVWF      R13
L_get_mode0:
0x02FD	0x0BFD      	DECFSZ     R13, 1
0x02FE	0x2AFD      	GOTO       L_get_mode0
0x02FF	0x0BFC      	DECFSZ     R12, 1
0x0300	0x2AFD      	GOTO       L_get_mode0
0x0301	0x0BFB      	DECFSZ     R11, 1
0x0302	0x2AFD      	GOTO       L_get_mode0
0x0303	0x0000      	NOP
;project.c,30 :: 		if (portd.f0){
0x0304	0x1C08      	BTFSS      PORTD, 0
0x0305	0x2B0B      	GOTO       L_get_mode1
;project.c,31 :: 		mode = 1;
0x0306	0x3001      	MOVLW      1
0x0307	0x00B8      	MOVWF      _mode
0x0308	0x3000      	MOVLW      0
0x0309	0x00B9      	MOVWF      _mode+1
;project.c,32 :: 		} else{
0x030A	0x2B0D      	GOTO       L_get_mode2
L_get_mode1:
;project.c,33 :: 		mode = 0;
0x030B	0x01B8      	CLRF       _mode
0x030C	0x01B9      	CLRF       _mode+1
;project.c,34 :: 		}
L_get_mode2:
;project.c,35 :: 		}
L_end_get_mode:
0x030D	0x0008      	RETURN
; end of _get_mode
_main:
0x030E	0x1283      	BCF        STATUS, 5
0x030F	0x1303      	BCF        STATUS, 6
0x0310	0x01A0      	CLRF       _on_time
0x0311	0x01A1      	CLRF       33
0x0312	0x01A2      	CLRF       _digit0
0x0313	0x01A3      	CLRF       35
0x0314	0x303F      	MOVLW      63
0x0315	0x00A4      	MOVWF      _arr
0x0316	0x01A5      	CLRF       37
0x0317	0x3006      	MOVLW      6
0x0318	0x00A6      	MOVWF      38
0x0319	0x01A7      	CLRF       39
0x031A	0x305B      	MOVLW      91
0x031B	0x00A8      	MOVWF      40
0x031C	0x01A9      	CLRF       41
0x031D	0x304F      	MOVLW      79
0x031E	0x00AA      	MOVWF      42
0x031F	0x01AB      	CLRF       43
0x0320	0x3066      	MOVLW      102
0x0321	0x00AC      	MOVWF      44
0x0322	0x01AD      	CLRF       45
0x0323	0x306D      	MOVLW      109
0x0324	0x00AE      	MOVWF      46
0x0325	0x01AF      	CLRF       47
0x0326	0x307D      	MOVLW      125
0x0327	0x00B0      	MOVWF      48
0x0328	0x01B1      	CLRF       49
0x0329	0x3007      	MOVLW      7
0x032A	0x00B2      	MOVWF      50
0x032B	0x01B3      	CLRF       51
0x032C	0x307F      	MOVLW      127
0x032D	0x00B4      	MOVWF      52
0x032E	0x01B5      	CLRF       53
0x032F	0x306F      	MOVLW      111
0x0330	0x00B6      	MOVWF      54
0x0331	0x01B7      	CLRF       55
0x0332	0x3001      	MOVLW      1
0x0333	0x00B8      	MOVWF      _mode
0x0334	0x01B9      	CLRF       57
0x0335	0x01BA      	CLRF       _off_time
0x0336	0x01BB      	CLRF       59
0x0337	0x01BC      	CLRF       _channels
0x0338	0x01BD      	CLRF       61
0x0339	0x01BE      	CLRF       _digit1
0x033A	0x01BF      	CLRF       63
;project.c,141 :: 		void main(){
;project.c,142 :: 		init();
0x033B	0x22DC      	CALL       _init
;project.c,143 :: 		get_mode();
0x033C	0x22F5      	CALL       _get_mode
;project.c,144 :: 		read_rom();
0x033D	0x22C0      	CALL       _read_rom
;project.c,145 :: 		if (mode){
0x033E	0x0838      	MOVF       _mode, 0
0x033F	0x0439      	IORWF      _mode+1, 0
0x0340	0x1903      	BTFSC      STATUS, 2
0x0341	0x2B43      	GOTO       L_main70
;project.c,146 :: 		program_mode();
0x0342	0x2161      	CALL       _program_mode
;project.c,147 :: 		}
L_main70:
;project.c,148 :: 		run_mode();
0x0343	0x226E      	CALL       _run_mode
;project.c,149 :: 		}
L_end_main:
0x0344	0x2B44      	GOTO       $+0
; end of _main
Symbol List:
//** Routines locations **
//ADDRESS    SIZE    PROCEDURE
//----------------------------------------------
0x0003      [44]    _Div_16x16_S_L
0x002F      [33]    _EEPROM_Write
0x0050      [20]    _write_int
0x0064      [12]    _EEPROM_Read
0x0070     [105]    _Div_16x16_S
0x00D9      [32]    _write_rom
0x00F9       [7]    _____DoICP
0x0100      [22]    _read_int
0x0116      [75]    _show_led
0x0161     [269]    _program_mode
0x026E      [82]    _run_mode
0x02C0      [28]    _read_rom
0x02DC      [13]    _init
0x02E9      [12]    ___CC2DW
0x02F5      [25]    _get_mode
0x030E      [55]    _main
//** Variables locations ** 
//ADDRESS    SIZE    VARIABLE
//----------------------------------------------
0x0000       [1]    INDF
0x0002       [1]    PCL
0x0003       [1]    STATUS
0x0004       [1]    FSR
0x0005       [1]    PORTA
0x0006       [1]    PORTB
0x0007       [1]    PORTC
0x0008       [1]    PORTD
0x000A       [1]    PCLATH
0x000B       [1]    INTCON
0x0020       [2]    _on_time
0x0022       [2]    _digit0
0x0024      [20]    _arr
0x0038       [2]    _mode
0x003A       [2]    _off_time
0x003C       [2]    _channels
0x003E       [2]    _digit1
0x0040       [2]    ___DoICPAddr
0x0042       [1]    ?FLOC___program_modeT31
0x0042       [2]    run_mode_i_L0
0x0043       [1]    ?FLOC___program_modeT36
0x0044       [1]    ?FLOC___program_modeT46
0x0044       [2]    run_mode_j_L0
0x0045       [1]    ?FLOC___program_modeT53
0x0046       [1]    ?FLOC___program_modeT58
0x0047       [2]    FARG_read_int_add
0x0047       [2]    FARG_show_led_value
0x0049       [1]    FLOC__read_int
0x004A       [1]    FARG_EEPROM_Read_Address
0x004A       [2]    FARG_write_int_add
0x004C       [2]    FARG_write_int_val
0x004E       [1]    FARG_EEPROM_Write_Address
0x004F       [1]    FARG_EEPROM_Write_data_
0x0070       [1]    R0
0x0071       [1]    R1
0x0072       [1]    R2
0x0073       [1]    R3
0x0074       [1]    R4
0x0075       [1]    R5
0x0076       [1]    R6
0x0077       [1]    R7
0x0078       [1]    R8
0x0079       [1]    R9
0x007A       [1]    R10
0x007B       [1]    R11
0x007C       [1]    R12
0x007D       [1]    R13
0x007E       [1]    R14
0x007F       [1]    R15
0x0085       [1]    TRISA
0x0086       [1]    TRISB
0x0087       [1]    TRISC
0x0088       [1]    TRISD
0x010C       [1]    EEDATA
0x010D       [1]    EEADR
0x018C       [1]    EECON1
0x018D       [1]    EECON2
