;  LST file generated by mikroListExporter - v.2.0 
; Date/Time: 5/18/2024 3:02:18 PM
;----------------------------------------------

;Address Opcode 	ASM
0x0000	0x2816      	GOTO       22
_____DoICP:
;__Lib_System.c,6 :: 		
;__Lib_System.c,9 :: 		
0x0003	0x1283      	BCF        STATUS, 5
0x0004	0x1303      	BCF        STATUS, 6
0x0005	0x082B      	MOVF       ___DoICPAddr+1, 0
0x0006	0x008A      	MOVWF      PCLATH
;__Lib_System.c,10 :: 		
0x0007	0x082A      	MOVF       ___DoICPAddr, 0
0x0008	0x0082      	MOVWF      PCL
;__Lib_System.c,12 :: 		
L_end_____DoICP:
0x0009	0x0008      	RETURN
; end of _____DoICP
___CC2DW:
;__Lib_System.c,134 :: 		
;__Lib_System.c,137 :: 		
_CC2D_Loop1:
;__Lib_System.c,139 :: 		
0x000A	0x2003      	CALL       _____DoICP
0x000B	0x118A      	BCF        PCLATH, 3
0x000C	0x120A      	BCF        PCLATH, 4
;__Lib_System.c,141 :: 		
0x000D	0x0080      	MOVWF      INDF
;__Lib_System.c,142 :: 		
0x000E	0x0A84      	INCF       FSR, 1
;__Lib_System.c,143 :: 		
0x000F	0x0AAA      	INCF       ___DoICPAddr, 1
;__Lib_System.c,145 :: 		
0x0010	0x1903      	BTFSC      STATUS, 2
;__Lib_System.c,146 :: 		
0x0011	0x0AAB      	INCF       ___DoICPAddr+1, 1
;__Lib_System.c,147 :: 		
0x0012	0x03F0      	DECF       R0, 1
;__Lib_System.c,149 :: 		
0x0013	0x1D03      	BTFSS      STATUS, 2
;__Lib_System.c,150 :: 		
0x0014	0x280A      	GOTO       _CC2D_Loop1
;__Lib_System.c,152 :: 		
L_end___CC2DW:
0x0015	0x0008      	RETURN
; end of ___CC2DW
_main:
0x0016	0x303F      	MOVLW      63
0x0017	0x1283      	BCF        STATUS, 5
0x0018	0x1303      	BCF        STATUS, 6
0x0019	0x00A0      	MOVWF      _arr
0x001A	0x3006      	MOVLW      6
0x001B	0x00A1      	MOVWF      33
0x001C	0x305B      	MOVLW      91
0x001D	0x00A2      	MOVWF      34
0x001E	0x304F      	MOVLW      79
0x001F	0x00A3      	MOVWF      35
0x0020	0x3066      	MOVLW      102
0x0021	0x00A4      	MOVWF      36
0x0022	0x306D      	MOVLW      109
0x0023	0x00A5      	MOVWF      37
0x0024	0x307D      	MOVLW      125
0x0025	0x00A6      	MOVWF      38
0x0026	0x3007      	MOVLW      7
0x0027	0x00A7      	MOVWF      39
0x0028	0x307F      	MOVLW      127
0x0029	0x00A8      	MOVWF      40
0x002A	0x306F      	MOVLW      111
0x002B	0x00A9      	MOVWF      41
;sevensegment.c,4 :: 		void main() {
;sevensegment.c,5 :: 		int i=0;
0x002C	0x01AC      	CLRF       main_i_L0
0x002D	0x01AD      	CLRF       main_i_L0+1
;sevensegment.c,6 :: 		TRISB=0x00;
0x002E	0x1683      	BSF        STATUS, 5
0x002F	0x0186      	CLRF       TRISB
;sevensegment.c,7 :: 		PORTB=0x00;
0x0030	0x1283      	BCF        STATUS, 5
0x0031	0x0186      	CLRF       PORTB
;sevensegment.c,9 :: 		TRISC.f0=0xff;
0x0032	0x1683      	BSF        STATUS, 5
0x0033	0x1407      	BSF        TRISC, 0
;sevensegment.c,10 :: 		TRISC.f1=0xff;
0x0034	0x1487      	BSF        TRISC, 1
;sevensegment.c,12 :: 		portc.f0=0x00;
0x0035	0x1283      	BCF        STATUS, 5
0x0036	0x1007      	BCF        PORTC, 0
;sevensegment.c,13 :: 		portc.f0=0x00;
0x0037	0x1007      	BCF        PORTC, 0
;sevensegment.c,16 :: 		while(1){
L_main0:
;sevensegment.c,17 :: 		if(portc.f0 && i<9){
0x0038	0x1C07      	BTFSS      PORTC, 0
0x0039	0x2854      	GOTO       L_main4
0x003A	0x3080      	MOVLW      128
0x003B	0x062D      	XORWF      main_i_L0+1, 0
0x003C	0x00F0      	MOVWF      R0
0x003D	0x3080      	MOVLW      128
0x003E	0x0270      	SUBWF      R0, 0
0x003F	0x1D03      	BTFSS      STATUS, 2
0x0040	0x2843      	GOTO       L__main325
0x0041	0x3009      	MOVLW      9
0x0042	0x022C      	SUBWF      main_i_L0, 0
L__main325:
0x0043	0x1803      	BTFSC      STATUS, 0
0x0044	0x2854      	GOTO       L_main4
L__main323:
;sevensegment.c,18 :: 		while(portc.f0) delay_ms(10);
L_main5:
0x0045	0x1C07      	BTFSS      PORTC, 0
0x0046	0x2851      	GOTO       L_main6
0x0047	0x301A      	MOVLW      26
0x0048	0x00FC      	MOVWF      R12
0x0049	0x30F8      	MOVLW      248
0x004A	0x00FD      	MOVWF      R13
L_main7:
0x004B	0x0BFD      	DECFSZ     R13, 1
0x004C	0x284B      	GOTO       L_main7
0x004D	0x0BFC      	DECFSZ     R12, 1
0x004E	0x284B      	GOTO       L_main7
0x004F	0x0000      	NOP
0x0050	0x2845      	GOTO       L_main5
L_main6:
;sevensegment.c,19 :: 		i++;
0x0051	0x0AAC      	INCF       main_i_L0, 1
0x0052	0x1903      	BTFSC      STATUS, 2
0x0053	0x0AAD      	INCF       main_i_L0+1, 1
;sevensegment.c,20 :: 		}
L_main4:
;sevensegment.c,22 :: 		if(portc.f1 && i>0){
0x0054	0x1C87      	BTFSS      PORTC, 1
0x0055	0x2871      	GOTO       L_main10
0x0056	0x3080      	MOVLW      128
0x0057	0x00F0      	MOVWF      R0
0x0058	0x3080      	MOVLW      128
0x0059	0x062D      	XORWF      main_i_L0+1, 0
0x005A	0x0270      	SUBWF      R0, 0
0x005B	0x1D03      	BTFSS      STATUS, 2
0x005C	0x285F      	GOTO       L__main326
0x005D	0x082C      	MOVF       main_i_L0, 0
0x005E	0x3C00      	SUBLW      0
L__main326:
0x005F	0x1803      	BTFSC      STATUS, 0
0x0060	0x2871      	GOTO       L_main10
L__main322:
;sevensegment.c,23 :: 		while(portc.f1) delay_ms(10);
L_main11:
0x0061	0x1C87      	BTFSS      PORTC, 1
0x0062	0x286D      	GOTO       L_main12
0x0063	0x301A      	MOVLW      26
0x0064	0x00FC      	MOVWF      R12
0x0065	0x30F8      	MOVLW      248
0x0066	0x00FD      	MOVWF      R13
L_main13:
0x0067	0x0BFD      	DECFSZ     R13, 1
0x0068	0x2867      	GOTO       L_main13
0x0069	0x0BFC      	DECFSZ     R12, 1
0x006A	0x2867      	GOTO       L_main13
0x006B	0x0000      	NOP
0x006C	0x2861      	GOTO       L_main11
L_main12:
;sevensegment.c,24 :: 		i--;
0x006D	0x3001      	MOVLW      1
0x006E	0x02AC      	SUBWF      main_i_L0, 1
0x006F	0x1C03      	BTFSS      STATUS, 0
0x0070	0x03AD      	DECF       main_i_L0+1, 1
;sevensegment.c,25 :: 		}
L_main10:
;sevensegment.c,26 :: 		portb=arr[i];
0x0071	0x082C      	MOVF       main_i_L0, 0
0x0072	0x3E20      	ADDLW      _arr
0x0073	0x0084      	MOVWF      FSR
0x0074	0x0800      	MOVF       INDF, 0
0x0075	0x0086      	MOVWF      PORTB
;sevensegment.c,28 :: 		if(portc.f0 && i<9){
0x0076	0x1C07      	BTFSS      PORTC, 0
0x0077	0x2892      	GOTO       L_main16
0x0078	0x3080      	MOVLW      128
0x0079	0x062D      	XORWF      main_i_L0+1, 0
0x007A	0x00F0      	MOVWF      R0
0x007B	0x3080      	MOVLW      128
0x007C	0x0270      	SUBWF      R0, 0
0x007D	0x1D03      	BTFSS      STATUS, 2
0x007E	0x2881      	GOTO       L__main327
0x007F	0x3009      	MOVLW      9
0x0080	0x022C      	SUBWF      main_i_L0, 0
L__main327:
0x0081	0x1803      	BTFSC      STATUS, 0
0x0082	0x2892      	GOTO       L_main16
L__main321:
;sevensegment.c,29 :: 		while(portc.f0) delay_ms(10);
L_main17:
0x0083	0x1C07      	BTFSS      PORTC, 0
0x0084	0x288F      	GOTO       L_main18
0x0085	0x301A      	MOVLW      26
0x0086	0x00FC      	MOVWF      R12
0x0087	0x30F8      	MOVLW      248
0x0088	0x00FD      	MOVWF      R13
L_main19:
0x0089	0x0BFD      	DECFSZ     R13, 1
0x008A	0x2889      	GOTO       L_main19
0x008B	0x0BFC      	DECFSZ     R12, 1
0x008C	0x2889      	GOTO       L_main19
0x008D	0x0000      	NOP
0x008E	0x2883      	GOTO       L_main17
L_main18:
;sevensegment.c,30 :: 		i++;
0x008F	0x0AAC      	INCF       main_i_L0, 1
0x0090	0x1903      	BTFSC      STATUS, 2
0x0091	0x0AAD      	INCF       main_i_L0+1, 1
;sevensegment.c,31 :: 		}
L_main16:
;sevensegment.c,33 :: 		if(portc.f1 && i>0){
0x0092	0x1C87      	BTFSS      PORTC, 1
0x0093	0x28AF      	GOTO       L_main22
0x0094	0x3080      	MOVLW      128
0x0095	0x00F0      	MOVWF      R0
0x0096	0x3080      	MOVLW      128
0x0097	0x062D      	XORWF      main_i_L0+1, 0
0x0098	0x0270      	SUBWF      R0, 0
0x0099	0x1D03      	BTFSS      STATUS, 2
0x009A	0x289D      	GOTO       L__main328
0x009B	0x082C      	MOVF       main_i_L0, 0
0x009C	0x3C00      	SUBLW      0
L__main328:
0x009D	0x1803      	BTFSC      STATUS, 0
0x009E	0x28AF      	GOTO       L_main22
L__main320:
;sevensegment.c,34 :: 		while(portc.f1) delay_ms(10);
L_main23:
0x009F	0x1C87      	BTFSS      PORTC, 1
0x00A0	0x28AB      	GOTO       L_main24
0x00A1	0x301A      	MOVLW      26
0x00A2	0x00FC      	MOVWF      R12
0x00A3	0x30F8      	MOVLW      248
0x00A4	0x00FD      	MOVWF      R13
L_main25:
0x00A5	0x0BFD      	DECFSZ     R13, 1
0x00A6	0x28A5      	GOTO       L_main25
0x00A7	0x0BFC      	DECFSZ     R12, 1
0x00A8	0x28A5      	GOTO       L_main25
0x00A9	0x0000      	NOP
0x00AA	0x289F      	GOTO       L_main23
L_main24:
;sevensegment.c,35 :: 		i--;
0x00AB	0x3001      	MOVLW      1
0x00AC	0x02AC      	SUBWF      main_i_L0, 1
0x00AD	0x1C03      	BTFSS      STATUS, 0
0x00AE	0x03AD      	DECF       main_i_L0+1, 1
;sevensegment.c,36 :: 		}
L_main22:
;sevensegment.c,37 :: 		portb=arr[i];
0x00AF	0x082C      	MOVF       main_i_L0, 0
0x00B0	0x3E20      	ADDLW      _arr
0x00B1	0x0084      	MOVWF      FSR
0x00B2	0x0800      	MOVF       INDF, 0
0x00B3	0x0086      	MOVWF      PORTB
;sevensegment.c,39 :: 		if(portc.f0 && i<9){
0x00B4	0x1C07      	BTFSS      PORTC, 0
0x00B5	0x28D0      	GOTO       L_main28
0x00B6	0x3080      	MOVLW      128
0x00B7	0x062D      	XORWF      main_i_L0+1, 0
0x00B8	0x00F0      	MOVWF      R0
0x00B9	0x3080      	MOVLW      128
0x00BA	0x0270      	SUBWF      R0, 0
0x00BB	0x1D03      	BTFSS      STATUS, 2
0x00BC	0x28BF      	GOTO       L__main329
0x00BD	0x3009      	MOVLW      9
0x00BE	0x022C      	SUBWF      main_i_L0, 0
L__main329:
0x00BF	0x1803      	BTFSC      STATUS, 0
0x00C0	0x28D0      	GOTO       L_main28
L__main319:
;sevensegment.c,40 :: 		while(portc.f0) delay_ms(10);
L_main29:
0x00C1	0x1C07      	BTFSS      PORTC, 0
0x00C2	0x28CD      	GOTO       L_main30
0x00C3	0x301A      	MOVLW      26
0x00C4	0x00FC      	MOVWF      R12
0x00C5	0x30F8      	MOVLW      248
0x00C6	0x00FD      	MOVWF      R13
L_main31:
0x00C7	0x0BFD      	DECFSZ     R13, 1
0x00C8	0x28C7      	GOTO       L_main31
0x00C9	0x0BFC      	DECFSZ     R12, 1
0x00CA	0x28C7      	GOTO       L_main31
0x00CB	0x0000      	NOP
0x00CC	0x28C1      	GOTO       L_main29
L_main30:
;sevensegment.c,41 :: 		i++;
0x00CD	0x0AAC      	INCF       main_i_L0, 1
0x00CE	0x1903      	BTFSC      STATUS, 2
0x00CF	0x0AAD      	INCF       main_i_L0+1, 1
;sevensegment.c,42 :: 		}
L_main28:
;sevensegment.c,44 :: 		if(portc.f1 && i>0){
0x00D0	0x1C87      	BTFSS      PORTC, 1
0x00D1	0x28ED      	GOTO       L_main34
0x00D2	0x3080      	MOVLW      128
0x00D3	0x00F0      	MOVWF      R0
0x00D4	0x3080      	MOVLW      128
0x00D5	0x062D      	XORWF      main_i_L0+1, 0
0x00D6	0x0270      	SUBWF      R0, 0
0x00D7	0x1D03      	BTFSS      STATUS, 2
0x00D8	0x28DB      	GOTO       L__main330
0x00D9	0x082C      	MOVF       main_i_L0, 0
0x00DA	0x3C00      	SUBLW      0
L__main330:
0x00DB	0x1803      	BTFSC      STATUS, 0
0x00DC	0x28ED      	GOTO       L_main34
L__main318:
;sevensegment.c,45 :: 		while(portc.f1) delay_ms(10);
L_main35:
0x00DD	0x1C87      	BTFSS      PORTC, 1
0x00DE	0x28E9      	GOTO       L_main36
0x00DF	0x301A      	MOVLW      26
0x00E0	0x00FC      	MOVWF      R12
0x00E1	0x30F8      	MOVLW      248
0x00E2	0x00FD      	MOVWF      R13
L_main37:
0x00E3	0x0BFD      	DECFSZ     R13, 1
0x00E4	0x28E3      	GOTO       L_main37
0x00E5	0x0BFC      	DECFSZ     R12, 1
0x00E6	0x28E3      	GOTO       L_main37
0x00E7	0x0000      	NOP
0x00E8	0x28DD      	GOTO       L_main35
L_main36:
;sevensegment.c,46 :: 		i--;
0x00E9	0x3001      	MOVLW      1
0x00EA	0x02AC      	SUBWF      main_i_L0, 1
0x00EB	0x1C03      	BTFSS      STATUS, 0
0x00EC	0x03AD      	DECF       main_i_L0+1, 1
;sevensegment.c,47 :: 		}
L_main34:
;sevensegment.c,48 :: 		portb=arr[i];
0x00ED	0x082C      	MOVF       main_i_L0, 0
0x00EE	0x3E20      	ADDLW      _arr
0x00EF	0x0084      	MOVWF      FSR
0x00F0	0x0800      	MOVF       INDF, 0
0x00F1	0x0086      	MOVWF      PORTB
;sevensegment.c,50 :: 		if(portc.f0 && i<9){
0x00F2	0x1C07      	BTFSS      PORTC, 0
0x00F3	0x290E      	GOTO       L_main40
0x00F4	0x3080      	MOVLW      128
0x00F5	0x062D      	XORWF      main_i_L0+1, 0
0x00F6	0x00F0      	MOVWF      R0
0x00F7	0x3080      	MOVLW      128
0x00F8	0x0270      	SUBWF      R0, 0
0x00F9	0x1D03      	BTFSS      STATUS, 2
0x00FA	0x28FD      	GOTO       L__main331
0x00FB	0x3009      	MOVLW      9
0x00FC	0x022C      	SUBWF      main_i_L0, 0
L__main331:
0x00FD	0x1803      	BTFSC      STATUS, 0
0x00FE	0x290E      	GOTO       L_main40
L__main317:
;sevensegment.c,51 :: 		while(portc.f0) delay_ms(10);
L_main41:
0x00FF	0x1C07      	BTFSS      PORTC, 0
0x0100	0x290B      	GOTO       L_main42
0x0101	0x301A      	MOVLW      26
0x0102	0x00FC      	MOVWF      R12
0x0103	0x30F8      	MOVLW      248
0x0104	0x00FD      	MOVWF      R13
L_main43:
0x0105	0x0BFD      	DECFSZ     R13, 1
0x0106	0x2905      	GOTO       L_main43
0x0107	0x0BFC      	DECFSZ     R12, 1
0x0108	0x2905      	GOTO       L_main43
0x0109	0x0000      	NOP
0x010A	0x28FF      	GOTO       L_main41
L_main42:
;sevensegment.c,52 :: 		i++;
0x010B	0x0AAC      	INCF       main_i_L0, 1
0x010C	0x1903      	BTFSC      STATUS, 2
0x010D	0x0AAD      	INCF       main_i_L0+1, 1
;sevensegment.c,53 :: 		}
L_main40:
;sevensegment.c,55 :: 		if(portc.f1 && i>0){
0x010E	0x1C87      	BTFSS      PORTC, 1
0x010F	0x292B      	GOTO       L_main46
0x0110	0x3080      	MOVLW      128
0x0111	0x00F0      	MOVWF      R0
0x0112	0x3080      	MOVLW      128
0x0113	0x062D      	XORWF      main_i_L0+1, 0
0x0114	0x0270      	SUBWF      R0, 0
0x0115	0x1D03      	BTFSS      STATUS, 2
0x0116	0x2919      	GOTO       L__main332
0x0117	0x082C      	MOVF       main_i_L0, 0
0x0118	0x3C00      	SUBLW      0
L__main332:
0x0119	0x1803      	BTFSC      STATUS, 0
0x011A	0x292B      	GOTO       L_main46
L__main316:
;sevensegment.c,56 :: 		while(portc.f1) delay_ms(10);
L_main47:
0x011B	0x1C87      	BTFSS      PORTC, 1
0x011C	0x2927      	GOTO       L_main48
0x011D	0x301A      	MOVLW      26
0x011E	0x00FC      	MOVWF      R12
0x011F	0x30F8      	MOVLW      248
0x0120	0x00FD      	MOVWF      R13
L_main49:
0x0121	0x0BFD      	DECFSZ     R13, 1
0x0122	0x2921      	GOTO       L_main49
0x0123	0x0BFC      	DECFSZ     R12, 1
0x0124	0x2921      	GOTO       L_main49
0x0125	0x0000      	NOP
0x0126	0x291B      	GOTO       L_main47
L_main48:
;sevensegment.c,57 :: 		i--;
0x0127	0x3001      	MOVLW      1
0x0128	0x02AC      	SUBWF      main_i_L0, 1
0x0129	0x1C03      	BTFSS      STATUS, 0
0x012A	0x03AD      	DECF       main_i_L0+1, 1
;sevensegment.c,58 :: 		}
L_main46:
;sevensegment.c,59 :: 		portb=arr[i];
0x012B	0x082C      	MOVF       main_i_L0, 0
0x012C	0x3E20      	ADDLW      _arr
0x012D	0x0084      	MOVWF      FSR
0x012E	0x0800      	MOVF       INDF, 0
0x012F	0x0086      	MOVWF      PORTB
;sevensegment.c,61 :: 		if(portc.f0 && i<9){
0x0130	0x1C07      	BTFSS      PORTC, 0
0x0131	0x294C      	GOTO       L_main52
0x0132	0x3080      	MOVLW      128
0x0133	0x062D      	XORWF      main_i_L0+1, 0
0x0134	0x00F0      	MOVWF      R0
0x0135	0x3080      	MOVLW      128
0x0136	0x0270      	SUBWF      R0, 0
0x0137	0x1D03      	BTFSS      STATUS, 2
0x0138	0x293B      	GOTO       L__main333
0x0139	0x3009      	MOVLW      9
0x013A	0x022C      	SUBWF      main_i_L0, 0
L__main333:
0x013B	0x1803      	BTFSC      STATUS, 0
0x013C	0x294C      	GOTO       L_main52
L__main315:
;sevensegment.c,62 :: 		while(portc.f0) delay_ms(10);
L_main53:
0x013D	0x1C07      	BTFSS      PORTC, 0
0x013E	0x2949      	GOTO       L_main54
0x013F	0x301A      	MOVLW      26
0x0140	0x00FC      	MOVWF      R12
0x0141	0x30F8      	MOVLW      248
0x0142	0x00FD      	MOVWF      R13
L_main55:
0x0143	0x0BFD      	DECFSZ     R13, 1
0x0144	0x2943      	GOTO       L_main55
0x0145	0x0BFC      	DECFSZ     R12, 1
0x0146	0x2943      	GOTO       L_main55
0x0147	0x0000      	NOP
0x0148	0x293D      	GOTO       L_main53
L_main54:
;sevensegment.c,63 :: 		i++;
0x0149	0x0AAC      	INCF       main_i_L0, 1
0x014A	0x1903      	BTFSC      STATUS, 2
0x014B	0x0AAD      	INCF       main_i_L0+1, 1
;sevensegment.c,64 :: 		}
L_main52:
;sevensegment.c,66 :: 		if(portc.f1 && i>0){
0x014C	0x1C87      	BTFSS      PORTC, 1
0x014D	0x2969      	GOTO       L_main58
0x014E	0x3080      	MOVLW      128
0x014F	0x00F0      	MOVWF      R0
0x0150	0x3080      	MOVLW      128
0x0151	0x062D      	XORWF      main_i_L0+1, 0
0x0152	0x0270      	SUBWF      R0, 0
0x0153	0x1D03      	BTFSS      STATUS, 2
0x0154	0x2957      	GOTO       L__main334
0x0155	0x082C      	MOVF       main_i_L0, 0
0x0156	0x3C00      	SUBLW      0
L__main334:
0x0157	0x1803      	BTFSC      STATUS, 0
0x0158	0x2969      	GOTO       L_main58
L__main314:
;sevensegment.c,67 :: 		while(portc.f1) delay_ms(10);
L_main59:
0x0159	0x1C87      	BTFSS      PORTC, 1
0x015A	0x2965      	GOTO       L_main60
0x015B	0x301A      	MOVLW      26
0x015C	0x00FC      	MOVWF      R12
0x015D	0x30F8      	MOVLW      248
0x015E	0x00FD      	MOVWF      R13
L_main61:
0x015F	0x0BFD      	DECFSZ     R13, 1
0x0160	0x295F      	GOTO       L_main61
0x0161	0x0BFC      	DECFSZ     R12, 1
0x0162	0x295F      	GOTO       L_main61
0x0163	0x0000      	NOP
0x0164	0x2959      	GOTO       L_main59
L_main60:
;sevensegment.c,68 :: 		i--;
0x0165	0x3001      	MOVLW      1
0x0166	0x02AC      	SUBWF      main_i_L0, 1
0x0167	0x1C03      	BTFSS      STATUS, 0
0x0168	0x03AD      	DECF       main_i_L0+1, 1
;sevensegment.c,69 :: 		}
L_main58:
;sevensegment.c,70 :: 		portb=arr[i];
0x0169	0x082C      	MOVF       main_i_L0, 0
0x016A	0x3E20      	ADDLW      _arr
0x016B	0x0084      	MOVWF      FSR
0x016C	0x0800      	MOVF       INDF, 0
0x016D	0x0086      	MOVWF      PORTB
;sevensegment.c,72 :: 		if(portc.f0 && i<9){
0x016E	0x1C07      	BTFSS      PORTC, 0
0x016F	0x298A      	GOTO       L_main64
0x0170	0x3080      	MOVLW      128
0x0171	0x062D      	XORWF      main_i_L0+1, 0
0x0172	0x00F0      	MOVWF      R0
0x0173	0x3080      	MOVLW      128
0x0174	0x0270      	SUBWF      R0, 0
0x0175	0x1D03      	BTFSS      STATUS, 2
0x0176	0x2979      	GOTO       L__main335
0x0177	0x3009      	MOVLW      9
0x0178	0x022C      	SUBWF      main_i_L0, 0
L__main335:
0x0179	0x1803      	BTFSC      STATUS, 0
0x017A	0x298A      	GOTO       L_main64
L__main313:
;sevensegment.c,73 :: 		while(portc.f0) delay_ms(10);
L_main65:
0x017B	0x1C07      	BTFSS      PORTC, 0
0x017C	0x2987      	GOTO       L_main66
0x017D	0x301A      	MOVLW      26
0x017E	0x00FC      	MOVWF      R12
0x017F	0x30F8      	MOVLW      248
0x0180	0x00FD      	MOVWF      R13
L_main67:
0x0181	0x0BFD      	DECFSZ     R13, 1
0x0182	0x2981      	GOTO       L_main67
0x0183	0x0BFC      	DECFSZ     R12, 1
0x0184	0x2981      	GOTO       L_main67
0x0185	0x0000      	NOP
0x0186	0x297B      	GOTO       L_main65
L_main66:
;sevensegment.c,74 :: 		i++;
0x0187	0x0AAC      	INCF       main_i_L0, 1
0x0188	0x1903      	BTFSC      STATUS, 2
0x0189	0x0AAD      	INCF       main_i_L0+1, 1
;sevensegment.c,75 :: 		}
L_main64:
;sevensegment.c,77 :: 		if(portc.f1 && i>0){
0x018A	0x1C87      	BTFSS      PORTC, 1
0x018B	0x29A7      	GOTO       L_main70
0x018C	0x3080      	MOVLW      128
0x018D	0x00F0      	MOVWF      R0
0x018E	0x3080      	MOVLW      128
0x018F	0x062D      	XORWF      main_i_L0+1, 0
0x0190	0x0270      	SUBWF      R0, 0
0x0191	0x1D03      	BTFSS      STATUS, 2
0x0192	0x2995      	GOTO       L__main336
0x0193	0x082C      	MOVF       main_i_L0, 0
0x0194	0x3C00      	SUBLW      0
L__main336:
0x0195	0x1803      	BTFSC      STATUS, 0
0x0196	0x29A7      	GOTO       L_main70
L__main312:
;sevensegment.c,78 :: 		while(portc.f1) delay_ms(10);
L_main71:
0x0197	0x1C87      	BTFSS      PORTC, 1
0x0198	0x29A3      	GOTO       L_main72
0x0199	0x301A      	MOVLW      26
0x019A	0x00FC      	MOVWF      R12
0x019B	0x30F8      	MOVLW      248
0x019C	0x00FD      	MOVWF      R13
L_main73:
0x019D	0x0BFD      	DECFSZ     R13, 1
0x019E	0x299D      	GOTO       L_main73
0x019F	0x0BFC      	DECFSZ     R12, 1
0x01A0	0x299D      	GOTO       L_main73
0x01A1	0x0000      	NOP
0x01A2	0x2997      	GOTO       L_main71
L_main72:
;sevensegment.c,79 :: 		i--;
0x01A3	0x3001      	MOVLW      1
0x01A4	0x02AC      	SUBWF      main_i_L0, 1
0x01A5	0x1C03      	BTFSS      STATUS, 0
0x01A6	0x03AD      	DECF       main_i_L0+1, 1
;sevensegment.c,80 :: 		}
L_main70:
;sevensegment.c,81 :: 		portb=arr[i];
0x01A7	0x082C      	MOVF       main_i_L0, 0
0x01A8	0x3E20      	ADDLW      _arr
0x01A9	0x0084      	MOVWF      FSR
0x01AA	0x0800      	MOVF       INDF, 0
0x01AB	0x0086      	MOVWF      PORTB
;sevensegment.c,83 :: 		if(portc.f0 && i<9){
0x01AC	0x1C07      	BTFSS      PORTC, 0
0x01AD	0x29C8      	GOTO       L_main76
0x01AE	0x3080      	MOVLW      128
0x01AF	0x062D      	XORWF      main_i_L0+1, 0
0x01B0	0x00F0      	MOVWF      R0
0x01B1	0x3080      	MOVLW      128
0x01B2	0x0270      	SUBWF      R0, 0
0x01B3	0x1D03      	BTFSS      STATUS, 2
0x01B4	0x29B7      	GOTO       L__main337
0x01B5	0x3009      	MOVLW      9
0x01B6	0x022C      	SUBWF      main_i_L0, 0
L__main337:
0x01B7	0x1803      	BTFSC      STATUS, 0
0x01B8	0x29C8      	GOTO       L_main76
L__main311:
;sevensegment.c,84 :: 		while(portc.f0) delay_ms(10);
L_main77:
0x01B9	0x1C07      	BTFSS      PORTC, 0
0x01BA	0x29C5      	GOTO       L_main78
0x01BB	0x301A      	MOVLW      26
0x01BC	0x00FC      	MOVWF      R12
0x01BD	0x30F8      	MOVLW      248
0x01BE	0x00FD      	MOVWF      R13
L_main79:
0x01BF	0x0BFD      	DECFSZ     R13, 1
0x01C0	0x29BF      	GOTO       L_main79
0x01C1	0x0BFC      	DECFSZ     R12, 1
0x01C2	0x29BF      	GOTO       L_main79
0x01C3	0x0000      	NOP
0x01C4	0x29B9      	GOTO       L_main77
L_main78:
;sevensegment.c,85 :: 		i++;
0x01C5	0x0AAC      	INCF       main_i_L0, 1
0x01C6	0x1903      	BTFSC      STATUS, 2
0x01C7	0x0AAD      	INCF       main_i_L0+1, 1
;sevensegment.c,86 :: 		}
L_main76:
;sevensegment.c,88 :: 		if(portc.f1 && i>0){
0x01C8	0x1C87      	BTFSS      PORTC, 1
0x01C9	0x29E5      	GOTO       L_main82
0x01CA	0x3080      	MOVLW      128
0x01CB	0x00F0      	MOVWF      R0
0x01CC	0x3080      	MOVLW      128
0x01CD	0x062D      	XORWF      main_i_L0+1, 0
0x01CE	0x0270      	SUBWF      R0, 0
0x01CF	0x1D03      	BTFSS      STATUS, 2
0x01D0	0x29D3      	GOTO       L__main338
0x01D1	0x082C      	MOVF       main_i_L0, 0
0x01D2	0x3C00      	SUBLW      0
L__main338:
0x01D3	0x1803      	BTFSC      STATUS, 0
0x01D4	0x29E5      	GOTO       L_main82
L__main310:
;sevensegment.c,89 :: 		while(portc.f1) delay_ms(10);
L_main83:
0x01D5	0x1C87      	BTFSS      PORTC, 1
0x01D6	0x29E1      	GOTO       L_main84
0x01D7	0x301A      	MOVLW      26
0x01D8	0x00FC      	MOVWF      R12
0x01D9	0x30F8      	MOVLW      248
0x01DA	0x00FD      	MOVWF      R13
L_main85:
0x01DB	0x0BFD      	DECFSZ     R13, 1
0x01DC	0x29DB      	GOTO       L_main85
0x01DD	0x0BFC      	DECFSZ     R12, 1
0x01DE	0x29DB      	GOTO       L_main85
0x01DF	0x0000      	NOP
0x01E0	0x29D5      	GOTO       L_main83
L_main84:
;sevensegment.c,90 :: 		i--;
0x01E1	0x3001      	MOVLW      1
0x01E2	0x02AC      	SUBWF      main_i_L0, 1
0x01E3	0x1C03      	BTFSS      STATUS, 0
0x01E4	0x03AD      	DECF       main_i_L0+1, 1
;sevensegment.c,91 :: 		}
L_main82:
;sevensegment.c,92 :: 		portb=arr[i];
0x01E5	0x082C      	MOVF       main_i_L0, 0
0x01E6	0x3E20      	ADDLW      _arr
0x01E7	0x0084      	MOVWF      FSR
0x01E8	0x0800      	MOVF       INDF, 0
0x01E9	0x0086      	MOVWF      PORTB
;sevensegment.c,94 :: 		if(portc.f0 && i<9){
0x01EA	0x1C07      	BTFSS      PORTC, 0
0x01EB	0x2A06      	GOTO       L_main88
0x01EC	0x3080      	MOVLW      128
0x01ED	0x062D      	XORWF      main_i_L0+1, 0
0x01EE	0x00F0      	MOVWF      R0
0x01EF	0x3080      	MOVLW      128
0x01F0	0x0270      	SUBWF      R0, 0
0x01F1	0x1D03      	BTFSS      STATUS, 2
0x01F2	0x29F5      	GOTO       L__main339
0x01F3	0x3009      	MOVLW      9
0x01F4	0x022C      	SUBWF      main_i_L0, 0
L__main339:
0x01F5	0x1803      	BTFSC      STATUS, 0
0x01F6	0x2A06      	GOTO       L_main88
L__main309:
;sevensegment.c,95 :: 		while(portc.f0) delay_ms(10);
L_main89:
0x01F7	0x1C07      	BTFSS      PORTC, 0
0x01F8	0x2A03      	GOTO       L_main90
0x01F9	0x301A      	MOVLW      26
0x01FA	0x00FC      	MOVWF      R12
0x01FB	0x30F8      	MOVLW      248
0x01FC	0x00FD      	MOVWF      R13
L_main91:
0x01FD	0x0BFD      	DECFSZ     R13, 1
0x01FE	0x29FD      	GOTO       L_main91
0x01FF	0x0BFC      	DECFSZ     R12, 1
0x0200	0x29FD      	GOTO       L_main91
0x0201	0x0000      	NOP
0x0202	0x29F7      	GOTO       L_main89
L_main90:
;sevensegment.c,96 :: 		i++;
0x0203	0x0AAC      	INCF       main_i_L0, 1
0x0204	0x1903      	BTFSC      STATUS, 2
0x0205	0x0AAD      	INCF       main_i_L0+1, 1
;sevensegment.c,97 :: 		}
L_main88:
;sevensegment.c,99 :: 		if(portc.f1 && i>0){
0x0206	0x1C87      	BTFSS      PORTC, 1
0x0207	0x2A23      	GOTO       L_main94
0x0208	0x3080      	MOVLW      128
0x0209	0x00F0      	MOVWF      R0
0x020A	0x3080      	MOVLW      128
0x020B	0x062D      	XORWF      main_i_L0+1, 0
0x020C	0x0270      	SUBWF      R0, 0
0x020D	0x1D03      	BTFSS      STATUS, 2
0x020E	0x2A11      	GOTO       L__main340
0x020F	0x082C      	MOVF       main_i_L0, 0
0x0210	0x3C00      	SUBLW      0
L__main340:
0x0211	0x1803      	BTFSC      STATUS, 0
0x0212	0x2A23      	GOTO       L_main94
L__main308:
;sevensegment.c,100 :: 		while(portc.f1) delay_ms(10);
L_main95:
0x0213	0x1C87      	BTFSS      PORTC, 1
0x0214	0x2A1F      	GOTO       L_main96
0x0215	0x301A      	MOVLW      26
0x0216	0x00FC      	MOVWF      R12
0x0217	0x30F8      	MOVLW      248
0x0218	0x00FD      	MOVWF      R13
L_main97:
0x0219	0x0BFD      	DECFSZ     R13, 1
0x021A	0x2A19      	GOTO       L_main97
0x021B	0x0BFC      	DECFSZ     R12, 1
0x021C	0x2A19      	GOTO       L_main97
0x021D	0x0000      	NOP
0x021E	0x2A13      	GOTO       L_main95
L_main96:
;sevensegment.c,101 :: 		i--;
0x021F	0x3001      	MOVLW      1
0x0220	0x02AC      	SUBWF      main_i_L0, 1
0x0221	0x1C03      	BTFSS      STATUS, 0
0x0222	0x03AD      	DECF       main_i_L0+1, 1
;sevensegment.c,102 :: 		}
L_main94:
;sevensegment.c,103 :: 		portb=arr[i];
0x0223	0x082C      	MOVF       main_i_L0, 0
0x0224	0x3E20      	ADDLW      _arr
0x0225	0x0084      	MOVWF      FSR
0x0226	0x0800      	MOVF       INDF, 0
0x0227	0x0086      	MOVWF      PORTB
;sevensegment.c,105 :: 		if(portc.f0 && i<9){
0x0228	0x1C07      	BTFSS      PORTC, 0
0x0229	0x2A44      	GOTO       L_main100
0x022A	0x3080      	MOVLW      128
0x022B	0x062D      	XORWF      main_i_L0+1, 0
0x022C	0x00F0      	MOVWF      R0
0x022D	0x3080      	MOVLW      128
0x022E	0x0270      	SUBWF      R0, 0
0x022F	0x1D03      	BTFSS      STATUS, 2
0x0230	0x2A33      	GOTO       L__main341
0x0231	0x3009      	MOVLW      9
0x0232	0x022C      	SUBWF      main_i_L0, 0
L__main341:
0x0233	0x1803      	BTFSC      STATUS, 0
0x0234	0x2A44      	GOTO       L_main100
L__main307:
;sevensegment.c,106 :: 		while(portc.f0) delay_ms(10);
L_main101:
0x0235	0x1C07      	BTFSS      PORTC, 0
0x0236	0x2A41      	GOTO       L_main102
0x0237	0x301A      	MOVLW      26
0x0238	0x00FC      	MOVWF      R12
0x0239	0x30F8      	MOVLW      248
0x023A	0x00FD      	MOVWF      R13
L_main103:
0x023B	0x0BFD      	DECFSZ     R13, 1
0x023C	0x2A3B      	GOTO       L_main103
0x023D	0x0BFC      	DECFSZ     R12, 1
0x023E	0x2A3B      	GOTO       L_main103
0x023F	0x0000      	NOP
0x0240	0x2A35      	GOTO       L_main101
L_main102:
;sevensegment.c,107 :: 		i++;
0x0241	0x0AAC      	INCF       main_i_L0, 1
0x0242	0x1903      	BTFSC      STATUS, 2
0x0243	0x0AAD      	INCF       main_i_L0+1, 1
;sevensegment.c,108 :: 		}
L_main100:
;sevensegment.c,110 :: 		if(portc.f1 && i>0){
0x0244	0x1C87      	BTFSS      PORTC, 1
0x0245	0x2A61      	GOTO       L_main106
0x0246	0x3080      	MOVLW      128
0x0247	0x00F0      	MOVWF      R0
0x0248	0x3080      	MOVLW      128
0x0249	0x062D      	XORWF      main_i_L0+1, 0
0x024A	0x0270      	SUBWF      R0, 0
0x024B	0x1D03      	BTFSS      STATUS, 2
0x024C	0x2A4F      	GOTO       L__main342
0x024D	0x082C      	MOVF       main_i_L0, 0
0x024E	0x3C00      	SUBLW      0
L__main342:
0x024F	0x1803      	BTFSC      STATUS, 0
0x0250	0x2A61      	GOTO       L_main106
L__main306:
;sevensegment.c,111 :: 		while(portc.f1) delay_ms(10);
L_main107:
0x0251	0x1C87      	BTFSS      PORTC, 1
0x0252	0x2A5D      	GOTO       L_main108
0x0253	0x301A      	MOVLW      26
0x0254	0x00FC      	MOVWF      R12
0x0255	0x30F8      	MOVLW      248
0x0256	0x00FD      	MOVWF      R13
L_main109:
0x0257	0x0BFD      	DECFSZ     R13, 1
0x0258	0x2A57      	GOTO       L_main109
0x0259	0x0BFC      	DECFSZ     R12, 1
0x025A	0x2A57      	GOTO       L_main109
0x025B	0x0000      	NOP
0x025C	0x2A51      	GOTO       L_main107
L_main108:
;sevensegment.c,112 :: 		i--;
0x025D	0x3001      	MOVLW      1
0x025E	0x02AC      	SUBWF      main_i_L0, 1
0x025F	0x1C03      	BTFSS      STATUS, 0
0x0260	0x03AD      	DECF       main_i_L0+1, 1
;sevensegment.c,113 :: 		}
L_main106:
;sevensegment.c,114 :: 		portb=arr[i];
0x0261	0x082C      	MOVF       main_i_L0, 0
0x0262	0x3E20      	ADDLW      _arr
0x0263	0x0084      	MOVWF      FSR
0x0264	0x0800      	MOVF       INDF, 0
0x0265	0x0086      	MOVWF      PORTB
;sevensegment.c,116 :: 		if(portc.f0 && i<9){
0x0266	0x1C07      	BTFSS      PORTC, 0
0x0267	0x2A82      	GOTO       L_main112
0x0268	0x3080      	MOVLW      128
0x0269	0x062D      	XORWF      main_i_L0+1, 0
0x026A	0x00F0      	MOVWF      R0
0x026B	0x3080      	MOVLW      128
0x026C	0x0270      	SUBWF      R0, 0
0x026D	0x1D03      	BTFSS      STATUS, 2
0x026E	0x2A71      	GOTO       L__main343
0x026F	0x3009      	MOVLW      9
0x0270	0x022C      	SUBWF      main_i_L0, 0
L__main343:
0x0271	0x1803      	BTFSC      STATUS, 0
0x0272	0x2A82      	GOTO       L_main112
L__main305:
;sevensegment.c,117 :: 		while(portc.f0) delay_ms(10);
L_main113:
0x0273	0x1C07      	BTFSS      PORTC, 0
0x0274	0x2A7F      	GOTO       L_main114
0x0275	0x301A      	MOVLW      26
0x0276	0x00FC      	MOVWF      R12
0x0277	0x30F8      	MOVLW      248
0x0278	0x00FD      	MOVWF      R13
L_main115:
0x0279	0x0BFD      	DECFSZ     R13, 1
0x027A	0x2A79      	GOTO       L_main115
0x027B	0x0BFC      	DECFSZ     R12, 1
0x027C	0x2A79      	GOTO       L_main115
0x027D	0x0000      	NOP
0x027E	0x2A73      	GOTO       L_main113
L_main114:
;sevensegment.c,118 :: 		i++;
0x027F	0x0AAC      	INCF       main_i_L0, 1
0x0280	0x1903      	BTFSC      STATUS, 2
0x0281	0x0AAD      	INCF       main_i_L0+1, 1
;sevensegment.c,119 :: 		}
L_main112:
;sevensegment.c,121 :: 		if(portc.f1 && i>0){
0x0282	0x1C87      	BTFSS      PORTC, 1
0x0283	0x2A9F      	GOTO       L_main118
0x0284	0x3080      	MOVLW      128
0x0285	0x00F0      	MOVWF      R0
0x0286	0x3080      	MOVLW      128
0x0287	0x062D      	XORWF      main_i_L0+1, 0
0x0288	0x0270      	SUBWF      R0, 0
0x0289	0x1D03      	BTFSS      STATUS, 2
0x028A	0x2A8D      	GOTO       L__main344
0x028B	0x082C      	MOVF       main_i_L0, 0
0x028C	0x3C00      	SUBLW      0
L__main344:
0x028D	0x1803      	BTFSC      STATUS, 0
0x028E	0x2A9F      	GOTO       L_main118
L__main304:
;sevensegment.c,122 :: 		while(portc.f1) delay_ms(10);
L_main119:
0x028F	0x1C87      	BTFSS      PORTC, 1
0x0290	0x2A9B      	GOTO       L_main120
0x0291	0x301A      	MOVLW      26
0x0292	0x00FC      	MOVWF      R12
0x0293	0x30F8      	MOVLW      248
0x0294	0x00FD      	MOVWF      R13
L_main121:
0x0295	0x0BFD      	DECFSZ     R13, 1
0x0296	0x2A95      	GOTO       L_main121
0x0297	0x0BFC      	DECFSZ     R12, 1
0x0298	0x2A95      	GOTO       L_main121
0x0299	0x0000      	NOP
0x029A	0x2A8F      	GOTO       L_main119
L_main120:
;sevensegment.c,123 :: 		i--;
0x029B	0x3001      	MOVLW      1
0x029C	0x02AC      	SUBWF      main_i_L0, 1
0x029D	0x1C03      	BTFSS      STATUS, 0
0x029E	0x03AD      	DECF       main_i_L0+1, 1
;sevensegment.c,124 :: 		}
L_main118:
;sevensegment.c,125 :: 		portb=arr[i];
0x029F	0x082C      	MOVF       main_i_L0, 0
0x02A0	0x3E20      	ADDLW      _arr
0x02A1	0x0084      	MOVWF      FSR
0x02A2	0x0800      	MOVF       INDF, 0
0x02A3	0x0086      	MOVWF      PORTB
;sevensegment.c,127 :: 		if(portc.f0 && i<9){
0x02A4	0x1C07      	BTFSS      PORTC, 0
0x02A5	0x2AC0      	GOTO       L_main124
0x02A6	0x3080      	MOVLW      128
0x02A7	0x062D      	XORWF      main_i_L0+1, 0
0x02A8	0x00F0      	MOVWF      R0
0x02A9	0x3080      	MOVLW      128
0x02AA	0x0270      	SUBWF      R0, 0
0x02AB	0x1D03      	BTFSS      STATUS, 2
0x02AC	0x2AAF      	GOTO       L__main345
0x02AD	0x3009      	MOVLW      9
0x02AE	0x022C      	SUBWF      main_i_L0, 0
L__main345:
0x02AF	0x1803      	BTFSC      STATUS, 0
0x02B0	0x2AC0      	GOTO       L_main124
L__main303:
;sevensegment.c,128 :: 		while(portc.f0) delay_ms(10);
L_main125:
0x02B1	0x1C07      	BTFSS      PORTC, 0
0x02B2	0x2ABD      	GOTO       L_main126
0x02B3	0x301A      	MOVLW      26
0x02B4	0x00FC      	MOVWF      R12
0x02B5	0x30F8      	MOVLW      248
0x02B6	0x00FD      	MOVWF      R13
L_main127:
0x02B7	0x0BFD      	DECFSZ     R13, 1
0x02B8	0x2AB7      	GOTO       L_main127
0x02B9	0x0BFC      	DECFSZ     R12, 1
0x02BA	0x2AB7      	GOTO       L_main127
0x02BB	0x0000      	NOP
0x02BC	0x2AB1      	GOTO       L_main125
L_main126:
;sevensegment.c,129 :: 		i++;
0x02BD	0x0AAC      	INCF       main_i_L0, 1
0x02BE	0x1903      	BTFSC      STATUS, 2
0x02BF	0x0AAD      	INCF       main_i_L0+1, 1
;sevensegment.c,130 :: 		}
L_main124:
;sevensegment.c,132 :: 		if(portc.f1 && i>0){
0x02C0	0x1C87      	BTFSS      PORTC, 1
0x02C1	0x2ADD      	GOTO       L_main130
0x02C2	0x3080      	MOVLW      128
0x02C3	0x00F0      	MOVWF      R0
0x02C4	0x3080      	MOVLW      128
0x02C5	0x062D      	XORWF      main_i_L0+1, 0
0x02C6	0x0270      	SUBWF      R0, 0
0x02C7	0x1D03      	BTFSS      STATUS, 2
0x02C8	0x2ACB      	GOTO       L__main346
0x02C9	0x082C      	MOVF       main_i_L0, 0
0x02CA	0x3C00      	SUBLW      0
L__main346:
0x02CB	0x1803      	BTFSC      STATUS, 0
0x02CC	0x2ADD      	GOTO       L_main130
L__main302:
;sevensegment.c,133 :: 		while(portc.f1) delay_ms(10);
L_main131:
0x02CD	0x1C87      	BTFSS      PORTC, 1
0x02CE	0x2AD9      	GOTO       L_main132
0x02CF	0x301A      	MOVLW      26
0x02D0	0x00FC      	MOVWF      R12
0x02D1	0x30F8      	MOVLW      248
0x02D2	0x00FD      	MOVWF      R13
L_main133:
0x02D3	0x0BFD      	DECFSZ     R13, 1
0x02D4	0x2AD3      	GOTO       L_main133
0x02D5	0x0BFC      	DECFSZ     R12, 1
0x02D6	0x2AD3      	GOTO       L_main133
0x02D7	0x0000      	NOP
0x02D8	0x2ACD      	GOTO       L_main131
L_main132:
;sevensegment.c,134 :: 		i--;
0x02D9	0x3001      	MOVLW      1
0x02DA	0x02AC      	SUBWF      main_i_L0, 1
0x02DB	0x1C03      	BTFSS      STATUS, 0
0x02DC	0x03AD      	DECF       main_i_L0+1, 1
;sevensegment.c,135 :: 		}
L_main130:
;sevensegment.c,136 :: 		portb=arr[i];
0x02DD	0x082C      	MOVF       main_i_L0, 0
0x02DE	0x3E20      	ADDLW      _arr
0x02DF	0x0084      	MOVWF      FSR
0x02E0	0x0800      	MOVF       INDF, 0
0x02E1	0x0086      	MOVWF      PORTB
;sevensegment.c,138 :: 		if(portc.f0 && i<9){
0x02E2	0x1C07      	BTFSS      PORTC, 0
0x02E3	0x2AFE      	GOTO       L_main136
0x02E4	0x3080      	MOVLW      128
0x02E5	0x062D      	XORWF      main_i_L0+1, 0
0x02E6	0x00F0      	MOVWF      R0
0x02E7	0x3080      	MOVLW      128
0x02E8	0x0270      	SUBWF      R0, 0
0x02E9	0x1D03      	BTFSS      STATUS, 2
0x02EA	0x2AED      	GOTO       L__main347
0x02EB	0x3009      	MOVLW      9
0x02EC	0x022C      	SUBWF      main_i_L0, 0
L__main347:
0x02ED	0x1803      	BTFSC      STATUS, 0
0x02EE	0x2AFE      	GOTO       L_main136
L__main301:
;sevensegment.c,139 :: 		while(portc.f0) delay_ms(10);
L_main137:
0x02EF	0x1C07      	BTFSS      PORTC, 0
0x02F0	0x2AFB      	GOTO       L_main138
0x02F1	0x301A      	MOVLW      26
0x02F2	0x00FC      	MOVWF      R12
0x02F3	0x30F8      	MOVLW      248
0x02F4	0x00FD      	MOVWF      R13
L_main139:
0x02F5	0x0BFD      	DECFSZ     R13, 1
0x02F6	0x2AF5      	GOTO       L_main139
0x02F7	0x0BFC      	DECFSZ     R12, 1
0x02F8	0x2AF5      	GOTO       L_main139
0x02F9	0x0000      	NOP
0x02FA	0x2AEF      	GOTO       L_main137
L_main138:
;sevensegment.c,140 :: 		i++;
0x02FB	0x0AAC      	INCF       main_i_L0, 1
0x02FC	0x1903      	BTFSC      STATUS, 2
0x02FD	0x0AAD      	INCF       main_i_L0+1, 1
;sevensegment.c,141 :: 		}
L_main136:
;sevensegment.c,143 :: 		if(portc.f1 && i>0){
0x02FE	0x1C87      	BTFSS      PORTC, 1
0x02FF	0x2B1B      	GOTO       L_main142
0x0300	0x3080      	MOVLW      128
0x0301	0x00F0      	MOVWF      R0
0x0302	0x3080      	MOVLW      128
0x0303	0x062D      	XORWF      main_i_L0+1, 0
0x0304	0x0270      	SUBWF      R0, 0
0x0305	0x1D03      	BTFSS      STATUS, 2
0x0306	0x2B09      	GOTO       L__main348
0x0307	0x082C      	MOVF       main_i_L0, 0
0x0308	0x3C00      	SUBLW      0
L__main348:
0x0309	0x1803      	BTFSC      STATUS, 0
0x030A	0x2B1B      	GOTO       L_main142
L__main300:
;sevensegment.c,144 :: 		while(portc.f1) delay_ms(10);
L_main143:
0x030B	0x1C87      	BTFSS      PORTC, 1
0x030C	0x2B17      	GOTO       L_main144
0x030D	0x301A      	MOVLW      26
0x030E	0x00FC      	MOVWF      R12
0x030F	0x30F8      	MOVLW      248
0x0310	0x00FD      	MOVWF      R13
L_main145:
0x0311	0x0BFD      	DECFSZ     R13, 1
0x0312	0x2B11      	GOTO       L_main145
0x0313	0x0BFC      	DECFSZ     R12, 1
0x0314	0x2B11      	GOTO       L_main145
0x0315	0x0000      	NOP
0x0316	0x2B0B      	GOTO       L_main143
L_main144:
;sevensegment.c,145 :: 		i--;
0x0317	0x3001      	MOVLW      1
0x0318	0x02AC      	SUBWF      main_i_L0, 1
0x0319	0x1C03      	BTFSS      STATUS, 0
0x031A	0x03AD      	DECF       main_i_L0+1, 1
;sevensegment.c,146 :: 		}
L_main142:
;sevensegment.c,147 :: 		portb=arr[i];
0x031B	0x082C      	MOVF       main_i_L0, 0
0x031C	0x3E20      	ADDLW      _arr
0x031D	0x0084      	MOVWF      FSR
0x031E	0x0800      	MOVF       INDF, 0
0x031F	0x0086      	MOVWF      PORTB
;sevensegment.c,149 :: 		if(portc.f0 && i<9){
0x0320	0x1C07      	BTFSS      PORTC, 0
0x0321	0x2B3C      	GOTO       L_main148
0x0322	0x3080      	MOVLW      128
0x0323	0x062D      	XORWF      main_i_L0+1, 0
0x0324	0x00F0      	MOVWF      R0
0x0325	0x3080      	MOVLW      128
0x0326	0x0270      	SUBWF      R0, 0
0x0327	0x1D03      	BTFSS      STATUS, 2
0x0328	0x2B2B      	GOTO       L__main349
0x0329	0x3009      	MOVLW      9
0x032A	0x022C      	SUBWF      main_i_L0, 0
L__main349:
0x032B	0x1803      	BTFSC      STATUS, 0
0x032C	0x2B3C      	GOTO       L_main148
L__main299:
;sevensegment.c,150 :: 		while(portc.f0) delay_ms(10);
L_main149:
0x032D	0x1C07      	BTFSS      PORTC, 0
0x032E	0x2B39      	GOTO       L_main150
0x032F	0x301A      	MOVLW      26
0x0330	0x00FC      	MOVWF      R12
0x0331	0x30F8      	MOVLW      248
0x0332	0x00FD      	MOVWF      R13
L_main151:
0x0333	0x0BFD      	DECFSZ     R13, 1
0x0334	0x2B33      	GOTO       L_main151
0x0335	0x0BFC      	DECFSZ     R12, 1
0x0336	0x2B33      	GOTO       L_main151
0x0337	0x0000      	NOP
0x0338	0x2B2D      	GOTO       L_main149
L_main150:
;sevensegment.c,151 :: 		i++;
0x0339	0x0AAC      	INCF       main_i_L0, 1
0x033A	0x1903      	BTFSC      STATUS, 2
0x033B	0x0AAD      	INCF       main_i_L0+1, 1
;sevensegment.c,152 :: 		}
L_main148:
;sevensegment.c,154 :: 		if(portc.f1 && i>0){
0x033C	0x1C87      	BTFSS      PORTC, 1
0x033D	0x2B59      	GOTO       L_main154
0x033E	0x3080      	MOVLW      128
0x033F	0x00F0      	MOVWF      R0
0x0340	0x3080      	MOVLW      128
0x0341	0x062D      	XORWF      main_i_L0+1, 0
0x0342	0x0270      	SUBWF      R0, 0
0x0343	0x1D03      	BTFSS      STATUS, 2
0x0344	0x2B47      	GOTO       L__main350
0x0345	0x082C      	MOVF       main_i_L0, 0
0x0346	0x3C00      	SUBLW      0
L__main350:
0x0347	0x1803      	BTFSC      STATUS, 0
0x0348	0x2B59      	GOTO       L_main154
L__main298:
;sevensegment.c,155 :: 		while(portc.f1) delay_ms(10);
L_main155:
0x0349	0x1C87      	BTFSS      PORTC, 1
0x034A	0x2B55      	GOTO       L_main156
0x034B	0x301A      	MOVLW      26
0x034C	0x00FC      	MOVWF      R12
0x034D	0x30F8      	MOVLW      248
0x034E	0x00FD      	MOVWF      R13
L_main157:
0x034F	0x0BFD      	DECFSZ     R13, 1
0x0350	0x2B4F      	GOTO       L_main157
0x0351	0x0BFC      	DECFSZ     R12, 1
0x0352	0x2B4F      	GOTO       L_main157
0x0353	0x0000      	NOP
0x0354	0x2B49      	GOTO       L_main155
L_main156:
;sevensegment.c,156 :: 		i--;
0x0355	0x3001      	MOVLW      1
0x0356	0x02AC      	SUBWF      main_i_L0, 1
0x0357	0x1C03      	BTFSS      STATUS, 0
0x0358	0x03AD      	DECF       main_i_L0+1, 1
;sevensegment.c,157 :: 		}
L_main154:
;sevensegment.c,158 :: 		portb=arr[i];
0x0359	0x082C      	MOVF       main_i_L0, 0
0x035A	0x3E20      	ADDLW      _arr
0x035B	0x0084      	MOVWF      FSR
0x035C	0x0800      	MOVF       INDF, 0
0x035D	0x0086      	MOVWF      PORTB
;sevensegment.c,160 :: 		if(portc.f0 && i<9){
0x035E	0x1C07      	BTFSS      PORTC, 0
0x035F	0x2B7A      	GOTO       L_main160
0x0360	0x3080      	MOVLW      128
0x0361	0x062D      	XORWF      main_i_L0+1, 0
0x0362	0x00F0      	MOVWF      R0
0x0363	0x3080      	MOVLW      128
0x0364	0x0270      	SUBWF      R0, 0
0x0365	0x1D03      	BTFSS      STATUS, 2
0x0366	0x2B69      	GOTO       L__main351
0x0367	0x3009      	MOVLW      9
0x0368	0x022C      	SUBWF      main_i_L0, 0
L__main351:
0x0369	0x1803      	BTFSC      STATUS, 0
0x036A	0x2B7A      	GOTO       L_main160
L__main297:
;sevensegment.c,161 :: 		while(portc.f0) delay_ms(10);
L_main161:
0x036B	0x1C07      	BTFSS      PORTC, 0
0x036C	0x2B77      	GOTO       L_main162
0x036D	0x301A      	MOVLW      26
0x036E	0x00FC      	MOVWF      R12
0x036F	0x30F8      	MOVLW      248
0x0370	0x00FD      	MOVWF      R13
L_main163:
0x0371	0x0BFD      	DECFSZ     R13, 1
0x0372	0x2B71      	GOTO       L_main163
0x0373	0x0BFC      	DECFSZ     R12, 1
0x0374	0x2B71      	GOTO       L_main163
0x0375	0x0000      	NOP
0x0376	0x2B6B      	GOTO       L_main161
L_main162:
;sevensegment.c,162 :: 		i++;
0x0377	0x0AAC      	INCF       main_i_L0, 1
0x0378	0x1903      	BTFSC      STATUS, 2
0x0379	0x0AAD      	INCF       main_i_L0+1, 1
;sevensegment.c,163 :: 		}
L_main160:
;sevensegment.c,165 :: 		if(portc.f1 && i>0){
0x037A	0x1C87      	BTFSS      PORTC, 1
0x037B	0x2B97      	GOTO       L_main166
0x037C	0x3080      	MOVLW      128
0x037D	0x00F0      	MOVWF      R0
0x037E	0x3080      	MOVLW      128
0x037F	0x062D      	XORWF      main_i_L0+1, 0
0x0380	0x0270      	SUBWF      R0, 0
0x0381	0x1D03      	BTFSS      STATUS, 2
0x0382	0x2B85      	GOTO       L__main352
0x0383	0x082C      	MOVF       main_i_L0, 0
0x0384	0x3C00      	SUBLW      0
L__main352:
0x0385	0x1803      	BTFSC      STATUS, 0
0x0386	0x2B97      	GOTO       L_main166
L__main296:
;sevensegment.c,166 :: 		while(portc.f1) delay_ms(10);
L_main167:
0x0387	0x1C87      	BTFSS      PORTC, 1
0x0388	0x2B93      	GOTO       L_main168
0x0389	0x301A      	MOVLW      26
0x038A	0x00FC      	MOVWF      R12
0x038B	0x30F8      	MOVLW      248
0x038C	0x00FD      	MOVWF      R13
L_main169:
0x038D	0x0BFD      	DECFSZ     R13, 1
0x038E	0x2B8D      	GOTO       L_main169
0x038F	0x0BFC      	DECFSZ     R12, 1
0x0390	0x2B8D      	GOTO       L_main169
0x0391	0x0000      	NOP
0x0392	0x2B87      	GOTO       L_main167
L_main168:
;sevensegment.c,167 :: 		i--;
0x0393	0x3001      	MOVLW      1
0x0394	0x02AC      	SUBWF      main_i_L0, 1
0x0395	0x1C03      	BTFSS      STATUS, 0
0x0396	0x03AD      	DECF       main_i_L0+1, 1
;sevensegment.c,168 :: 		}
L_main166:
;sevensegment.c,169 :: 		portb=arr[i];
0x0397	0x082C      	MOVF       main_i_L0, 0
0x0398	0x3E20      	ADDLW      _arr
0x0399	0x0084      	MOVWF      FSR
0x039A	0x0800      	MOVF       INDF, 0
0x039B	0x0086      	MOVWF      PORTB
;sevensegment.c,171 :: 		if(portc.f0 && i<9){
0x039C	0x1C07      	BTFSS      PORTC, 0
0x039D	0x2BB8      	GOTO       L_main172
0x039E	0x3080      	MOVLW      128
0x039F	0x062D      	XORWF      main_i_L0+1, 0
0x03A0	0x00F0      	MOVWF      R0
0x03A1	0x3080      	MOVLW      128
0x03A2	0x0270      	SUBWF      R0, 0
0x03A3	0x1D03      	BTFSS      STATUS, 2
0x03A4	0x2BA7      	GOTO       L__main353
0x03A5	0x3009      	MOVLW      9
0x03A6	0x022C      	SUBWF      main_i_L0, 0
L__main353:
0x03A7	0x1803      	BTFSC      STATUS, 0
0x03A8	0x2BB8      	GOTO       L_main172
L__main295:
;sevensegment.c,172 :: 		while(portc.f0) delay_ms(10);
L_main173:
0x03A9	0x1C07      	BTFSS      PORTC, 0
0x03AA	0x2BB5      	GOTO       L_main174
0x03AB	0x301A      	MOVLW      26
0x03AC	0x00FC      	MOVWF      R12
0x03AD	0x30F8      	MOVLW      248
0x03AE	0x00FD      	MOVWF      R13
L_main175:
0x03AF	0x0BFD      	DECFSZ     R13, 1
0x03B0	0x2BAF      	GOTO       L_main175
0x03B1	0x0BFC      	DECFSZ     R12, 1
0x03B2	0x2BAF      	GOTO       L_main175
0x03B3	0x0000      	NOP
0x03B4	0x2BA9      	GOTO       L_main173
L_main174:
;sevensegment.c,173 :: 		i++;
0x03B5	0x0AAC      	INCF       main_i_L0, 1
0x03B6	0x1903      	BTFSC      STATUS, 2
0x03B7	0x0AAD      	INCF       main_i_L0+1, 1
;sevensegment.c,174 :: 		}
L_main172:
;sevensegment.c,176 :: 		if(portc.f1 && i>0){
0x03B8	0x1C87      	BTFSS      PORTC, 1
0x03B9	0x2BD5      	GOTO       L_main178
0x03BA	0x3080      	MOVLW      128
0x03BB	0x00F0      	MOVWF      R0
0x03BC	0x3080      	MOVLW      128
0x03BD	0x062D      	XORWF      main_i_L0+1, 0
0x03BE	0x0270      	SUBWF      R0, 0
0x03BF	0x1D03      	BTFSS      STATUS, 2
0x03C0	0x2BC3      	GOTO       L__main354
0x03C1	0x082C      	MOVF       main_i_L0, 0
0x03C2	0x3C00      	SUBLW      0
L__main354:
0x03C3	0x1803      	BTFSC      STATUS, 0
0x03C4	0x2BD5      	GOTO       L_main178
L__main294:
;sevensegment.c,177 :: 		while(portc.f1) delay_ms(10);
L_main179:
0x03C5	0x1C87      	BTFSS      PORTC, 1
0x03C6	0x2BD1      	GOTO       L_main180
0x03C7	0x301A      	MOVLW      26
0x03C8	0x00FC      	MOVWF      R12
0x03C9	0x30F8      	MOVLW      248
0x03CA	0x00FD      	MOVWF      R13
L_main181:
0x03CB	0x0BFD      	DECFSZ     R13, 1
0x03CC	0x2BCB      	GOTO       L_main181
0x03CD	0x0BFC      	DECFSZ     R12, 1
0x03CE	0x2BCB      	GOTO       L_main181
0x03CF	0x0000      	NOP
0x03D0	0x2BC5      	GOTO       L_main179
L_main180:
;sevensegment.c,178 :: 		i--;
0x03D1	0x3001      	MOVLW      1
0x03D2	0x02AC      	SUBWF      main_i_L0, 1
0x03D3	0x1C03      	BTFSS      STATUS, 0
0x03D4	0x03AD      	DECF       main_i_L0+1, 1
;sevensegment.c,179 :: 		}
L_main178:
;sevensegment.c,180 :: 		portb=arr[i];
0x03D5	0x082C      	MOVF       main_i_L0, 0
0x03D6	0x3E20      	ADDLW      _arr
0x03D7	0x0084      	MOVWF      FSR
0x03D8	0x0800      	MOVF       INDF, 0
0x03D9	0x0086      	MOVWF      PORTB
;sevensegment.c,182 :: 		if(portc.f0 && i<9){
0x03DA	0x1C07      	BTFSS      PORTC, 0
0x03DB	0x2BF6      	GOTO       L_main184
0x03DC	0x3080      	MOVLW      128
0x03DD	0x062D      	XORWF      main_i_L0+1, 0
0x03DE	0x00F0      	MOVWF      R0
0x03DF	0x3080      	MOVLW      128
0x03E0	0x0270      	SUBWF      R0, 0
0x03E1	0x1D03      	BTFSS      STATUS, 2
0x03E2	0x2BE5      	GOTO       L__main355
0x03E3	0x3009      	MOVLW      9
0x03E4	0x022C      	SUBWF      main_i_L0, 0
L__main355:
0x03E5	0x1803      	BTFSC      STATUS, 0
0x03E6	0x2BF6      	GOTO       L_main184
L__main293:
;sevensegment.c,183 :: 		while(portc.f0) delay_ms(10);
L_main185:
0x03E7	0x1C07      	BTFSS      PORTC, 0
0x03E8	0x2BF3      	GOTO       L_main186
0x03E9	0x301A      	MOVLW      26
0x03EA	0x00FC      	MOVWF      R12
0x03EB	0x30F8      	MOVLW      248
0x03EC	0x00FD      	MOVWF      R13
L_main187:
0x03ED	0x0BFD      	DECFSZ     R13, 1
0x03EE	0x2BED      	GOTO       L_main187
0x03EF	0x0BFC      	DECFSZ     R12, 1
0x03F0	0x2BED      	GOTO       L_main187
0x03F1	0x0000      	NOP
0x03F2	0x2BE7      	GOTO       L_main185
L_main186:
;sevensegment.c,184 :: 		i++;
0x03F3	0x0AAC      	INCF       main_i_L0, 1
0x03F4	0x1903      	BTFSC      STATUS, 2
0x03F5	0x0AAD      	INCF       main_i_L0+1, 1
;sevensegment.c,185 :: 		}
L_main184:
;sevensegment.c,187 :: 		if(portc.f1 && i>0){
0x03F6	0x1C87      	BTFSS      PORTC, 1
0x03F7	0x2C13      	GOTO       L_main190
0x03F8	0x3080      	MOVLW      128
0x03F9	0x00F0      	MOVWF      R0
0x03FA	0x3080      	MOVLW      128
0x03FB	0x062D      	XORWF      main_i_L0+1, 0
0x03FC	0x0270      	SUBWF      R0, 0
0x03FD	0x1D03      	BTFSS      STATUS, 2
0x03FE	0x2C01      	GOTO       L__main356
0x03FF	0x082C      	MOVF       main_i_L0, 0
0x0400	0x3C00      	SUBLW      0
L__main356:
0x0401	0x1803      	BTFSC      STATUS, 0
0x0402	0x2C13      	GOTO       L_main190
L__main292:
;sevensegment.c,188 :: 		while(portc.f1) delay_ms(10);
L_main191:
0x0403	0x1C87      	BTFSS      PORTC, 1
0x0404	0x2C0F      	GOTO       L_main192
0x0405	0x301A      	MOVLW      26
0x0406	0x00FC      	MOVWF      R12
0x0407	0x30F8      	MOVLW      248
0x0408	0x00FD      	MOVWF      R13
L_main193:
0x0409	0x0BFD      	DECFSZ     R13, 1
0x040A	0x2C09      	GOTO       L_main193
0x040B	0x0BFC      	DECFSZ     R12, 1
0x040C	0x2C09      	GOTO       L_main193
0x040D	0x0000      	NOP
0x040E	0x2C03      	GOTO       L_main191
L_main192:
;sevensegment.c,189 :: 		i--;
0x040F	0x3001      	MOVLW      1
0x0410	0x02AC      	SUBWF      main_i_L0, 1
0x0411	0x1C03      	BTFSS      STATUS, 0
0x0412	0x03AD      	DECF       main_i_L0+1, 1
;sevensegment.c,190 :: 		}
L_main190:
;sevensegment.c,191 :: 		portb=arr[i];
0x0413	0x082C      	MOVF       main_i_L0, 0
0x0414	0x3E20      	ADDLW      _arr
0x0415	0x0084      	MOVWF      FSR
0x0416	0x0800      	MOVF       INDF, 0
0x0417	0x0086      	MOVWF      PORTB
;sevensegment.c,193 :: 		if(portc.f0 && i<9){
0x0418	0x1C07      	BTFSS      PORTC, 0
0x0419	0x2C34      	GOTO       L_main196
0x041A	0x3080      	MOVLW      128
0x041B	0x062D      	XORWF      main_i_L0+1, 0
0x041C	0x00F0      	MOVWF      R0
0x041D	0x3080      	MOVLW      128
0x041E	0x0270      	SUBWF      R0, 0
0x041F	0x1D03      	BTFSS      STATUS, 2
0x0420	0x2C23      	GOTO       L__main357
0x0421	0x3009      	MOVLW      9
0x0422	0x022C      	SUBWF      main_i_L0, 0
L__main357:
0x0423	0x1803      	BTFSC      STATUS, 0
0x0424	0x2C34      	GOTO       L_main196
L__main291:
;sevensegment.c,194 :: 		while(portc.f0) delay_ms(10);
L_main197:
0x0425	0x1C07      	BTFSS      PORTC, 0
0x0426	0x2C31      	GOTO       L_main198
0x0427	0x301A      	MOVLW      26
0x0428	0x00FC      	MOVWF      R12
0x0429	0x30F8      	MOVLW      248
0x042A	0x00FD      	MOVWF      R13
L_main199:
0x042B	0x0BFD      	DECFSZ     R13, 1
0x042C	0x2C2B      	GOTO       L_main199
0x042D	0x0BFC      	DECFSZ     R12, 1
0x042E	0x2C2B      	GOTO       L_main199
0x042F	0x0000      	NOP
0x0430	0x2C25      	GOTO       L_main197
L_main198:
;sevensegment.c,195 :: 		i++;
0x0431	0x0AAC      	INCF       main_i_L0, 1
0x0432	0x1903      	BTFSC      STATUS, 2
0x0433	0x0AAD      	INCF       main_i_L0+1, 1
;sevensegment.c,196 :: 		}
L_main196:
;sevensegment.c,198 :: 		if(portc.f1 && i>0){
0x0434	0x1C87      	BTFSS      PORTC, 1
0x0435	0x2C51      	GOTO       L_main202
0x0436	0x3080      	MOVLW      128
0x0437	0x00F0      	MOVWF      R0
0x0438	0x3080      	MOVLW      128
0x0439	0x062D      	XORWF      main_i_L0+1, 0
0x043A	0x0270      	SUBWF      R0, 0
0x043B	0x1D03      	BTFSS      STATUS, 2
0x043C	0x2C3F      	GOTO       L__main358
0x043D	0x082C      	MOVF       main_i_L0, 0
0x043E	0x3C00      	SUBLW      0
L__main358:
0x043F	0x1803      	BTFSC      STATUS, 0
0x0440	0x2C51      	GOTO       L_main202
L__main290:
;sevensegment.c,199 :: 		while(portc.f1) delay_ms(10);
L_main203:
0x0441	0x1C87      	BTFSS      PORTC, 1
0x0442	0x2C4D      	GOTO       L_main204
0x0443	0x301A      	MOVLW      26
0x0444	0x00FC      	MOVWF      R12
0x0445	0x30F8      	MOVLW      248
0x0446	0x00FD      	MOVWF      R13
L_main205:
0x0447	0x0BFD      	DECFSZ     R13, 1
0x0448	0x2C47      	GOTO       L_main205
0x0449	0x0BFC      	DECFSZ     R12, 1
0x044A	0x2C47      	GOTO       L_main205
0x044B	0x0000      	NOP
0x044C	0x2C41      	GOTO       L_main203
L_main204:
;sevensegment.c,200 :: 		i--;
0x044D	0x3001      	MOVLW      1
0x044E	0x02AC      	SUBWF      main_i_L0, 1
0x044F	0x1C03      	BTFSS      STATUS, 0
0x0450	0x03AD      	DECF       main_i_L0+1, 1
;sevensegment.c,201 :: 		}
L_main202:
;sevensegment.c,202 :: 		portb=arr[i];
0x0451	0x082C      	MOVF       main_i_L0, 0
0x0452	0x3E20      	ADDLW      _arr
0x0453	0x0084      	MOVWF      FSR
0x0454	0x0800      	MOVF       INDF, 0
0x0455	0x0086      	MOVWF      PORTB
;sevensegment.c,204 :: 		if(portc.f0 && i<9){
0x0456	0x1C07      	BTFSS      PORTC, 0
0x0457	0x2C72      	GOTO       L_main208
0x0458	0x3080      	MOVLW      128
0x0459	0x062D      	XORWF      main_i_L0+1, 0
0x045A	0x00F0      	MOVWF      R0
0x045B	0x3080      	MOVLW      128
0x045C	0x0270      	SUBWF      R0, 0
0x045D	0x1D03      	BTFSS      STATUS, 2
0x045E	0x2C61      	GOTO       L__main359
0x045F	0x3009      	MOVLW      9
0x0460	0x022C      	SUBWF      main_i_L0, 0
L__main359:
0x0461	0x1803      	BTFSC      STATUS, 0
0x0462	0x2C72      	GOTO       L_main208
L__main289:
;sevensegment.c,205 :: 		while(portc.f0) delay_ms(10);
L_main209:
0x0463	0x1C07      	BTFSS      PORTC, 0
0x0464	0x2C6F      	GOTO       L_main210
0x0465	0x301A      	MOVLW      26
0x0466	0x00FC      	MOVWF      R12
0x0467	0x30F8      	MOVLW      248
0x0468	0x00FD      	MOVWF      R13
L_main211:
0x0469	0x0BFD      	DECFSZ     R13, 1
0x046A	0x2C69      	GOTO       L_main211
0x046B	0x0BFC      	DECFSZ     R12, 1
0x046C	0x2C69      	GOTO       L_main211
0x046D	0x0000      	NOP
0x046E	0x2C63      	GOTO       L_main209
L_main210:
;sevensegment.c,206 :: 		i++;
0x046F	0x0AAC      	INCF       main_i_L0, 1
0x0470	0x1903      	BTFSC      STATUS, 2
0x0471	0x0AAD      	INCF       main_i_L0+1, 1
;sevensegment.c,207 :: 		}
L_main208:
;sevensegment.c,209 :: 		if(portc.f1 && i>0){
0x0472	0x1C87      	BTFSS      PORTC, 1
0x0473	0x2C8F      	GOTO       L_main214
0x0474	0x3080      	MOVLW      128
0x0475	0x00F0      	MOVWF      R0
0x0476	0x3080      	MOVLW      128
0x0477	0x062D      	XORWF      main_i_L0+1, 0
0x0478	0x0270      	SUBWF      R0, 0
0x0479	0x1D03      	BTFSS      STATUS, 2
0x047A	0x2C7D      	GOTO       L__main360
0x047B	0x082C      	MOVF       main_i_L0, 0
0x047C	0x3C00      	SUBLW      0
L__main360:
0x047D	0x1803      	BTFSC      STATUS, 0
0x047E	0x2C8F      	GOTO       L_main214
L__main288:
;sevensegment.c,210 :: 		while(portc.f1) delay_ms(10);
L_main215:
0x047F	0x1C87      	BTFSS      PORTC, 1
0x0480	0x2C8B      	GOTO       L_main216
0x0481	0x301A      	MOVLW      26
0x0482	0x00FC      	MOVWF      R12
0x0483	0x30F8      	MOVLW      248
0x0484	0x00FD      	MOVWF      R13
L_main217:
0x0485	0x0BFD      	DECFSZ     R13, 1
0x0486	0x2C85      	GOTO       L_main217
0x0487	0x0BFC      	DECFSZ     R12, 1
0x0488	0x2C85      	GOTO       L_main217
0x0489	0x0000      	NOP
0x048A	0x2C7F      	GOTO       L_main215
L_main216:
;sevensegment.c,211 :: 		i--;
0x048B	0x3001      	MOVLW      1
0x048C	0x02AC      	SUBWF      main_i_L0, 1
0x048D	0x1C03      	BTFSS      STATUS, 0
0x048E	0x03AD      	DECF       main_i_L0+1, 1
;sevensegment.c,212 :: 		}
L_main214:
;sevensegment.c,213 :: 		portb=arr[i];
0x048F	0x082C      	MOVF       main_i_L0, 0
0x0490	0x3E20      	ADDLW      _arr
0x0491	0x0084      	MOVWF      FSR
0x0492	0x0800      	MOVF       INDF, 0
0x0493	0x0086      	MOVWF      PORTB
;sevensegment.c,215 :: 		if(portc.f0 && i<9){
0x0494	0x1C07      	BTFSS      PORTC, 0
0x0495	0x2CB0      	GOTO       L_main220
0x0496	0x3080      	MOVLW      128
0x0497	0x062D      	XORWF      main_i_L0+1, 0
0x0498	0x00F0      	MOVWF      R0
0x0499	0x3080      	MOVLW      128
0x049A	0x0270      	SUBWF      R0, 0
0x049B	0x1D03      	BTFSS      STATUS, 2
0x049C	0x2C9F      	GOTO       L__main361
0x049D	0x3009      	MOVLW      9
0x049E	0x022C      	SUBWF      main_i_L0, 0
L__main361:
0x049F	0x1803      	BTFSC      STATUS, 0
0x04A0	0x2CB0      	GOTO       L_main220
L__main287:
;sevensegment.c,216 :: 		while(portc.f0) delay_ms(10);
L_main221:
0x04A1	0x1C07      	BTFSS      PORTC, 0
0x04A2	0x2CAD      	GOTO       L_main222
0x04A3	0x301A      	MOVLW      26
0x04A4	0x00FC      	MOVWF      R12
0x04A5	0x30F8      	MOVLW      248
0x04A6	0x00FD      	MOVWF      R13
L_main223:
0x04A7	0x0BFD      	DECFSZ     R13, 1
0x04A8	0x2CA7      	GOTO       L_main223
0x04A9	0x0BFC      	DECFSZ     R12, 1
0x04AA	0x2CA7      	GOTO       L_main223
0x04AB	0x0000      	NOP
0x04AC	0x2CA1      	GOTO       L_main221
L_main222:
;sevensegment.c,217 :: 		i++;
0x04AD	0x0AAC      	INCF       main_i_L0, 1
0x04AE	0x1903      	BTFSC      STATUS, 2
0x04AF	0x0AAD      	INCF       main_i_L0+1, 1
;sevensegment.c,218 :: 		}
L_main220:
;sevensegment.c,220 :: 		if(portc.f1 && i>0){
0x04B0	0x1C87      	BTFSS      PORTC, 1
0x04B1	0x2CCD      	GOTO       L_main226
0x04B2	0x3080      	MOVLW      128
0x04B3	0x00F0      	MOVWF      R0
0x04B4	0x3080      	MOVLW      128
0x04B5	0x062D      	XORWF      main_i_L0+1, 0
0x04B6	0x0270      	SUBWF      R0, 0
0x04B7	0x1D03      	BTFSS      STATUS, 2
0x04B8	0x2CBB      	GOTO       L__main362
0x04B9	0x082C      	MOVF       main_i_L0, 0
0x04BA	0x3C00      	SUBLW      0
L__main362:
0x04BB	0x1803      	BTFSC      STATUS, 0
0x04BC	0x2CCD      	GOTO       L_main226
L__main286:
;sevensegment.c,221 :: 		while(portc.f1) delay_ms(10);
L_main227:
0x04BD	0x1C87      	BTFSS      PORTC, 1
0x04BE	0x2CC9      	GOTO       L_main228
0x04BF	0x301A      	MOVLW      26
0x04C0	0x00FC      	MOVWF      R12
0x04C1	0x30F8      	MOVLW      248
0x04C2	0x00FD      	MOVWF      R13
L_main229:
0x04C3	0x0BFD      	DECFSZ     R13, 1
0x04C4	0x2CC3      	GOTO       L_main229
0x04C5	0x0BFC      	DECFSZ     R12, 1
0x04C6	0x2CC3      	GOTO       L_main229
0x04C7	0x0000      	NOP
0x04C8	0x2CBD      	GOTO       L_main227
L_main228:
;sevensegment.c,222 :: 		i--;
0x04C9	0x3001      	MOVLW      1
0x04CA	0x02AC      	SUBWF      main_i_L0, 1
0x04CB	0x1C03      	BTFSS      STATUS, 0
0x04CC	0x03AD      	DECF       main_i_L0+1, 1
;sevensegment.c,223 :: 		}
L_main226:
;sevensegment.c,224 :: 		portb=arr[i];
0x04CD	0x082C      	MOVF       main_i_L0, 0
0x04CE	0x3E20      	ADDLW      _arr
0x04CF	0x0084      	MOVWF      FSR
0x04D0	0x0800      	MOVF       INDF, 0
0x04D1	0x0086      	MOVWF      PORTB
;sevensegment.c,226 :: 		if(portc.f0 && i<9){
0x04D2	0x1C07      	BTFSS      PORTC, 0
0x04D3	0x2CEE      	GOTO       L_main232
0x04D4	0x3080      	MOVLW      128
0x04D5	0x062D      	XORWF      main_i_L0+1, 0
0x04D6	0x00F0      	MOVWF      R0
0x04D7	0x3080      	MOVLW      128
0x04D8	0x0270      	SUBWF      R0, 0
0x04D9	0x1D03      	BTFSS      STATUS, 2
0x04DA	0x2CDD      	GOTO       L__main363
0x04DB	0x3009      	MOVLW      9
0x04DC	0x022C      	SUBWF      main_i_L0, 0
L__main363:
0x04DD	0x1803      	BTFSC      STATUS, 0
0x04DE	0x2CEE      	GOTO       L_main232
L__main285:
;sevensegment.c,227 :: 		while(portc.f0) delay_ms(10);
L_main233:
0x04DF	0x1C07      	BTFSS      PORTC, 0
0x04E0	0x2CEB      	GOTO       L_main234
0x04E1	0x301A      	MOVLW      26
0x04E2	0x00FC      	MOVWF      R12
0x04E3	0x30F8      	MOVLW      248
0x04E4	0x00FD      	MOVWF      R13
L_main235:
0x04E5	0x0BFD      	DECFSZ     R13, 1
0x04E6	0x2CE5      	GOTO       L_main235
0x04E7	0x0BFC      	DECFSZ     R12, 1
0x04E8	0x2CE5      	GOTO       L_main235
0x04E9	0x0000      	NOP
0x04EA	0x2CDF      	GOTO       L_main233
L_main234:
;sevensegment.c,228 :: 		i++;
0x04EB	0x0AAC      	INCF       main_i_L0, 1
0x04EC	0x1903      	BTFSC      STATUS, 2
0x04ED	0x0AAD      	INCF       main_i_L0+1, 1
;sevensegment.c,229 :: 		}
L_main232:
;sevensegment.c,231 :: 		if(portc.f1 && i>0){
0x04EE	0x1C87      	BTFSS      PORTC, 1
0x04EF	0x2D0B      	GOTO       L_main238
0x04F0	0x3080      	MOVLW      128
0x04F1	0x00F0      	MOVWF      R0
0x04F2	0x3080      	MOVLW      128
0x04F3	0x062D      	XORWF      main_i_L0+1, 0
0x04F4	0x0270      	SUBWF      R0, 0
0x04F5	0x1D03      	BTFSS      STATUS, 2
0x04F6	0x2CF9      	GOTO       L__main364
0x04F7	0x082C      	MOVF       main_i_L0, 0
0x04F8	0x3C00      	SUBLW      0
L__main364:
0x04F9	0x1803      	BTFSC      STATUS, 0
0x04FA	0x2D0B      	GOTO       L_main238
L__main284:
;sevensegment.c,232 :: 		while(portc.f1) delay_ms(10);
L_main239:
0x04FB	0x1C87      	BTFSS      PORTC, 1
0x04FC	0x2D07      	GOTO       L_main240
0x04FD	0x301A      	MOVLW      26
0x04FE	0x00FC      	MOVWF      R12
0x04FF	0x30F8      	MOVLW      248
0x0500	0x00FD      	MOVWF      R13
L_main241:
0x0501	0x0BFD      	DECFSZ     R13, 1
0x0502	0x2D01      	GOTO       L_main241
0x0503	0x0BFC      	DECFSZ     R12, 1
0x0504	0x2D01      	GOTO       L_main241
0x0505	0x0000      	NOP
0x0506	0x2CFB      	GOTO       L_main239
L_main240:
;sevensegment.c,233 :: 		i--;
0x0507	0x3001      	MOVLW      1
0x0508	0x02AC      	SUBWF      main_i_L0, 1
0x0509	0x1C03      	BTFSS      STATUS, 0
0x050A	0x03AD      	DECF       main_i_L0+1, 1
;sevensegment.c,234 :: 		}
L_main238:
;sevensegment.c,235 :: 		portb=arr[i];
0x050B	0x082C      	MOVF       main_i_L0, 0
0x050C	0x3E20      	ADDLW      _arr
0x050D	0x0084      	MOVWF      FSR
0x050E	0x0800      	MOVF       INDF, 0
0x050F	0x0086      	MOVWF      PORTB
;sevensegment.c,237 :: 		if(portc.f0 && i<9){
0x0510	0x1C07      	BTFSS      PORTC, 0
0x0511	0x2D2C      	GOTO       L_main244
0x0512	0x3080      	MOVLW      128
0x0513	0x062D      	XORWF      main_i_L0+1, 0
0x0514	0x00F0      	MOVWF      R0
0x0515	0x3080      	MOVLW      128
0x0516	0x0270      	SUBWF      R0, 0
0x0517	0x1D03      	BTFSS      STATUS, 2
0x0518	0x2D1B      	GOTO       L__main365
0x0519	0x3009      	MOVLW      9
0x051A	0x022C      	SUBWF      main_i_L0, 0
L__main365:
0x051B	0x1803      	BTFSC      STATUS, 0
0x051C	0x2D2C      	GOTO       L_main244
L__main283:
;sevensegment.c,238 :: 		while(portc.f0) delay_ms(10);
L_main245:
0x051D	0x1C07      	BTFSS      PORTC, 0
0x051E	0x2D29      	GOTO       L_main246
0x051F	0x301A      	MOVLW      26
0x0520	0x00FC      	MOVWF      R12
0x0521	0x30F8      	MOVLW      248
0x0522	0x00FD      	MOVWF      R13
L_main247:
0x0523	0x0BFD      	DECFSZ     R13, 1
0x0524	0x2D23      	GOTO       L_main247
0x0525	0x0BFC      	DECFSZ     R12, 1
0x0526	0x2D23      	GOTO       L_main247
0x0527	0x0000      	NOP
0x0528	0x2D1D      	GOTO       L_main245
L_main246:
;sevensegment.c,239 :: 		i++;
0x0529	0x0AAC      	INCF       main_i_L0, 1
0x052A	0x1903      	BTFSC      STATUS, 2
0x052B	0x0AAD      	INCF       main_i_L0+1, 1
;sevensegment.c,240 :: 		}
L_main244:
;sevensegment.c,242 :: 		if(portc.f1 && i>0){
0x052C	0x1C87      	BTFSS      PORTC, 1
0x052D	0x2D49      	GOTO       L_main250
0x052E	0x3080      	MOVLW      128
0x052F	0x00F0      	MOVWF      R0
0x0530	0x3080      	MOVLW      128
0x0531	0x062D      	XORWF      main_i_L0+1, 0
0x0532	0x0270      	SUBWF      R0, 0
0x0533	0x1D03      	BTFSS      STATUS, 2
0x0534	0x2D37      	GOTO       L__main366
0x0535	0x082C      	MOVF       main_i_L0, 0
0x0536	0x3C00      	SUBLW      0
L__main366:
0x0537	0x1803      	BTFSC      STATUS, 0
0x0538	0x2D49      	GOTO       L_main250
L__main282:
;sevensegment.c,243 :: 		while(portc.f1) delay_ms(10);
L_main251:
0x0539	0x1C87      	BTFSS      PORTC, 1
0x053A	0x2D45      	GOTO       L_main252
0x053B	0x301A      	MOVLW      26
0x053C	0x00FC      	MOVWF      R12
0x053D	0x30F8      	MOVLW      248
0x053E	0x00FD      	MOVWF      R13
L_main253:
0x053F	0x0BFD      	DECFSZ     R13, 1
0x0540	0x2D3F      	GOTO       L_main253
0x0541	0x0BFC      	DECFSZ     R12, 1
0x0542	0x2D3F      	GOTO       L_main253
0x0543	0x0000      	NOP
0x0544	0x2D39      	GOTO       L_main251
L_main252:
;sevensegment.c,244 :: 		i--;
0x0545	0x3001      	MOVLW      1
0x0546	0x02AC      	SUBWF      main_i_L0, 1
0x0547	0x1C03      	BTFSS      STATUS, 0
0x0548	0x03AD      	DECF       main_i_L0+1, 1
;sevensegment.c,245 :: 		}
L_main250:
;sevensegment.c,246 :: 		portb=arr[i];
0x0549	0x082C      	MOVF       main_i_L0, 0
0x054A	0x3E20      	ADDLW      _arr
0x054B	0x0084      	MOVWF      FSR
0x054C	0x0800      	MOVF       INDF, 0
0x054D	0x0086      	MOVWF      PORTB
;sevensegment.c,248 :: 		if(portc.f0 && i<9){
0x054E	0x1C07      	BTFSS      PORTC, 0
0x054F	0x2D6A      	GOTO       L_main256
0x0550	0x3080      	MOVLW      128
0x0551	0x062D      	XORWF      main_i_L0+1, 0
0x0552	0x00F0      	MOVWF      R0
0x0553	0x3080      	MOVLW      128
0x0554	0x0270      	SUBWF      R0, 0
0x0555	0x1D03      	BTFSS      STATUS, 2
0x0556	0x2D59      	GOTO       L__main367
0x0557	0x3009      	MOVLW      9
0x0558	0x022C      	SUBWF      main_i_L0, 0
L__main367:
0x0559	0x1803      	BTFSC      STATUS, 0
0x055A	0x2D6A      	GOTO       L_main256
L__main281:
;sevensegment.c,249 :: 		while(portc.f0) delay_ms(10);
L_main257:
0x055B	0x1C07      	BTFSS      PORTC, 0
0x055C	0x2D67      	GOTO       L_main258
0x055D	0x301A      	MOVLW      26
0x055E	0x00FC      	MOVWF      R12
0x055F	0x30F8      	MOVLW      248
0x0560	0x00FD      	MOVWF      R13
L_main259:
0x0561	0x0BFD      	DECFSZ     R13, 1
0x0562	0x2D61      	GOTO       L_main259
0x0563	0x0BFC      	DECFSZ     R12, 1
0x0564	0x2D61      	GOTO       L_main259
0x0565	0x0000      	NOP
0x0566	0x2D5B      	GOTO       L_main257
L_main258:
;sevensegment.c,250 :: 		i++;
0x0567	0x0AAC      	INCF       main_i_L0, 1
0x0568	0x1903      	BTFSC      STATUS, 2
0x0569	0x0AAD      	INCF       main_i_L0+1, 1
;sevensegment.c,251 :: 		}
L_main256:
;sevensegment.c,253 :: 		if(portc.f1 && i>0){
0x056A	0x1C87      	BTFSS      PORTC, 1
0x056B	0x2D87      	GOTO       L_main262
0x056C	0x3080      	MOVLW      128
0x056D	0x00F0      	MOVWF      R0
0x056E	0x3080      	MOVLW      128
0x056F	0x062D      	XORWF      main_i_L0+1, 0
0x0570	0x0270      	SUBWF      R0, 0
0x0571	0x1D03      	BTFSS      STATUS, 2
0x0572	0x2D75      	GOTO       L__main368
0x0573	0x082C      	MOVF       main_i_L0, 0
0x0574	0x3C00      	SUBLW      0
L__main368:
0x0575	0x1803      	BTFSC      STATUS, 0
0x0576	0x2D87      	GOTO       L_main262
L__main280:
;sevensegment.c,254 :: 		while(portc.f1) delay_ms(10);
L_main263:
0x0577	0x1C87      	BTFSS      PORTC, 1
0x0578	0x2D83      	GOTO       L_main264
0x0579	0x301A      	MOVLW      26
0x057A	0x00FC      	MOVWF      R12
0x057B	0x30F8      	MOVLW      248
0x057C	0x00FD      	MOVWF      R13
L_main265:
0x057D	0x0BFD      	DECFSZ     R13, 1
0x057E	0x2D7D      	GOTO       L_main265
0x057F	0x0BFC      	DECFSZ     R12, 1
0x0580	0x2D7D      	GOTO       L_main265
0x0581	0x0000      	NOP
0x0582	0x2D77      	GOTO       L_main263
L_main264:
;sevensegment.c,255 :: 		i--;
0x0583	0x3001      	MOVLW      1
0x0584	0x02AC      	SUBWF      main_i_L0, 1
0x0585	0x1C03      	BTFSS      STATUS, 0
0x0586	0x03AD      	DECF       main_i_L0+1, 1
;sevensegment.c,256 :: 		}
L_main262:
;sevensegment.c,257 :: 		portb=arr[i];
0x0587	0x082C      	MOVF       main_i_L0, 0
0x0588	0x3E20      	ADDLW      _arr
0x0589	0x0084      	MOVWF      FSR
0x058A	0x0800      	MOVF       INDF, 0
0x058B	0x0086      	MOVWF      PORTB
;sevensegment.c,259 :: 		if(portc.f0 && i<9){
0x058C	0x1C07      	BTFSS      PORTC, 0
0x058D	0x2DA8      	GOTO       L_main268
0x058E	0x3080      	MOVLW      128
0x058F	0x062D      	XORWF      main_i_L0+1, 0
0x0590	0x00F0      	MOVWF      R0
0x0591	0x3080      	MOVLW      128
0x0592	0x0270      	SUBWF      R0, 0
0x0593	0x1D03      	BTFSS      STATUS, 2
0x0594	0x2D97      	GOTO       L__main369
0x0595	0x3009      	MOVLW      9
0x0596	0x022C      	SUBWF      main_i_L0, 0
L__main369:
0x0597	0x1803      	BTFSC      STATUS, 0
0x0598	0x2DA8      	GOTO       L_main268
L__main279:
;sevensegment.c,260 :: 		while(portc.f0) delay_ms(10);
L_main269:
0x0599	0x1C07      	BTFSS      PORTC, 0
0x059A	0x2DA5      	GOTO       L_main270
0x059B	0x301A      	MOVLW      26
0x059C	0x00FC      	MOVWF      R12
0x059D	0x30F8      	MOVLW      248
0x059E	0x00FD      	MOVWF      R13
L_main271:
0x059F	0x0BFD      	DECFSZ     R13, 1
0x05A0	0x2D9F      	GOTO       L_main271
0x05A1	0x0BFC      	DECFSZ     R12, 1
0x05A2	0x2D9F      	GOTO       L_main271
0x05A3	0x0000      	NOP
0x05A4	0x2D99      	GOTO       L_main269
L_main270:
;sevensegment.c,261 :: 		i++;
0x05A5	0x0AAC      	INCF       main_i_L0, 1
0x05A6	0x1903      	BTFSC      STATUS, 2
0x05A7	0x0AAD      	INCF       main_i_L0+1, 1
;sevensegment.c,262 :: 		}
L_main268:
;sevensegment.c,264 :: 		if(portc.f1 && i>0){
0x05A8	0x1C87      	BTFSS      PORTC, 1
0x05A9	0x2DC5      	GOTO       L_main274
0x05AA	0x3080      	MOVLW      128
0x05AB	0x00F0      	MOVWF      R0
0x05AC	0x3080      	MOVLW      128
0x05AD	0x062D      	XORWF      main_i_L0+1, 0
0x05AE	0x0270      	SUBWF      R0, 0
0x05AF	0x1D03      	BTFSS      STATUS, 2
0x05B0	0x2DB3      	GOTO       L__main370
0x05B1	0x082C      	MOVF       main_i_L0, 0
0x05B2	0x3C00      	SUBLW      0
L__main370:
0x05B3	0x1803      	BTFSC      STATUS, 0
0x05B4	0x2DC5      	GOTO       L_main274
L__main278:
;sevensegment.c,265 :: 		while(portc.f1) delay_ms(10);
L_main275:
0x05B5	0x1C87      	BTFSS      PORTC, 1
0x05B6	0x2DC1      	GOTO       L_main276
0x05B7	0x301A      	MOVLW      26
0x05B8	0x00FC      	MOVWF      R12
0x05B9	0x30F8      	MOVLW      248
0x05BA	0x00FD      	MOVWF      R13
L_main277:
0x05BB	0x0BFD      	DECFSZ     R13, 1
0x05BC	0x2DBB      	GOTO       L_main277
0x05BD	0x0BFC      	DECFSZ     R12, 1
0x05BE	0x2DBB      	GOTO       L_main277
0x05BF	0x0000      	NOP
0x05C0	0x2DB5      	GOTO       L_main275
L_main276:
;sevensegment.c,266 :: 		i--;
0x05C1	0x3001      	MOVLW      1
0x05C2	0x02AC      	SUBWF      main_i_L0, 1
0x05C3	0x1C03      	BTFSS      STATUS, 0
0x05C4	0x03AD      	DECF       main_i_L0+1, 1
;sevensegment.c,267 :: 		}
L_main274:
;sevensegment.c,268 :: 		portb=arr[i];
0x05C5	0x082C      	MOVF       main_i_L0, 0
0x05C6	0x3E20      	ADDLW      _arr
0x05C7	0x0084      	MOVWF      FSR
0x05C8	0x0800      	MOVF       INDF, 0
0x05C9	0x0086      	MOVWF      PORTB
;sevensegment.c,270 :: 		}
0x05CA	0x2838      	GOTO       L_main0
;sevensegment.c,271 :: 		}
L_end_main:
0x05CB	0x2DCB      	GOTO       $+0
; end of _main
Symbol List:
//** Routines locations **
//ADDRESS    SIZE    PROCEDURE
//----------------------------------------------
0x0003       [7]    _____DoICP
0x000A      [12]    ___CC2DW
0x0016    [1462]    _main
//** Variables locations ** 
//ADDRESS    SIZE    VARIABLE
//----------------------------------------------
0x0000       [1]    INDF
0x0002       [1]    PCL
0x0003       [1]    STATUS
0x0004       [1]    FSR
0x0006       [1]    PORTB
0x0007       [1]    PORTC
0x000A       [1]    PCLATH
0x0020      [10]    _arr
0x002A       [2]    ___DoICPAddr
0x002C       [2]    main_i_L0
0x0070       [1]    R0
0x0071       [1]    R1
0x0072       [1]    R2
0x0073       [1]    R3
0x0074       [1]    R4
0x0075       [1]    R5
0x0076       [1]    R6
0x0077       [1]    R7
0x0078       [1]    R8
0x0079       [1]    R9
0x007A       [1]    R10
0x007B       [1]    R11
0x007C       [1]    R12
0x007D       [1]    R13
0x007E       [1]    R14
0x007F       [1]    R15
0x0086       [1]    TRISB
0x0087       [1]    TRISC
